        -:    0:Source:/usr/include/c++/15/bits/basic_string.h
        -:    0:Graph:build-cov/tests/unit/CMakeFiles/sdk_core_tests.dir/__/__/sdks/core/src/sdk.cc.gcno
        -:    0:Data:build-cov/tests/unit/CMakeFiles/sdk_core_tests.dir/__/__/sdks/core/src/sdk.cc.gcda
        -:    0:Runs:1
        -:    1:// Components for manipulating sequences of characters -*- C++ -*-
        -:    2:
        -:    3:// Copyright (C) 1997-2025 Free Software Foundation, Inc.
        -:    4://
        -:    5:// This file is part of the GNU ISO C++ Library.  This library is free
        -:    6:// software; you can redistribute it and/or modify it under the
        -:    7:// terms of the GNU General Public License as published by the
        -:    8:// Free Software Foundation; either version 3, or (at your option)
        -:    9:// any later version.
        -:   10:
        -:   11:// This library is distributed in the hope that it will be useful,
        -:   12:// but WITHOUT ANY WARRANTY; without even the implied warranty of
        -:   13:// MERCHANTABILITY or FITNESS FOR A PARTICULAR PURPOSE.  See the
        -:   14:// GNU General Public License for more details.
        -:   15:
        -:   16:// Under Section 7 of GPL version 3, you are granted additional
        -:   17:// permissions described in the GCC Runtime Library Exception, version
        -:   18:// 3.1, as published by the Free Software Foundation.
        -:   19:
        -:   20:// You should have received a copy of the GNU General Public License and
        -:   21:// a copy of the GCC Runtime Library Exception along with this program;
        -:   22:// see the files COPYING3 and COPYING.RUNTIME respectively.  If not, see
        -:   23:// <http://www.gnu.org/licenses/>.
        -:   24:
        -:   25:/** @file bits/basic_string.h
        -:   26: *  This is an internal header file, included by other library headers.
        -:   27: *  Do not attempt to use it directly. @headername{string}
        -:   28: */
        -:   29:
        -:   30://
        -:   31:// ISO C++ 14882: 21 Strings library
        -:   32://
        -:   33:
        -:   34:#ifndef _BASIC_STRING_H
        -:   35:#define _BASIC_STRING_H 1
        -:   36:
        -:   37:#ifdef _GLIBCXX_SYSHDR
        -:   38:#pragma GCC system_header
        -:   39:#endif
        -:   40:
        -:   41:#include <ext/alloc_traits.h>
        -:   42:#include <debug/debug.h>
        -:   43:
        -:   44:#if __cplusplus >= 201103L
        -:   45:#include <initializer_list>
        -:   46:#endif
        -:   47:
        -:   48:#include <bits/version.h>
        -:   49:
        -:   50:#ifdef __glibcxx_string_view // >= C++17
        -:   51:# include <string_view>
        -:   52:#endif
        -:   53:
        -:   54:#if __glibcxx_containers_ranges // C++ >= 23
        -:   55:# include <bits/ranges_algobase.h>      // ranges::copy
        -:   56:# include <bits/ranges_util.h>          // ranges::subrange
        -:   57:#endif
        -:   58:
        -:   59:#if __cplusplus > 202302L
        -:   60:# include <charconv>
        -:   61:#endif
        -:   62:
        -:   63:
        -:   64:#if ! _GLIBCXX_USE_CXX11_ABI
        -:   65:# include "cow_string.h"
        -:   66:#else
        -:   67:
        -:   68:namespace std _GLIBCXX_VISIBILITY(default)
        -:   69:{
        -:   70:_GLIBCXX_BEGIN_NAMESPACE_VERSION
        -:   71:_GLIBCXX_BEGIN_NAMESPACE_CXX11
        -:   72:
        -:   73:  /**
        -:   74:   *  @class basic_string basic_string.h <string>
        -:   75:   *  @brief  Managing sequences of characters and character-like objects.
        -:   76:   *
        -:   77:   *  @ingroup strings
        -:   78:   *  @ingroup sequences
        -:   79:   *  @headerfile string
        -:   80:   *  @since C++98
        -:   81:   *
        -:   82:   *  @tparam _CharT  Type of character
        -:   83:   *  @tparam _Traits  Traits for character type, defaults to
        -:   84:   *                   char_traits<_CharT>.
        -:   85:   *  @tparam _Alloc  Allocator type, defaults to allocator<_CharT>.
        -:   86:   *
        -:   87:   *  Meets the requirements of a <a href="tables.html#65">container</a>, a
        -:   88:   *  <a href="tables.html#66">reversible container</a>, and a
        -:   89:   *  <a href="tables.html#67">sequence</a>.  Of the
        -:   90:   *  <a href="tables.html#68">optional sequence requirements</a>, only
        -:   91:   *  @c push_back, @c at, and @c %array access are supported.
        -:   92:   */
        -:   93:  template<typename _CharT, typename _Traits, typename _Alloc>
        -:   94:    class basic_string
        -:   95:    {
        -:   96:#if __cplusplus >= 202002L
        -:   97:      static_assert(is_trivially_copyable_v<_CharT>
        -:   98:	  && is_trivially_default_constructible_v<_CharT>
        -:   99:	  && is_standard_layout_v<_CharT>);
        -:  100:      static_assert(is_same_v<_CharT, typename _Traits::char_type>);
        -:  101:      static_assert(is_same_v<_CharT, typename _Alloc::value_type>);
        -:  102:      using _Char_alloc_type = _Alloc;
        -:  103:#else
        -:  104:      typedef typename __gnu_cxx::__alloc_traits<_Alloc>::template
        -:  105:	rebind<_CharT>::other _Char_alloc_type;
        -:  106:#endif
        -:  107:
        -:  108:      typedef __gnu_cxx::__alloc_traits<_Char_alloc_type> _Alloc_traits;
        -:  109:
        -:  110:      // Types:
        -:  111:    public:
        -:  112:      typedef _Traits					traits_type;
        -:  113:      typedef typename _Traits::char_type		value_type;
        -:  114:      typedef _Char_alloc_type				allocator_type;
        -:  115:      typedef typename _Alloc_traits::size_type		size_type;
        -:  116:      typedef typename _Alloc_traits::difference_type	difference_type;
        -:  117:      typedef typename _Alloc_traits::reference		reference;
        -:  118:      typedef typename _Alloc_traits::const_reference	const_reference;
        -:  119:      typedef typename _Alloc_traits::pointer		pointer;
        -:  120:      typedef typename _Alloc_traits::const_pointer	const_pointer;
        -:  121:      typedef __gnu_cxx::__normal_iterator<pointer, basic_string>  iterator;
        -:  122:      typedef __gnu_cxx::__normal_iterator<const_pointer, basic_string>
        -:  123:							const_iterator;
        -:  124:      typedef std::reverse_iterator<const_iterator>	const_reverse_iterator;
        -:  125:      typedef std::reverse_iterator<iterator>		reverse_iterator;
        -:  126:
        -:  127:      ///  Value returned by various member functions when they fail.
        -:  128:      static const size_type	npos = static_cast<size_type>(-1);
        -:  129:
        -:  130:    protected:
        -:  131:      // type used for positions in insert, erase etc.
        -:  132:#if __cplusplus < 201103L
        -:  133:      typedef iterator __const_iterator;
        -:  134:#else
        -:  135:      typedef const_iterator __const_iterator;
        -:  136:#endif
        -:  137:
        -:  138:    private:
        -:  139:      static _GLIBCXX20_CONSTEXPR pointer
    #####:  140:      _S_allocate(_Char_alloc_type& __a, size_type __n)
        -:  141:      {
    #####:  142:	pointer __p = _Alloc_traits::allocate(__a, __n);
        -:  143:#if __glibcxx_constexpr_string >= 201907L
        -:  144:	// std::char_traits begins the lifetime of characters,
        -:  145:	// but custom traits might not, so do it here.
        -:  146:	if constexpr (!is_same_v<_Traits, char_traits<_CharT>>)
        -:  147:	  if (std::__is_constant_evaluated())
        -:  148:	    // Begin the lifetime of characters in allocated storage.
        -:  149:	    for (size_type __i = 0; __i < __n; ++__i)
        -:  150:	      std::construct_at(__builtin_addressof(__p[__i]));
        -:  151:#endif
    #####:  152:	return __p;
        -:  153:      }
        -:  154:
        -:  155:#ifdef __glibcxx_string_view // >= C++17
        -:  156:      // A helper type for avoiding boiler-plate.
        -:  157:      typedef basic_string_view<_CharT, _Traits> __sv_type;
        -:  158:
        -:  159:      template<typename _Tp, typename _Res>
        -:  160:	using _If_sv = enable_if_t<
        -:  161:	  __and_<is_convertible<const _Tp&, __sv_type>,
        -:  162:		 __not_<is_convertible<const _Tp*, const basic_string*>>,
        -:  163:		 __not_<is_convertible<const _Tp&, const _CharT*>>>::value,
        -:  164:	  _Res>;
        -:  165:
        -:  166:      // Allows an implicit conversion to __sv_type.
        -:  167:      _GLIBCXX20_CONSTEXPR
        -:  168:      static __sv_type
        -:  169:      _S_to_string_view(__sv_type __svt) noexcept
        -:  170:      { return __svt; }
        -:  171:
        -:  172:      // Wraps a string_view by explicit conversion and thus
        -:  173:      // allows to add an internal constructor that does not
        -:  174:      // participate in overload resolution when a string_view
        -:  175:      // is provided.
        -:  176:      struct __sv_wrapper
        -:  177:      {
        -:  178:	_GLIBCXX20_CONSTEXPR explicit
        -:  179:	__sv_wrapper(__sv_type __sv) noexcept : _M_sv(__sv) { }
        -:  180:
        -:  181:	__sv_type _M_sv;
        -:  182:      };
        -:  183:
        -:  184:      /**
        -:  185:       *  @brief  Only internally used: Construct string from a string view
        -:  186:       *          wrapper.
        -:  187:       *  @param  __svw  string view wrapper.
        -:  188:       *  @param  __a  Allocator to use.
        -:  189:       */
        -:  190:      _GLIBCXX20_CONSTEXPR
        -:  191:      explicit
        -:  192:      basic_string(__sv_wrapper __svw, const _Alloc& __a)
        -:  193:      : basic_string(__svw._M_sv.data(), __svw._M_sv.size(), __a) { }
        -:  194:#endif
        -:  195:
        -:  196:      // Use empty-base optimization: http://www.cantrip.org/emptyopt.html
        -:  197:      struct _Alloc_hider : allocator_type // TODO check __is_final
        -:  198:      {
        -:  199:#if __cplusplus < 201103L
        -:  200:	_Alloc_hider(pointer __dat, const _Alloc& __a = _Alloc())
        -:  201:	: allocator_type(__a), _M_p(__dat) { }
        -:  202:#else
        -:  203:	_GLIBCXX20_CONSTEXPR
    #####:  204:	_Alloc_hider(pointer __dat, const _Alloc& __a)
    #####:  205:	: allocator_type(__a), _M_p(__dat) { }
        -:  206:
        -:  207:	_GLIBCXX20_CONSTEXPR
        -:  208:	_Alloc_hider(pointer __dat, _Alloc&& __a = _Alloc())
        -:  209:	: allocator_type(std::move(__a)), _M_p(__dat) { }
        -:  210:#endif
        -:  211:
        -:  212:	pointer _M_p; // The actual data.
        -:  213:      };
        -:  214:
        -:  215:      _Alloc_hider	_M_dataplus;
        -:  216:      size_type		_M_string_length;
        -:  217:
        -:  218:      enum { _S_local_capacity = 15 / sizeof(_CharT) };
        -:  219:
        -:  220:      union
        -:  221:      {
        -:  222:	_CharT           _M_local_buf[_S_local_capacity + 1];
        -:  223:	size_type        _M_allocated_capacity;
        -:  224:      };
        -:  225:
        -:  226:      _GLIBCXX20_CONSTEXPR
        -:  227:      void
    #####:  228:      _M_data(pointer __p)
    #####:  229:      { _M_dataplus._M_p = __p; }
        -:  230:
        -:  231:      _GLIBCXX20_CONSTEXPR
        -:  232:      void
    #####:  233:      _M_length(size_type __length)
    #####:  234:      { _M_string_length = __length; }
        -:  235:
        -:  236:      _GLIBCXX20_CONSTEXPR
        -:  237:      pointer
    #####:  238:      _M_data() const
    #####:  239:      { return _M_dataplus._M_p; }
        -:  240:
        -:  241:      _GLIBCXX20_CONSTEXPR
        -:  242:      pointer
    #####:  243:      _M_local_data()
        -:  244:      {
        -:  245:#if __cplusplus >= 201103L
    #####:  246:	return std::pointer_traits<pointer>::pointer_to(*_M_local_buf);
        -:  247:#else
        -:  248:	return pointer(_M_local_buf);
        -:  249:#endif
        -:  250:      }
        -:  251:
        -:  252:      _GLIBCXX20_CONSTEXPR
        -:  253:      const_pointer
    #####:  254:      _M_local_data() const
        -:  255:      {
        -:  256:#if __cplusplus >= 201103L
    #####:  257:	return std::pointer_traits<const_pointer>::pointer_to(*_M_local_buf);
        -:  258:#else
        -:  259:	return const_pointer(_M_local_buf);
        -:  260:#endif
        -:  261:      }
        -:  262:
        -:  263:      _GLIBCXX20_CONSTEXPR
        -:  264:      void
    #####:  265:      _M_capacity(size_type __capacity)
    #####:  266:      { _M_allocated_capacity = __capacity; }
        -:  267:
        -:  268:      _GLIBCXX20_CONSTEXPR
        -:  269:      void
    #####:  270:      _M_set_length(size_type __n)
        -:  271:      {
    #####:  272:	_M_length(__n);
    #####:  273:	traits_type::assign(_M_data()[__n], _CharT());
    #####:  274:      }
        -:  275:
        -:  276:      _GLIBCXX20_CONSTEXPR
        -:  277:      bool
    #####:  278:      _M_is_local() const
        -:  279:      {
    #####:  280:	if (_M_data() == _M_local_data())
        -:  281:	  {
    #####:  282:	    if (_M_string_length > _S_local_capacity)
    #####:  283:	      __builtin_unreachable();
    #####:  284:	    return true;
        -:  285:	  }
    #####:  286:	return false;
        -:  287:      }
        -:  288:
        -:  289:      // Create & Destroy
        -:  290:      _GLIBCXX20_CONSTEXPR
        -:  291:      pointer
        -:  292:      _M_create(size_type&, size_type);
        -:  293:
        -:  294:      _GLIBCXX20_CONSTEXPR
        -:  295:      void
    #####:  296:      _M_dispose()
        -:  297:      {
    #####:  298:	if (!_M_is_local())
    #####:  299:	  _M_destroy(_M_allocated_capacity);
    #####:  300:      }
        -:  301:
        -:  302:      _GLIBCXX20_CONSTEXPR
        -:  303:      void
    #####:  304:      _M_destroy(size_type __size) throw()
    #####:  305:      { _Alloc_traits::deallocate(_M_get_allocator(), _M_data(), __size + 1); }
        -:  306:
        -:  307:#if __cplusplus < 201103L || defined _GLIBCXX_DEFINING_STRING_INSTANTIATIONS
        -:  308:      // _M_construct_aux is used to implement the 21.3.1 para 15 which
        -:  309:      // requires special behaviour if _InIterator is an integral type
        -:  310:      template<typename _InIterator>
        -:  311:        void
        -:  312:        _M_construct_aux(_InIterator __beg, _InIterator __end,
        -:  313:			 std::__false_type)
        -:  314:	{
        -:  315:          typedef typename iterator_traits<_InIterator>::iterator_category _Tag;
        -:  316:          _M_construct(__beg, __end, _Tag());
        -:  317:	}
        -:  318:
        -:  319:      // _GLIBCXX_RESOLVE_LIB_DEFECTS
        -:  320:      // 438. Ambiguity in the "do the right thing" clause
        -:  321:      template<typename _Integer>
        -:  322:        void
        -:  323:        _M_construct_aux(_Integer __beg, _Integer __end, std::__true_type)
        -:  324:	{ _M_construct_aux_2(static_cast<size_type>(__beg), __end); }
        -:  325:
        -:  326:      void
        -:  327:      _M_construct_aux_2(size_type __req, _CharT __c)
        -:  328:      { _M_construct(__req, __c); }
        -:  329:#endif
        -:  330:
        -:  331:      // For Input Iterators, used in istreambuf_iterators, etc.
        -:  332:      template<typename _InIterator>
        -:  333:	_GLIBCXX20_CONSTEXPR
        -:  334:        void
        -:  335:        _M_construct(_InIterator __beg, _InIterator __end,
        -:  336:		     std::input_iterator_tag);
        -:  337:
        -:  338:      // For forward_iterators up to random_access_iterators, used for
        -:  339:      // string::iterator, _CharT*, etc.
        -:  340:      template<typename _FwdIterator>
        -:  341:	_GLIBCXX20_CONSTEXPR
        -:  342:        void
        -:  343:        _M_construct(_FwdIterator __beg, _FwdIterator __end,
        -:  344:		     std::forward_iterator_tag);
        -:  345:
        -:  346:      _GLIBCXX20_CONSTEXPR
        -:  347:      void
        -:  348:      _M_construct(size_type __req, _CharT __c);
        -:  349:
        -:  350:      // Construct using block of memory of known size.
        -:  351:      // If _Terminated is true assume that source is already 0 terminated.
        -:  352:      template<bool _Terminated>
        -:  353:	_GLIBCXX20_CONSTEXPR
        -:  354:	void
        -:  355:	_M_construct(const _CharT *__c, size_type __n);
        -:  356:
        -:  357:      _GLIBCXX20_CONSTEXPR
        -:  358:      allocator_type&
    #####:  359:      _M_get_allocator()
    #####:  360:      { return _M_dataplus; }
        -:  361:
        -:  362:      _GLIBCXX20_CONSTEXPR
        -:  363:      const allocator_type&
        -:  364:      _M_get_allocator() const
        -:  365:      { return _M_dataplus; }
        -:  366:
        -:  367:      // Ensure that _M_local_buf is the active member of the union.
        -:  368:      __attribute__((__always_inline__))
        -:  369:      _GLIBCXX14_CONSTEXPR
        -:  370:      void
        -:  371:      _M_init_local_buf() _GLIBCXX_NOEXCEPT
        -:  372:      {
        -:  373:#if __glibcxx_is_constant_evaluated
    #####:  374:	if (std::is_constant_evaluated())
    #####:  375:	  for (size_type __i = 0; __i <= _S_local_capacity; ++__i)
    #####:  376:	    _M_local_buf[__i] = _CharT();
        -:  377:#endif
    #####:  378:      }
        -:  379:
        -:  380:      __attribute__((__always_inline__))
        -:  381:      _GLIBCXX14_CONSTEXPR
        -:  382:      pointer
        -:  383:      _M_use_local_data() _GLIBCXX_NOEXCEPT
        -:  384:      {
        -:  385:#if __cpp_lib_is_constant_evaluated
        -:  386:	_M_init_local_buf();
        -:  387:#endif
        -:  388:	return _M_local_data();
        -:  389:      }
        -:  390:
        -:  391:    private:
        -:  392:
        -:  393:#ifdef _GLIBCXX_DISAMBIGUATE_REPLACE_INST
        -:  394:      // The explicit instantiations in misc-inst.cc require this due to
        -:  395:      // https://gcc.gnu.org/bugzilla/show_bug.cgi?id=64063
        -:  396:      template<typename _Tp, bool _Requires =
        -:  397:	       !__are_same<_Tp, _CharT*>::__value
        -:  398:	       && !__are_same<_Tp, const _CharT*>::__value
        -:  399:	       && !__are_same<_Tp, iterator>::__value
        -:  400:	       && !__are_same<_Tp, const_iterator>::__value>
        -:  401:	struct __enable_if_not_native_iterator
        -:  402:	{ typedef basic_string& __type; };
        -:  403:      template<typename _Tp>
        -:  404:	struct __enable_if_not_native_iterator<_Tp, false> { };
        -:  405:#endif
        -:  406:
        -:  407:      _GLIBCXX20_CONSTEXPR
        -:  408:      size_type
        -:  409:      _M_check(size_type __pos, const char* __s) const
        -:  410:      {
        -:  411:	if (__pos > this->size())
        -:  412:	  __throw_out_of_range_fmt(__N("%s: __pos (which is %zu) > "
        -:  413:				       "this->size() (which is %zu)"),
        -:  414:				   __s, __pos, this->size());
        -:  415:	return __pos;
        -:  416:      }
        -:  417:
        -:  418:      _GLIBCXX20_CONSTEXPR
        -:  419:      void
        -:  420:      _M_check_length(size_type __n1, size_type __n2, const char* __s) const
        -:  421:      {
        -:  422:	if (this->max_size() - (this->size() - __n1) < __n2)
        -:  423:	  __throw_length_error(__N(__s));
        -:  424:      }
        -:  425:
        -:  426:
        -:  427:      // NB: _M_limit doesn't check for a bad __pos value.
        -:  428:      _GLIBCXX20_CONSTEXPR
        -:  429:      size_type
        -:  430:      _M_limit(size_type __pos, size_type __off) const _GLIBCXX_NOEXCEPT
        -:  431:      {
        -:  432:	const bool __testoff =  __off < this->size() - __pos;
        -:  433:	return __testoff ? __off : this->size() - __pos;
        -:  434:      }
        -:  435:
        -:  436:      // True if _Rep and source do not overlap.
        -:  437:      bool
        -:  438:      _M_disjunct(const _CharT* __s) const _GLIBCXX_NOEXCEPT
        -:  439:      {
        -:  440:	return (less<const _CharT*>()(__s, _M_data())
        -:  441:		|| less<const _CharT*>()(_M_data() + this->size(), __s));
        -:  442:      }
        -:  443:
        -:  444:      // When __n = 1 way faster than the general multichar
        -:  445:      // traits_type::copy/move/assign.
        -:  446:      _GLIBCXX20_CONSTEXPR
        -:  447:      static void
    #####:  448:      _S_copy(_CharT* __d, const _CharT* __s, size_type __n)
        -:  449:      {
    #####:  450:	if (__n == 1)
    #####:  451:	  traits_type::assign(*__d, *__s);
        -:  452:	else
    #####:  453:	  traits_type::copy(__d, __s, __n);
    #####:  454:      }
        -:  455:
        -:  456:      _GLIBCXX20_CONSTEXPR
        -:  457:      static void
        -:  458:      _S_move(_CharT* __d, const _CharT* __s, size_type __n)
        -:  459:      {
        -:  460:	if (__n == 1)
        -:  461:	  traits_type::assign(*__d, *__s);
        -:  462:	else
        -:  463:	  traits_type::move(__d, __s, __n);
        -:  464:      }
        -:  465:
        -:  466:      _GLIBCXX20_CONSTEXPR
        -:  467:      static void
        -:  468:      _S_assign(_CharT* __d, size_type __n, _CharT __c)
        -:  469:      {
        -:  470:	if (__n == 1)
        -:  471:	  traits_type::assign(*__d, __c);
        -:  472:	else
        -:  473:	  traits_type::assign(__d, __n, __c);
        -:  474:      }
        -:  475:
        -:  476:#pragma GCC diagnostic push
        -:  477:#pragma GCC diagnostic ignored "-Wc++17-extensions"
        -:  478:      // _S_copy_chars is a separate template to permit specialization
        -:  479:      // to optimize for the common case of pointers as iterators.
        -:  480:      template<class _Iterator>
        -:  481:	_GLIBCXX20_CONSTEXPR
        -:  482:        static void
    #####:  483:        _S_copy_chars(_CharT* __p, _Iterator __k1, _Iterator __k2)
        -:  484:        {
        -:  485:#if __cplusplus >= 201103L
        -:  486:	  using _IterBase = decltype(std::__niter_base(__k1));
        -:  487:	  if constexpr (__or_<is_same<_IterBase, _CharT*>,
        -:  488:			      is_same<_IterBase, const _CharT*>>::value)
    #####:  489:	    _S_copy(__p, std::__niter_base(__k1), __k2 - __k1);
        -:  490:#if __cpp_lib_concepts
        -:  491:	  else if constexpr (requires {
        -:  492:			       requires contiguous_iterator<_Iterator>;
        -:  493:			       { std::to_address(__k1) }
        -:  494:				 -> convertible_to<const _CharT*>;
        -:  495:			     })
        -:  496:	    {
        -:  497:	      const auto __d = __k2 - __k1;
        -:  498:	      (void) (__k1 + __d); // See P3349R1
        -:  499:	      _S_copy(__p, std::to_address(__k1), static_cast<size_type>(__d));
        -:  500:	    }
        -:  501:#endif
        -:  502:	  else
        -:  503:#endif
        -:  504:	  for (; __k1 != __k2; ++__k1, (void)++__p)
        -:  505:	    traits_type::assign(*__p, static_cast<_CharT>(*__k1));
    #####:  506:	}
        -:  507:#pragma GCC diagnostic pop
        -:  508:
        -:  509:#if __cplusplus < 201103L || defined _GLIBCXX_DEFINING_STRING_INSTANTIATIONS
        -:  510:      static void
        -:  511:      _S_copy_chars(_CharT* __p, iterator __k1, iterator __k2)
        -:  512:      { _S_copy_chars(__p, __k1.base(), __k2.base()); }
        -:  513:
        -:  514:      static void
        -:  515:      _S_copy_chars(_CharT* __p, const_iterator __k1, const_iterator __k2)
        -:  516:      { _S_copy_chars(__p, __k1.base(), __k2.base()); }
        -:  517:
        -:  518:      static void
        -:  519:      _S_copy_chars(_CharT* __p, _CharT* __k1, _CharT* __k2)
        -:  520:      { _S_copy(__p, __k1, __k2 - __k1); }
        -:  521:
        -:  522:      static void
        -:  523:      _S_copy_chars(_CharT* __p, const _CharT* __k1, const _CharT* __k2)
        -:  524:      { _S_copy(__p, __k1, __k2 - __k1); }
        -:  525:#endif
        -:  526:
        -:  527:#if __glibcxx_containers_ranges // C++ >= 23
        -:  528:      // pre: __n == ranges::distance(__rg). __p+[0,__n) is a valid range.
        -:  529:      template<typename _Rg>
        -:  530:	static constexpr void
        -:  531:	_S_copy_range(pointer __p, _Rg&& __rg, size_type __n)
        -:  532:	{
        -:  533:	  if constexpr (requires {
        -:  534:			  requires ranges::contiguous_range<_Rg>;
        -:  535:			  { ranges::data(std::forward<_Rg>(__rg)) }
        -:  536:			    -> convertible_to<const _CharT*>;
        -:  537:			})
        -:  538:	    _S_copy(__p, ranges::data(std::forward<_Rg>(__rg)), __n);
        -:  539:	  else
        -:  540:	    {
        -:  541:	      auto __first = ranges::begin(__rg);
        -:  542:	      const auto __last = ranges::end(__rg);
        -:  543:	      for (; __first != __last; ++__first)
        -:  544:		traits_type::assign(*__p++, static_cast<_CharT>(*__first));
        -:  545:	    }
        -:  546:	}
        -:  547:#endif
        -:  548:
        -:  549:      _GLIBCXX20_CONSTEXPR
        -:  550:      static int
        -:  551:      _S_compare(size_type __n1, size_type __n2) _GLIBCXX_NOEXCEPT
        -:  552:      {
        -:  553:	const difference_type __d = difference_type(__n1 - __n2);
        -:  554:
        -:  555:	if (__d > __gnu_cxx::__numeric_traits<int>::__max)
        -:  556:	  return __gnu_cxx::__numeric_traits<int>::__max;
        -:  557:	else if (__d < __gnu_cxx::__numeric_traits<int>::__min)
        -:  558:	  return __gnu_cxx::__numeric_traits<int>::__min;
        -:  559:	else
        -:  560:	  return int(__d);
        -:  561:      }
        -:  562:
        -:  563:      _GLIBCXX20_CONSTEXPR
        -:  564:      void
        -:  565:      _M_assign(const basic_string&);
        -:  566:
        -:  567:      _GLIBCXX20_CONSTEXPR
        -:  568:      void
        -:  569:      _M_mutate(size_type __pos, size_type __len1, const _CharT* __s,
        -:  570:		size_type __len2);
        -:  571:
        -:  572:      _GLIBCXX20_CONSTEXPR
        -:  573:      void
        -:  574:      _M_erase(size_type __pos, size_type __n);
        -:  575:
        -:  576:    public:
        -:  577:      // Construct/copy/destroy:
        -:  578:      // NB: We overload ctors in some cases instead of using default
        -:  579:      // arguments, per 17.4.4.4 para. 2 item 2.
        -:  580:
        -:  581:      /**
        -:  582:       *  @brief  Default constructor creates an empty string.
        -:  583:       */
        -:  584:      _GLIBCXX20_CONSTEXPR
        -:  585:      basic_string()
        -:  586:      _GLIBCXX_NOEXCEPT_IF(is_nothrow_default_constructible<_Alloc>::value)
        -:  587:#if __cpp_concepts && __glibcxx_type_trait_variable_templates
        -:  588:      requires is_default_constructible_v<_Alloc>
        -:  589:#endif
        -:  590:      : _M_dataplus(_M_local_data())
        -:  591:      {
        -:  592:	_M_init_local_buf();
        -:  593:	_M_set_length(0);
        -:  594:      }
        -:  595:
        -:  596:      /**
        -:  597:       *  @brief  Construct an empty string using allocator @a a.
        -:  598:       */
        -:  599:      _GLIBCXX20_CONSTEXPR
        -:  600:      explicit
        -:  601:      basic_string(const _Alloc& __a) _GLIBCXX_NOEXCEPT
        -:  602:      : _M_dataplus(_M_local_data(), __a)
        -:  603:      {
        -:  604:	_M_init_local_buf();
        -:  605:	_M_set_length(0);
        -:  606:      }
        -:  607:
        -:  608:      /**
        -:  609:       *  @brief  Construct string with copy of value of @a __str.
        -:  610:       *  @param  __str  Source string.
        -:  611:       */
        -:  612:      _GLIBCXX20_CONSTEXPR
        -:  613:      basic_string(const basic_string& __str)
        -:  614:      : _M_dataplus(_M_local_data(),
        -:  615:		    _Alloc_traits::_S_select_on_copy(__str._M_get_allocator()))
        -:  616:      {
        -:  617:	_M_construct<true>(__str._M_data(), __str.length());
        -:  618:      }
        -:  619:
        -:  620:      // _GLIBCXX_RESOLVE_LIB_DEFECTS
        -:  621:      // 2583. no way to supply an allocator for basic_string(str, pos)
        -:  622:      /**
        -:  623:       *  @brief  Construct string as copy of a substring.
        -:  624:       *  @param  __str  Source string.
        -:  625:       *  @param  __pos  Index of first character to copy from.
        -:  626:       *  @param  __a  Allocator to use.
        -:  627:       */
        -:  628:      _GLIBCXX20_CONSTEXPR
        -:  629:      basic_string(const basic_string& __str, size_type __pos,
        -:  630:		   const _Alloc& __a = _Alloc())
        -:  631:      : _M_dataplus(_M_local_data(), __a)
        -:  632:      {
        -:  633:	const _CharT* __start = __str._M_data()
        -:  634:	  + __str._M_check(__pos, "basic_string::basic_string");
        -:  635:	_M_construct(__start, __start + __str._M_limit(__pos, npos),
        -:  636:		     std::forward_iterator_tag());
        -:  637:      }
        -:  638:
        -:  639:      /**
        -:  640:       *  @brief  Construct string as copy of a substring.
        -:  641:       *  @param  __str  Source string.
        -:  642:       *  @param  __pos  Index of first character to copy from.
        -:  643:       *  @param  __n  Number of characters to copy.
        -:  644:       */
        -:  645:      _GLIBCXX20_CONSTEXPR
        -:  646:      basic_string(const basic_string& __str, size_type __pos,
        -:  647:		   size_type __n)
        -:  648:      : _M_dataplus(_M_local_data())
        -:  649:      {
        -:  650:	const _CharT* __start = __str._M_data()
        -:  651:	  + __str._M_check(__pos, "basic_string::basic_string");
        -:  652:	_M_construct(__start, __start + __str._M_limit(__pos, __n),
        -:  653:		     std::forward_iterator_tag());
        -:  654:      }
        -:  655:
        -:  656:      /**
        -:  657:       *  @brief  Construct string as copy of a substring.
        -:  658:       *  @param  __str  Source string.
        -:  659:       *  @param  __pos  Index of first character to copy from.
        -:  660:       *  @param  __n  Number of characters to copy.
        -:  661:       *  @param  __a  Allocator to use.
        -:  662:       */
        -:  663:      _GLIBCXX20_CONSTEXPR
        -:  664:      basic_string(const basic_string& __str, size_type __pos,
        -:  665:		   size_type __n, const _Alloc& __a)
        -:  666:      : _M_dataplus(_M_local_data(), __a)
        -:  667:      {
        -:  668:	const _CharT* __start
        -:  669:	  = __str._M_data() + __str._M_check(__pos, "string::string");
        -:  670:	_M_construct(__start, __start + __str._M_limit(__pos, __n),
        -:  671:		     std::forward_iterator_tag());
        -:  672:      }
        -:  673:
        -:  674:      /**
        -:  675:       *  @brief  Construct string initialized by a character %array.
        -:  676:       *  @param  __s  Source character %array.
        -:  677:       *  @param  __n  Number of characters to copy.
        -:  678:       *  @param  __a  Allocator to use (default is default allocator).
        -:  679:       *
        -:  680:       *  NB: @a __s must have at least @a __n characters, &apos;\\0&apos;
        -:  681:       *  has no special meaning.
        -:  682:       */
        -:  683:      _GLIBCXX20_CONSTEXPR
        -:  684:      basic_string(const _CharT* __s, size_type __n,
        -:  685:		   const _Alloc& __a = _Alloc())
        -:  686:      : _M_dataplus(_M_local_data(), __a)
        -:  687:      {
        -:  688:	// NB: Not required, but considered best practice.
        -:  689:	if (__s == 0 && __n > 0)
        -:  690:	  std::__throw_logic_error(__N("basic_string: "
        -:  691:				       "construction from null is not valid"));
        -:  692:	_M_construct(__s, __s + __n, std::forward_iterator_tag());
        -:  693:      }
        -:  694:
        -:  695:      /**
        -:  696:       *  @brief  Construct string as copy of a C string.
        -:  697:       *  @param  __s  Source C string.
        -:  698:       *  @param  __a  Allocator to use (default is default allocator).
        -:  699:       */
        -:  700:#if __cpp_deduction_guides && ! defined _GLIBCXX_DEFINING_STRING_INSTANTIATIONS
        -:  701:      // _GLIBCXX_RESOLVE_LIB_DEFECTS
        -:  702:      // 3076. basic_string CTAD ambiguity
        -:  703:      template<typename = _RequireAllocator<_Alloc>>
        -:  704:#endif
        -:  705:      _GLIBCXX20_CONSTEXPR
    #####:  706:      basic_string(const _CharT* __s, const _Alloc& __a = _Alloc())
    #####:  707:      : _M_dataplus(_M_local_data(), __a)
        -:  708:      {
        -:  709:	// NB: Not required, but considered best practice.
    #####:  710:	if (__s == 0)
    #####:  711:	  std::__throw_logic_error(__N("basic_string: "
        -:  712:				       "construction from null is not valid"));
    #####:  713:	const _CharT* __end = __s + traits_type::length(__s);
    #####:  714:	_M_construct(__s, __end, forward_iterator_tag());
    #####:  715:      }
        -:  716:
        -:  717:      /**
        -:  718:       *  @brief  Construct string as multiple characters.
        -:  719:       *  @param  __n  Number of characters.
        -:  720:       *  @param  __c  Character to use.
        -:  721:       *  @param  __a  Allocator to use (default is default allocator).
        -:  722:       */
        -:  723:#if __cpp_deduction_guides && ! defined _GLIBCXX_DEFINING_STRING_INSTANTIATIONS
        -:  724:      // _GLIBCXX_RESOLVE_LIB_DEFECTS
        -:  725:      // 3076. basic_string CTAD ambiguity
        -:  726:      template<typename = _RequireAllocator<_Alloc>>
        -:  727:#endif
        -:  728:      _GLIBCXX20_CONSTEXPR
        -:  729:      basic_string(size_type __n, _CharT __c, const _Alloc& __a = _Alloc())
        -:  730:      : _M_dataplus(_M_local_data(), __a)
        -:  731:      { _M_construct(__n, __c); }
        -:  732:
        -:  733:#if __cplusplus >= 201103L
        -:  734:      /**
        -:  735:       *  @brief  Move construct string.
        -:  736:       *  @param  __str  Source string.
        -:  737:       *
        -:  738:       *  The newly-created string contains the exact contents of @a __str.
        -:  739:       *  @a __str is a valid, but unspecified string.
        -:  740:       */
        -:  741:      _GLIBCXX20_CONSTEXPR
        -:  742:      basic_string(basic_string&& __str) noexcept
        -:  743:      : _M_dataplus(_M_local_data(), std::move(__str._M_get_allocator()))
        -:  744:      {
        -:  745:	if (__str._M_is_local())
        -:  746:	  {
        -:  747:	    _M_init_local_buf();
        -:  748:	    traits_type::copy(_M_local_buf, __str._M_local_buf,
        -:  749:			      __str.length() + 1);
        -:  750:	  }
        -:  751:	else
        -:  752:	  {
        -:  753:	    _M_data(__str._M_data());
        -:  754:	    _M_capacity(__str._M_allocated_capacity);
        -:  755:	  }
        -:  756:
        -:  757:	// Must use _M_length() here not _M_set_length() because
        -:  758:	// basic_stringbuf relies on writing into unallocated capacity so
        -:  759:	// we mess up the contents if we put a '\0' in the string.
        -:  760:	_M_length(__str.length());
        -:  761:	__str._M_data(__str._M_use_local_data());
        -:  762:	__str._M_set_length(0);
        -:  763:      }
        -:  764:
        -:  765:#if __glibcxx_containers_ranges // C++ >= 23
        -:  766:      /**
        -:  767:       * @brief Construct a string from a range.
        -:  768:       * @since C++23
        -:  769:       */
        -:  770:      template<__detail::__container_compatible_range<_CharT> _Rg>
        -:  771:	constexpr
        -:  772:	basic_string(from_range_t, _Rg&& __rg, const _Alloc& __a = _Alloc())
        -:  773:	: basic_string(__a)
        -:  774:	{
        -:  775:	  if constexpr (ranges::forward_range<_Rg> || ranges::sized_range<_Rg>)
        -:  776:	    {
        -:  777:	      const auto __n = static_cast<size_type>(ranges::distance(__rg));
        -:  778:	      reserve(__n);
        -:  779:	      _S_copy_range(_M_data(), std::forward<_Rg>(__rg), __n);
        -:  780:	      _M_set_length(__n);
        -:  781:	    }
        -:  782:	  else
        -:  783:	    {
        -:  784:	      auto __first = ranges::begin(__rg);
        -:  785:	      const auto __last = ranges::end(__rg);
        -:  786:	      for (; __first != __last; ++__first)
        -:  787:		push_back(*__first);
        -:  788:	    }
        -:  789:	}
        -:  790:#endif
        -:  791:
        -:  792:      /**
        -:  793:       *  @brief  Construct string from an initializer %list.
        -:  794:       *  @param  __l  std::initializer_list of characters.
        -:  795:       *  @param  __a  Allocator to use (default is default allocator).
        -:  796:       */
        -:  797:      _GLIBCXX20_CONSTEXPR
        -:  798:      basic_string(initializer_list<_CharT> __l, const _Alloc& __a = _Alloc())
        -:  799:      : _M_dataplus(_M_local_data(), __a)
        -:  800:      { _M_construct(__l.begin(), __l.end(), std::forward_iterator_tag()); }
        -:  801:
        -:  802:      _GLIBCXX20_CONSTEXPR
        -:  803:      basic_string(const basic_string& __str, const _Alloc& __a)
        -:  804:      : _M_dataplus(_M_local_data(), __a)
        -:  805:      { _M_construct(__str.begin(), __str.end(), std::forward_iterator_tag()); }
        -:  806:
        -:  807:      _GLIBCXX20_CONSTEXPR
        -:  808:      basic_string(basic_string&& __str, const _Alloc& __a)
        -:  809:      noexcept(_Alloc_traits::_S_always_equal())
        -:  810:      : _M_dataplus(_M_local_data(), __a)
        -:  811:      {
        -:  812:	if (__str._M_is_local())
        -:  813:	  {
        -:  814:	    _M_init_local_buf();
        -:  815:	    traits_type::copy(_M_local_buf, __str._M_local_buf,
        -:  816:			      __str.length() + 1);
        -:  817:	    _M_length(__str.length());
        -:  818:	    __str._M_set_length(0);
        -:  819:	  }
        -:  820:	else if (_Alloc_traits::_S_always_equal()
        -:  821:	    || __str.get_allocator() == __a)
        -:  822:	  {
        -:  823:	    _M_data(__str._M_data());
        -:  824:	    _M_length(__str.length());
        -:  825:	    _M_capacity(__str._M_allocated_capacity);
        -:  826:	    __str._M_data(__str._M_use_local_data());
        -:  827:	    __str._M_set_length(0);
        -:  828:	  }
        -:  829:	else
        -:  830:	  _M_construct(__str.begin(), __str.end(), std::forward_iterator_tag());
        -:  831:      }
        -:  832:#endif // C++11
        -:  833:
        -:  834:#if __cplusplus >= 202100L
        -:  835:      basic_string(nullptr_t) = delete;
        -:  836:      basic_string& operator=(nullptr_t) = delete;
        -:  837:#endif // C++23
        -:  838:
        -:  839:      /**
        -:  840:       *  @brief  Construct string as copy of a range.
        -:  841:       *  @param  __beg  Start of range.
        -:  842:       *  @param  __end  End of range.
        -:  843:       *  @param  __a  Allocator to use (default is default allocator).
        -:  844:       */
        -:  845:#if __cplusplus >= 201103L
        -:  846:      template<typename _InputIterator,
        -:  847:	       typename = std::_RequireInputIter<_InputIterator>>
        -:  848:#else
        -:  849:      template<typename _InputIterator>
        -:  850:#endif
        -:  851:	_GLIBCXX20_CONSTEXPR
        -:  852:        basic_string(_InputIterator __beg, _InputIterator __end,
        -:  853:		     const _Alloc& __a = _Alloc())
        -:  854:	: _M_dataplus(_M_local_data(), __a), _M_string_length(0)
        -:  855:	{
        -:  856:#if __cplusplus >= 201103L
        -:  857:	  _M_construct(__beg, __end, std::__iterator_category(__beg));
        -:  858:#else
        -:  859:	  typedef typename std::__is_integer<_InputIterator>::__type _Integral;
        -:  860:	  _M_construct_aux(__beg, __end, _Integral());
        -:  861:#endif
        -:  862:	}
        -:  863:
        -:  864:#ifdef __glibcxx_string_view // >= C++17
        -:  865:      /**
        -:  866:       *  @brief  Construct string from a substring of a string_view.
        -:  867:       *  @param  __t   Source object convertible to string view.
        -:  868:       *  @param  __pos The index of the first character to copy from __t.
        -:  869:       *  @param  __n   The number of characters to copy from __t.
        -:  870:       *  @param  __a   Allocator to use.
        -:  871:       */
        -:  872:      template<typename _Tp,
        -:  873:	       typename = enable_if_t<is_convertible_v<const _Tp&, __sv_type>>>
        -:  874:	_GLIBCXX20_CONSTEXPR
        -:  875:	basic_string(const _Tp& __t, size_type __pos, size_type __n,
        -:  876:		     const _Alloc& __a = _Alloc())
        -:  877:	: basic_string(_S_to_string_view(__t).substr(__pos, __n), __a) { }
        -:  878:
        -:  879:      /**
        -:  880:       *  @brief  Construct string from a string_view.
        -:  881:       *  @param  __t  Source object convertible to string view.
        -:  882:       *  @param  __a  Allocator to use (default is default allocator).
        -:  883:       */
        -:  884:      template<typename _Tp, typename = _If_sv<_Tp, void>>
        -:  885:	_GLIBCXX20_CONSTEXPR
        -:  886:	explicit
        -:  887:	basic_string(const _Tp& __t, const _Alloc& __a = _Alloc())
        -:  888:	: basic_string(__sv_wrapper(_S_to_string_view(__t)), __a) { }
        -:  889:#endif // C++17
        -:  890:
        -:  891:      /**
        -:  892:       *  @brief  Destroy the string instance.
        -:  893:       */
        -:  894:      _GLIBCXX20_CONSTEXPR
        -:  895:      ~basic_string()
        -:  896:      { _M_dispose(); }
        -:  897:
        -:  898:      /**
        -:  899:       *  @brief  Assign the value of @a str to this string.
        -:  900:       *  @param  __str  Source string.
        -:  901:       */
        -:  902:      _GLIBCXX20_CONSTEXPR
        -:  903:      basic_string&
        -:  904:      operator=(const basic_string& __str)
        -:  905:      {
        -:  906:	return this->assign(__str);
        -:  907:      }
        -:  908:
        -:  909:      /**
        -:  910:       *  @brief  Copy contents of @a s into this string.
        -:  911:       *  @param  __s  Source null-terminated string.
        -:  912:       */
        -:  913:      _GLIBCXX20_CONSTEXPR
        -:  914:      basic_string&
        -:  915:      operator=(const _CharT* __s)
        -:  916:      { return this->assign(__s); }
        -:  917:
        -:  918:      /**
        -:  919:       *  @brief  Set value to string of length 1.
        -:  920:       *  @param  __c  Source character.
        -:  921:       *
        -:  922:       *  Assigning to a character makes this string length 1 and
        -:  923:       *  (*this)[0] == @a c.
        -:  924:       */
        -:  925:      _GLIBCXX20_CONSTEXPR
        -:  926:      basic_string&
        -:  927:      operator=(_CharT __c)
        -:  928:      {
        -:  929:	this->assign(1, __c);
        -:  930:	return *this;
        -:  931:      }
        -:  932:
        -:  933:#if __cplusplus >= 201103L
        -:  934:      /**
        -:  935:       *  @brief  Move assign the value of @a str to this string.
        -:  936:       *  @param  __str  Source string.
        -:  937:       *
        -:  938:       *  The contents of @a str are moved into this string (without copying).
        -:  939:       *  @a str is a valid, but unspecified string.
        -:  940:       */
        -:  941:      // _GLIBCXX_RESOLVE_LIB_DEFECTS
        -:  942:      // 2063. Contradictory requirements for string move assignment
        -:  943:      _GLIBCXX20_CONSTEXPR
        -:  944:      basic_string&
        -:  945:      operator=(basic_string&& __str)
        -:  946:      noexcept(_Alloc_traits::_S_nothrow_move())
        -:  947:      {
        -:  948:	const bool __equal_allocs = _Alloc_traits::_S_always_equal()
        -:  949:	  || _M_get_allocator() == __str._M_get_allocator();
        -:  950:	if (!_M_is_local() && _Alloc_traits::_S_propagate_on_move_assign()
        -:  951:	    && !__equal_allocs)
        -:  952:	  {
        -:  953:	    // Destroy existing storage before replacing allocator.
        -:  954:	    _M_destroy(_M_allocated_capacity);
        -:  955:	    _M_data(_M_local_data());
        -:  956:	    _M_set_length(0);
        -:  957:	  }
        -:  958:	// Replace allocator if POCMA is true.
        -:  959:	std::__alloc_on_move(_M_get_allocator(), __str._M_get_allocator());
        -:  960:
        -:  961:	if (__str._M_is_local())
        -:  962:	  {
        -:  963:	    // We've always got room for a short string, just copy it
        -:  964:	    // (unless this is a self-move, because that would violate the
        -:  965:	    // char_traits::copy precondition that the ranges don't overlap).
        -:  966:	    if (__builtin_expect(std::__addressof(__str) != this, true))
        -:  967:	      {
        -:  968:		if (__str.size())
        -:  969:		  this->_S_copy(_M_data(), __str._M_data(), __str.size());
        -:  970:		_M_set_length(__str.size());
        -:  971:	      }
        -:  972:	  }
        -:  973:	else if (_Alloc_traits::_S_propagate_on_move_assign() || __equal_allocs)
        -:  974:	  {
        -:  975:	    // Just move the allocated pointer, our allocator can free it.
        -:  976:	    pointer __data = nullptr;
        -:  977:	    size_type __capacity;
        -:  978:	    if (!_M_is_local())
        -:  979:	      {
        -:  980:		if (__equal_allocs)
        -:  981:		  {
        -:  982:		    // __str can reuse our existing storage.
        -:  983:		    __data = _M_data();
        -:  984:		    __capacity = _M_allocated_capacity;
        -:  985:		  }
        -:  986:		else // __str can't use it, so free it.
        -:  987:		  _M_destroy(_M_allocated_capacity);
        -:  988:	      }
        -:  989:
        -:  990:	    _M_data(__str._M_data());
        -:  991:	    _M_length(__str.length());
        -:  992:	    _M_capacity(__str._M_allocated_capacity);
        -:  993:	    if (__data)
        -:  994:	      {
        -:  995:		__str._M_data(__data);
        -:  996:		__str._M_capacity(__capacity);
        -:  997:	      }
        -:  998:	    else
        -:  999:	      __str._M_data(__str._M_use_local_data());
        -: 1000:	  }
        -: 1001:	else // Need to do a deep copy
        -: 1002:	  _M_assign(__str);
        -: 1003:	__str.clear();
        -: 1004:	return *this;
        -: 1005:      }
        -: 1006:
        -: 1007:      /**
        -: 1008:       *  @brief  Set value to string constructed from initializer %list.
        -: 1009:       *  @param  __l  std::initializer_list.
        -: 1010:       */
        -: 1011:      _GLIBCXX20_CONSTEXPR
        -: 1012:      basic_string&
        -: 1013:      operator=(initializer_list<_CharT> __l)
        -: 1014:      {
        -: 1015:	this->assign(__l.begin(), __l.size());
        -: 1016:	return *this;
        -: 1017:      }
        -: 1018:#endif // C++11
        -: 1019:
        -: 1020:#ifdef __glibcxx_string_view // >= C++17
        -: 1021:      /**
        -: 1022:       *  @brief  Set value to string constructed from a string_view.
        -: 1023:       *  @param  __svt  An object convertible to string_view.
        -: 1024:       */
        -: 1025:     template<typename _Tp>
        -: 1026:       _GLIBCXX20_CONSTEXPR
        -: 1027:       _If_sv<_Tp, basic_string&>
        -: 1028:       operator=(const _Tp& __svt)
        -: 1029:       { return this->assign(__svt); }
        -: 1030:
        -: 1031:      /**
        -: 1032:       *  @brief  Convert to a string_view.
        -: 1033:       *  @return A string_view.
        -: 1034:       */
        -: 1035:      _GLIBCXX20_CONSTEXPR
        -: 1036:      operator __sv_type() const noexcept
        -: 1037:      { return __sv_type(data(), size()); }
        -: 1038:#endif // C++17
        -: 1039:
        -: 1040:      // Iterators:
        -: 1041:      /**
        -: 1042:       *  Returns a read/write iterator that points to the first character in
        -: 1043:       *  the %string.
        -: 1044:       */
        -: 1045:      _GLIBCXX_NODISCARD _GLIBCXX20_CONSTEXPR
        -: 1046:      iterator
        -: 1047:      begin() _GLIBCXX_NOEXCEPT
        -: 1048:      { return iterator(_M_data()); }
        -: 1049:
        -: 1050:      /**
        -: 1051:       *  Returns a read-only (constant) iterator that points to the first
        -: 1052:       *  character in the %string.
        -: 1053:       */
        -: 1054:      _GLIBCXX_NODISCARD _GLIBCXX20_CONSTEXPR
        -: 1055:      const_iterator
        -: 1056:      begin() const _GLIBCXX_NOEXCEPT
        -: 1057:      { return const_iterator(_M_data()); }
        -: 1058:
        -: 1059:      /**
        -: 1060:       *  Returns a read/write iterator that points one past the last
        -: 1061:       *  character in the %string.
        -: 1062:       */
        -: 1063:      _GLIBCXX_NODISCARD _GLIBCXX20_CONSTEXPR
        -: 1064:      iterator
        -: 1065:      end() _GLIBCXX_NOEXCEPT
        -: 1066:      { return iterator(_M_data() + this->size()); }
        -: 1067:
        -: 1068:      /**
        -: 1069:       *  Returns a read-only (constant) iterator that points one past the
        -: 1070:       *  last character in the %string.
        -: 1071:       */
        -: 1072:      _GLIBCXX_NODISCARD _GLIBCXX20_CONSTEXPR
        -: 1073:      const_iterator
        -: 1074:      end() const _GLIBCXX_NOEXCEPT
        -: 1075:      { return const_iterator(_M_data() + this->size()); }
        -: 1076:
        -: 1077:      /**
        -: 1078:       *  Returns a read/write reverse iterator that points to the last
        -: 1079:       *  character in the %string.  Iteration is done in reverse element
        -: 1080:       *  order.
        -: 1081:       */
        -: 1082:      _GLIBCXX_NODISCARD _GLIBCXX20_CONSTEXPR
        -: 1083:      reverse_iterator
        -: 1084:      rbegin() _GLIBCXX_NOEXCEPT
        -: 1085:      { return reverse_iterator(this->end()); }
        -: 1086:
        -: 1087:      /**
        -: 1088:       *  Returns a read-only (constant) reverse iterator that points
        -: 1089:       *  to the last character in the %string.  Iteration is done in
        -: 1090:       *  reverse element order.
        -: 1091:       */
        -: 1092:      _GLIBCXX_NODISCARD _GLIBCXX20_CONSTEXPR
        -: 1093:      const_reverse_iterator
        -: 1094:      rbegin() const _GLIBCXX_NOEXCEPT
        -: 1095:      { return const_reverse_iterator(this->end()); }
        -: 1096:
        -: 1097:      /**
        -: 1098:       *  Returns a read/write reverse iterator that points to one before the
        -: 1099:       *  first character in the %string.  Iteration is done in reverse
        -: 1100:       *  element order.
        -: 1101:       */
        -: 1102:      _GLIBCXX_NODISCARD _GLIBCXX20_CONSTEXPR
        -: 1103:      reverse_iterator
        -: 1104:      rend() _GLIBCXX_NOEXCEPT
        -: 1105:      { return reverse_iterator(this->begin()); }
        -: 1106:
        -: 1107:      /**
        -: 1108:       *  Returns a read-only (constant) reverse iterator that points
        -: 1109:       *  to one before the first character in the %string.  Iteration
        -: 1110:       *  is done in reverse element order.
        -: 1111:       */
        -: 1112:      _GLIBCXX_NODISCARD _GLIBCXX20_CONSTEXPR
        -: 1113:      const_reverse_iterator
        -: 1114:      rend() const _GLIBCXX_NOEXCEPT
        -: 1115:      { return const_reverse_iterator(this->begin()); }
        -: 1116:
        -: 1117:#if __cplusplus >= 201103L
        -: 1118:      /**
        -: 1119:       *  Returns a read-only (constant) iterator that points to the first
        -: 1120:       *  character in the %string.
        -: 1121:       */
        -: 1122:      _GLIBCXX_NODISCARD _GLIBCXX20_CONSTEXPR
        -: 1123:      const_iterator
        -: 1124:      cbegin() const noexcept
        -: 1125:      { return const_iterator(this->_M_data()); }
        -: 1126:
        -: 1127:      /**
        -: 1128:       *  Returns a read-only (constant) iterator that points one past the
        -: 1129:       *  last character in the %string.
        -: 1130:       */
        -: 1131:      _GLIBCXX_NODISCARD _GLIBCXX20_CONSTEXPR
        -: 1132:      const_iterator
        -: 1133:      cend() const noexcept
        -: 1134:      { return const_iterator(this->_M_data() + this->size()); }
        -: 1135:
        -: 1136:      /**
        -: 1137:       *  Returns a read-only (constant) reverse iterator that points
        -: 1138:       *  to the last character in the %string.  Iteration is done in
        -: 1139:       *  reverse element order.
        -: 1140:       */
        -: 1141:      _GLIBCXX_NODISCARD _GLIBCXX20_CONSTEXPR
        -: 1142:      const_reverse_iterator
        -: 1143:      crbegin() const noexcept
        -: 1144:      { return const_reverse_iterator(this->end()); }
        -: 1145:
        -: 1146:      /**
        -: 1147:       *  Returns a read-only (constant) reverse iterator that points
        -: 1148:       *  to one before the first character in the %string.  Iteration
        -: 1149:       *  is done in reverse element order.
        -: 1150:       */
        -: 1151:      _GLIBCXX_NODISCARD _GLIBCXX20_CONSTEXPR
        -: 1152:      const_reverse_iterator
        -: 1153:      crend() const noexcept
        -: 1154:      { return const_reverse_iterator(this->begin()); }
        -: 1155:#endif
        -: 1156:
        -: 1157:    public:
        -: 1158:      // Capacity:
        -: 1159:      ///  Returns the number of characters in the string, not including any
        -: 1160:      ///  null-termination.
        -: 1161:      _GLIBCXX_NODISCARD _GLIBCXX20_CONSTEXPR
        -: 1162:      size_type
        -: 1163:      size() const _GLIBCXX_NOEXCEPT
        -: 1164:      {
        -: 1165:	size_type __sz = _M_string_length;
        -: 1166:	if (__sz > max_size ())
        -: 1167:	  __builtin_unreachable ();
        -: 1168:	return __sz;
        -: 1169:      }
        -: 1170:
        -: 1171:      ///  Returns the number of characters in the string, not including any
        -: 1172:      ///  null-termination.
        -: 1173:      _GLIBCXX_NODISCARD _GLIBCXX20_CONSTEXPR
        -: 1174:      size_type
        -: 1175:      length() const _GLIBCXX_NOEXCEPT
        -: 1176:      { return size(); }
        -: 1177:
        -: 1178:      ///  Returns the size() of the largest possible %string.
        -: 1179:      _GLIBCXX_NODISCARD _GLIBCXX20_CONSTEXPR
        -: 1180:      size_type
    #####: 1181:      max_size() const _GLIBCXX_NOEXCEPT
        -: 1182:      {
    #####: 1183:	const size_t __diffmax
        -: 1184:	  = __gnu_cxx::__numeric_traits<ptrdiff_t>::__max / sizeof(_CharT);
    #####: 1185:	const size_t __allocmax = _Alloc_traits::max_size(_M_get_allocator());
    #####: 1186:	return (std::min)(__diffmax, __allocmax) - 1;
        -: 1187:      }
        -: 1188:
        -: 1189:      /**
        -: 1190:       *  @brief  Resizes the %string to the specified number of characters.
        -: 1191:       *  @param  __n  Number of characters the %string should contain.
        -: 1192:       *  @param  __c  Character to fill any new elements.
        -: 1193:       *
        -: 1194:       *  This function will %resize the %string to the specified
        -: 1195:       *  number of characters.  If the number is smaller than the
        -: 1196:       *  %string's current size the %string is truncated, otherwise
        -: 1197:       *  the %string is extended and new elements are %set to @a __c.
        -: 1198:       */
        -: 1199:      _GLIBCXX20_CONSTEXPR
        -: 1200:      void
        -: 1201:      resize(size_type __n, _CharT __c);
        -: 1202:
        -: 1203:      /**
        -: 1204:       *  @brief  Resizes the %string to the specified number of characters.
        -: 1205:       *  @param  __n  Number of characters the %string should contain.
        -: 1206:       *
        -: 1207:       *  This function will resize the %string to the specified length.  If
        -: 1208:       *  the new size is smaller than the %string's current size the %string
        -: 1209:       *  is truncated, otherwise the %string is extended and new characters
        -: 1210:       *  are default-constructed.  For basic types such as char, this means
        -: 1211:       *  setting them to 0.
        -: 1212:       */
        -: 1213:      _GLIBCXX20_CONSTEXPR
        -: 1214:      void
        -: 1215:      resize(size_type __n)
        -: 1216:      { this->resize(__n, _CharT()); }
        -: 1217:
        -: 1218:#if __cplusplus >= 201103L
        -: 1219:#pragma GCC diagnostic push
        -: 1220:#pragma GCC diagnostic ignored "-Wdeprecated-declarations"
        -: 1221:      ///  A non-binding request to reduce capacity() to size().
        -: 1222:      _GLIBCXX20_CONSTEXPR
        -: 1223:      void
        -: 1224:      shrink_to_fit() noexcept
        -: 1225:      { reserve(); }
        -: 1226:#pragma GCC diagnostic pop
        -: 1227:#endif
        -: 1228:
        -: 1229:#ifdef __glibcxx_string_resize_and_overwrite // C++ >= 23
        -: 1230:      /** Resize the string and call a function to fill it.
        -: 1231:       *
        -: 1232:       * @param __n   The maximum size requested.
        -: 1233:       * @param __op  A callable object that writes characters to the string.
        -: 1234:       *
        -: 1235:       * This is a low-level function that is easy to misuse, be careful.
        -: 1236:       *
        -: 1237:       * Calling `str.resize_and_overwrite(n, op)` will reserve at least `n`
        -: 1238:       * characters in `str`, evaluate `n2 = std::move(op)(str.data(), n)`,
        -: 1239:       * and finally set the string length to `n2` (adding a null terminator
        -: 1240:       * at the end). The function object `op` is allowed to write to the
        -: 1241:       * extra capacity added by the initial reserve operation, which is not
        -: 1242:       * allowed if you just call `str.reserve(n)` yourself.
        -: 1243:       *
        -: 1244:       * This can be used to efficiently fill a `string` buffer without the
        -: 1245:       * overhead of zero-initializing characters that will be overwritten
        -: 1246:       * anyway.
        -: 1247:       *
        -: 1248:       * The callable `op` must not access the string directly (only through
        -: 1249:       * the pointer passed as its first argument), must not write more than
        -: 1250:       * `n` characters to the string, must return a value no greater than `n`,
        -: 1251:       * and must ensure that all characters up to the returned length are
        -: 1252:       * valid after it returns (i.e. there must be no uninitialized values
        -: 1253:       * left in the string after the call, because accessing them would
        -: 1254:       * have undefined behaviour). If `op` exits by throwing an exception
        -: 1255:       * the behaviour is undefined.
        -: 1256:       *
        -: 1257:       * @since C++23
        -: 1258:       */
        -: 1259:      template<typename _Operation>
        -: 1260:	constexpr void
        -: 1261:	resize_and_overwrite(size_type __n, _Operation __op);
        -: 1262:#endif
        -: 1263:
        -: 1264:#if __cplusplus >= 201103L
        -: 1265:      /// Non-standard version of resize_and_overwrite for C++11 and above.
        -: 1266:      template<typename _Operation>
        -: 1267:	_GLIBCXX20_CONSTEXPR void
        -: 1268:	__resize_and_overwrite(size_type __n, _Operation __op);
        -: 1269:#endif
        -: 1270:
        -: 1271:      /**
        -: 1272:       *  Returns the total number of characters that the %string can hold
        -: 1273:       *  before needing to allocate more memory.
        -: 1274:       */
        -: 1275:      _GLIBCXX_NODISCARD _GLIBCXX20_CONSTEXPR
        -: 1276:      size_type
        -: 1277:      capacity() const _GLIBCXX_NOEXCEPT
        -: 1278:      {
        -: 1279:	size_t __sz = _M_is_local() ? size_type(_S_local_capacity)
        -: 1280:				     : _M_allocated_capacity;
        -: 1281:	if (__sz < _S_local_capacity || __sz > max_size ())
        -: 1282:	  __builtin_unreachable ();
        -: 1283:	return __sz;
        -: 1284:      }
        -: 1285:
        -: 1286:      /**
        -: 1287:       *  @brief  Attempt to preallocate enough memory for specified number of
        -: 1288:       *          characters.
        -: 1289:       *  @param  __res_arg  Number of characters required.
        -: 1290:       *  @throw  std::length_error  If @a __res_arg exceeds @c max_size().
        -: 1291:       *
        -: 1292:       *  This function attempts to reserve enough memory for the
        -: 1293:       *  %string to hold the specified number of characters.  If the
        -: 1294:       *  number requested is more than max_size(), length_error is
        -: 1295:       *  thrown.
        -: 1296:       *
        -: 1297:       *  The advantage of this function is that if optimal code is a
        -: 1298:       *  necessity and the user can determine the string length that will be
        -: 1299:       *  required, the user can reserve the memory in %advance, and thus
        -: 1300:       *  prevent a possible reallocation of memory and copying of %string
        -: 1301:       *  data.
        -: 1302:       */
        -: 1303:      _GLIBCXX20_CONSTEXPR
        -: 1304:      void
        -: 1305:      reserve(size_type __res_arg);
        -: 1306:
        -: 1307:      /**
        -: 1308:       *  Equivalent to shrink_to_fit().
        -: 1309:       */
        -: 1310:#if __cplusplus > 201703L
        -: 1311:      [[deprecated("use shrink_to_fit() instead")]]
        -: 1312:#endif
        -: 1313:      _GLIBCXX20_CONSTEXPR
        -: 1314:      void
        -: 1315:      reserve();
        -: 1316:
        -: 1317:      /**
        -: 1318:       *  Erases the string, making it empty.
        -: 1319:       */
        -: 1320:      _GLIBCXX20_CONSTEXPR
        -: 1321:      void
        -: 1322:      clear() _GLIBCXX_NOEXCEPT
        -: 1323:      { _M_set_length(0); }
        -: 1324:
        -: 1325:      /**
        -: 1326:       *  Returns true if the %string is empty.  Equivalent to
        -: 1327:       *  <code>*this == ""</code>.
        -: 1328:       */
        -: 1329:      _GLIBCXX_NODISCARD _GLIBCXX20_CONSTEXPR
        -: 1330:      bool
        -: 1331:      empty() const _GLIBCXX_NOEXCEPT
        -: 1332:      { return _M_string_length == 0; }
        -: 1333:
        -: 1334:      // Element access:
        -: 1335:      /**
        -: 1336:       *  @brief  Subscript access to the data contained in the %string.
        -: 1337:       *  @param  __pos  The index of the character to access.
        -: 1338:       *  @return  Read-only (constant) reference to the character.
        -: 1339:       *
        -: 1340:       *  This operator allows for easy, array-style, data access.
        -: 1341:       *  Note that data access with this operator is unchecked and
        -: 1342:       *  out_of_range lookups are not defined. (For checked lookups
        -: 1343:       *  see at().)
        -: 1344:       */
        -: 1345:      _GLIBCXX_NODISCARD _GLIBCXX20_CONSTEXPR
        -: 1346:      const_reference
        -: 1347:      operator[] (size_type __pos) const _GLIBCXX_NOEXCEPT
        -: 1348:      {
        -: 1349:	__glibcxx_assert(__pos <= size());
        -: 1350:	return _M_data()[__pos];
        -: 1351:      }
        -: 1352:
        -: 1353:      /**
        -: 1354:       *  @brief  Subscript access to the data contained in the %string.
        -: 1355:       *  @param  __pos  The index of the character to access.
        -: 1356:       *  @return  Read/write reference to the character.
        -: 1357:       *
        -: 1358:       *  This operator allows for easy, array-style, data access.
        -: 1359:       *  Note that data access with this operator is unchecked and
        -: 1360:       *  out_of_range lookups are not defined. (For checked lookups
        -: 1361:       *  see at().)
        -: 1362:       */
        -: 1363:      _GLIBCXX_NODISCARD _GLIBCXX20_CONSTEXPR
        -: 1364:      reference
        -: 1365:      operator[](size_type __pos)
        -: 1366:      {
        -: 1367:        // Allow pos == size() both in C++98 mode, as v3 extension,
        -: 1368:	// and in C++11 mode.
        -: 1369:	__glibcxx_assert(__pos <= size());
        -: 1370:        // In pedantic mode be strict in C++98 mode.
        -: 1371:	_GLIBCXX_DEBUG_PEDASSERT(__cplusplus >= 201103L || __pos < size());
        -: 1372:	return _M_data()[__pos];
        -: 1373:      }
        -: 1374:
        -: 1375:      /**
        -: 1376:       *  @brief  Provides access to the data contained in the %string.
        -: 1377:       *  @param __n The index of the character to access.
        -: 1378:       *  @return  Read-only (const) reference to the character.
        -: 1379:       *  @throw  std::out_of_range  If @a n is an invalid index.
        -: 1380:       *
        -: 1381:       *  This function provides for safer data access.  The parameter is
        -: 1382:       *  first checked that it is in the range of the string.  The function
        -: 1383:       *  throws out_of_range if the check fails.
        -: 1384:       */
        -: 1385:      _GLIBCXX_NODISCARD _GLIBCXX20_CONSTEXPR
        -: 1386:      const_reference
        -: 1387:      at(size_type __n) const
        -: 1388:      {
        -: 1389:	if (__n >= this->size())
        -: 1390:	  __throw_out_of_range_fmt(__N("basic_string::at: __n "
        -: 1391:				       "(which is %zu) >= this->size() "
        -: 1392:				       "(which is %zu)"),
        -: 1393:				   __n, this->size());
        -: 1394:	return _M_data()[__n];
        -: 1395:      }
        -: 1396:
        -: 1397:      /**
        -: 1398:       *  @brief  Provides access to the data contained in the %string.
        -: 1399:       *  @param __n The index of the character to access.
        -: 1400:       *  @return  Read/write reference to the character.
        -: 1401:       *  @throw  std::out_of_range  If @a n is an invalid index.
        -: 1402:       *
        -: 1403:       *  This function provides for safer data access.  The parameter is
        -: 1404:       *  first checked that it is in the range of the string.  The function
        -: 1405:       *  throws out_of_range if the check fails.
        -: 1406:       */
        -: 1407:      _GLIBCXX_NODISCARD _GLIBCXX20_CONSTEXPR
        -: 1408:      reference
        -: 1409:      at(size_type __n)
        -: 1410:      {
        -: 1411:	if (__n >= size())
        -: 1412:	  __throw_out_of_range_fmt(__N("basic_string::at: __n "
        -: 1413:				       "(which is %zu) >= this->size() "
        -: 1414:				       "(which is %zu)"),
        -: 1415:				   __n, this->size());
        -: 1416:	return _M_data()[__n];
        -: 1417:      }
        -: 1418:
        -: 1419:#if __cplusplus >= 201103L
        -: 1420:      /**
        -: 1421:       *  Returns a read/write reference to the data at the first
        -: 1422:       *  element of the %string.
        -: 1423:       */
        -: 1424:      _GLIBCXX_NODISCARD _GLIBCXX20_CONSTEXPR
        -: 1425:      reference
        -: 1426:      front() noexcept
        -: 1427:      {
        -: 1428:	__glibcxx_assert(!empty());
        -: 1429:	return operator[](0);
        -: 1430:      }
        -: 1431:
        -: 1432:      /**
        -: 1433:       *  Returns a read-only (constant) reference to the data at the first
        -: 1434:       *  element of the %string.
        -: 1435:       */
        -: 1436:      _GLIBCXX_NODISCARD _GLIBCXX20_CONSTEXPR
        -: 1437:      const_reference
        -: 1438:      front() const noexcept
        -: 1439:      {
        -: 1440:	__glibcxx_assert(!empty());
        -: 1441:	return operator[](0);
        -: 1442:      }
        -: 1443:
        -: 1444:      /**
        -: 1445:       *  Returns a read/write reference to the data at the last
        -: 1446:       *  element of the %string.
        -: 1447:       */
        -: 1448:      _GLIBCXX_NODISCARD _GLIBCXX20_CONSTEXPR
        -: 1449:      reference
        -: 1450:      back() noexcept
        -: 1451:      {
        -: 1452:	__glibcxx_assert(!empty());
        -: 1453:	return operator[](this->size() - 1);
        -: 1454:      }
        -: 1455:
        -: 1456:      /**
        -: 1457:       *  Returns a read-only (constant) reference to the data at the
        -: 1458:       *  last element of the %string.
        -: 1459:       */
        -: 1460:      _GLIBCXX_NODISCARD _GLIBCXX20_CONSTEXPR
        -: 1461:      const_reference
        -: 1462:      back() const noexcept
        -: 1463:      {
        -: 1464:	__glibcxx_assert(!empty());
        -: 1465:	return operator[](this->size() - 1);
        -: 1466:      }
        -: 1467:#endif
        -: 1468:
        -: 1469:      // Modifiers:
        -: 1470:      /**
        -: 1471:       *  @brief  Append a string to this string.
        -: 1472:       *  @param __str  The string to append.
        -: 1473:       *  @return  Reference to this string.
        -: 1474:       */
        -: 1475:      _GLIBCXX20_CONSTEXPR
        -: 1476:      basic_string&
        -: 1477:      operator+=(const basic_string& __str)
        -: 1478:      { return this->append(__str); }
        -: 1479:
        -: 1480:      /**
        -: 1481:       *  @brief  Append a C string.
        -: 1482:       *  @param __s  The C string to append.
        -: 1483:       *  @return  Reference to this string.
        -: 1484:       */
        -: 1485:      _GLIBCXX20_CONSTEXPR
        -: 1486:      basic_string&
        -: 1487:      operator+=(const _CharT* __s)
        -: 1488:      { return this->append(__s); }
        -: 1489:
        -: 1490:      /**
        -: 1491:       *  @brief  Append a character.
        -: 1492:       *  @param __c  The character to append.
        -: 1493:       *  @return  Reference to this string.
        -: 1494:       */
        -: 1495:      _GLIBCXX20_CONSTEXPR
        -: 1496:      basic_string&
        -: 1497:      operator+=(_CharT __c)
        -: 1498:      {
        -: 1499:	this->push_back(__c);
        -: 1500:	return *this;
        -: 1501:      }
        -: 1502:
        -: 1503:#if __cplusplus >= 201103L
        -: 1504:      /**
        -: 1505:       *  @brief  Append an initializer_list of characters.
        -: 1506:       *  @param __l  The initializer_list of characters to be appended.
        -: 1507:       *  @return  Reference to this string.
        -: 1508:       */
        -: 1509:      _GLIBCXX20_CONSTEXPR
        -: 1510:      basic_string&
        -: 1511:      operator+=(initializer_list<_CharT> __l)
        -: 1512:      { return this->append(__l.begin(), __l.size()); }
        -: 1513:#endif // C++11
        -: 1514:
        -: 1515:#ifdef __glibcxx_string_view // >= C++17
        -: 1516:      /**
        -: 1517:       *  @brief  Append a string_view.
        -: 1518:       *  @param __svt  An object convertible to string_view to be appended.
        -: 1519:       *  @return  Reference to this string.
        -: 1520:       */
        -: 1521:      template<typename _Tp>
        -: 1522:	_GLIBCXX20_CONSTEXPR
        -: 1523:	_If_sv<_Tp, basic_string&>
        -: 1524:	operator+=(const _Tp& __svt)
        -: 1525:	{ return this->append(__svt); }
        -: 1526:#endif // C++17
        -: 1527:
        -: 1528:      /**
        -: 1529:       *  @brief  Append a string to this string.
        -: 1530:       *  @param __str  The string to append.
        -: 1531:       *  @return  Reference to this string.
        -: 1532:       */
        -: 1533:      _GLIBCXX20_CONSTEXPR
        -: 1534:      basic_string&
        -: 1535:      append(const basic_string& __str)
        -: 1536:      { return this->append(__str._M_data(), __str.size()); }
        -: 1537:
        -: 1538:      /**
        -: 1539:       *  @brief  Append a substring.
        -: 1540:       *  @param __str  The string to append.
        -: 1541:       *  @param __pos  Index of the first character of str to append.
        -: 1542:       *  @param __n  The number of characters to append.
        -: 1543:       *  @return  Reference to this string.
        -: 1544:       *  @throw  std::out_of_range if @a __pos is not a valid index.
        -: 1545:       *
        -: 1546:       *  This function appends @a __n characters from @a __str
        -: 1547:       *  starting at @a __pos to this string.  If @a __n is is larger
        -: 1548:       *  than the number of available characters in @a __str, the
        -: 1549:       *  remainder of @a __str is appended.
        -: 1550:       */
        -: 1551:      _GLIBCXX20_CONSTEXPR
        -: 1552:      basic_string&
        -: 1553:      append(const basic_string& __str, size_type __pos, size_type __n = npos)
        -: 1554:      { return this->append(__str._M_data()
        -: 1555:			    + __str._M_check(__pos, "basic_string::append"),
        -: 1556:			    __str._M_limit(__pos, __n)); }
        -: 1557:
        -: 1558:      /**
        -: 1559:       *  @brief  Append a C substring.
        -: 1560:       *  @param __s  The C string to append.
        -: 1561:       *  @param __n  The number of characters to append.
        -: 1562:       *  @return  Reference to this string.
        -: 1563:       */
        -: 1564:      _GLIBCXX20_CONSTEXPR
        -: 1565:      basic_string&
        -: 1566:      append(const _CharT* __s, size_type __n)
        -: 1567:      {
        -: 1568:	__glibcxx_requires_string_len(__s, __n);
        -: 1569:	_M_check_length(size_type(0), __n, "basic_string::append");
        -: 1570:	return _M_append(__s, __n);
        -: 1571:      }
        -: 1572:
        -: 1573:      /**
        -: 1574:       *  @brief  Append a C string.
        -: 1575:       *  @param __s  The C string to append.
        -: 1576:       *  @return  Reference to this string.
        -: 1577:       */
        -: 1578:      _GLIBCXX20_CONSTEXPR
        -: 1579:      basic_string&
        -: 1580:      append(const _CharT* __s)
        -: 1581:      {
        -: 1582:	__glibcxx_requires_string(__s);
        -: 1583:	const size_type __n = traits_type::length(__s);
        -: 1584:	_M_check_length(size_type(0), __n, "basic_string::append");
        -: 1585:	return _M_append(__s, __n);
        -: 1586:      }
        -: 1587:
        -: 1588:      /**
        -: 1589:       *  @brief  Append multiple characters.
        -: 1590:       *  @param __n  The number of characters to append.
        -: 1591:       *  @param __c  The character to use.
        -: 1592:       *  @return  Reference to this string.
        -: 1593:       *
        -: 1594:       *  Appends __n copies of __c to this string.
        -: 1595:       */
        -: 1596:      _GLIBCXX20_CONSTEXPR
        -: 1597:      basic_string&
        -: 1598:      append(size_type __n, _CharT __c)
        -: 1599:      { return _M_replace_aux(this->size(), size_type(0), __n, __c); }
        -: 1600:
        -: 1601:#if __glibcxx_containers_ranges // C++ >= 23
        -: 1602:      /**
        -: 1603:       * @brief Append a range to the string.
        -: 1604:       * @param __rg A range of values that are convertible to `value_type`.
        -: 1605:       * @since C++23
        -: 1606:       *
        -: 1607:       * The range `__rg` is allowed to overlap with `*this`.
        -: 1608:       */
        -: 1609:      template<__detail::__container_compatible_range<_CharT> _Rg>
        -: 1610:	constexpr basic_string&
        -: 1611:	append_range(_Rg&& __rg)
        -: 1612:	{
        -: 1613:	  // N.B. __rg may overlap with *this, so we must copy from __rg before
        -: 1614:	  // existing elements or iterators referring to *this are invalidated.
        -: 1615:	  // e.g. in s.append_range(views::concat(s, str)), rg overlaps s.
        -: 1616:	  if constexpr (ranges::forward_range<_Rg> || ranges::sized_range<_Rg>)
        -: 1617:	    {
        -: 1618:	      const auto __len = size_type(ranges::distance(__rg));
        -: 1619:
        -: 1620:	      // Don't care if this addition wraps around, we check it below:
        -: 1621:	      const size_type __newlen = size() + __len;
        -: 1622:
        -: 1623:	      if ((capacity() - size()) >= __len)
        -: 1624:		_S_copy_range(_M_data() + size(), std::forward<_Rg>(__rg),
        -: 1625:			      __len);
        -: 1626:	      else
        -: 1627:		{
        -: 1628:		  _M_check_length(0, __len, "basic_string::append_range");
        -: 1629:		  basic_string __s(_M_get_allocator());
        -: 1630:		  __s.reserve(__newlen);
        -: 1631:		  _S_copy_range(__s._M_data() + size(), std::forward<_Rg>(__rg),
        -: 1632:				__len);
        -: 1633:		  _S_copy(__s._M_data(), _M_data(), size());
        -: 1634:		  if (!_M_is_local())
        -: 1635:		    _M_destroy(_M_allocated_capacity);
        -: 1636:		  _M_data(__s._M_data());
        -: 1637:		  _M_capacity(__s._M_allocated_capacity);
        -: 1638:		  __s._M_data(__s._M_local_data());
        -: 1639:		  __s._M_length(0);
        -: 1640:		}
        -: 1641:	      _M_set_length(__newlen); // adds null-terminator
        -: 1642:	    }
        -: 1643:	  else
        -: 1644:	    {
        -: 1645:	      basic_string __s(from_range, std::forward<_Rg>(__rg),
        -: 1646:			       _M_get_allocator());
        -: 1647:	      append(__s);
        -: 1648:	    }
        -: 1649:	  return *this;
        -: 1650:	}
        -: 1651:#endif
        -: 1652:
        -: 1653:#if __cplusplus >= 201103L
        -: 1654:      /**
        -: 1655:       *  @brief  Append an initializer_list of characters.
        -: 1656:       *  @param __l  The initializer_list of characters to append.
        -: 1657:       *  @return  Reference to this string.
        -: 1658:       */
        -: 1659:      _GLIBCXX20_CONSTEXPR
        -: 1660:      basic_string&
        -: 1661:      append(initializer_list<_CharT> __l)
        -: 1662:      { return this->append(__l.begin(), __l.size()); }
        -: 1663:#endif // C++11
        -: 1664:
        -: 1665:      /**
        -: 1666:       *  @brief  Append a range of characters.
[...]
        -: 4590:      __detail::__to_chars_10_impl(__p, __n, __val);
        -: 4591:      return __n;
        -: 4592:    });
        -: 4593:    return __str;
        -: 4594:  }
        -: 4595:
        -: 4596:  _GLIBCXX_NODISCARD
        -: 4597:  inline string
        -: 4598:  to_string(long long __val)
        -: 4599:  {
        -: 4600:    const bool __neg = __val < 0;
        -: 4601:    const unsigned long long __uval
        -: 4602:      = __neg ? (unsigned long long)~__val + 1ull : __val;
        -: 4603:    const auto __len = __detail::__to_chars_len(__uval);
        -: 4604:    string __str;
        -: 4605:    __str.__resize_and_overwrite(__neg + __len, [=](char* __p, size_t __n) {
        -: 4606:      __p[0] = '-';
        -: 4607:      __detail::__to_chars_10_impl(__p + (int)__neg, __len, __uval);
        -: 4608:      return __n;
        -: 4609:    });
        -: 4610:    return __str;
        -: 4611:  }
        -: 4612:
        -: 4613:  _GLIBCXX_NODISCARD
        -: 4614:  inline string
        -: 4615:  to_string(unsigned long long __val)
        -: 4616:  {
        -: 4617:    const auto __len = __detail::__to_chars_len(__val);
        -: 4618:    string __str;
        -: 4619:    __str.__resize_and_overwrite(__len, [__val](char* __p, size_t __n) {
        -: 4620:      __detail::__to_chars_10_impl(__p, __n, __val);
        -: 4621:      return __n;
        -: 4622:    });
        -: 4623:    return __str;
        -: 4624:  }
        -: 4625:
        -: 4626:#if __glibcxx_to_string >= 202306L // C++ >= 26
        -: 4627:
        -: 4628:  [[nodiscard]]
        -: 4629:  inline string
        -: 4630:  to_string(float __val)
        -: 4631:  {
        -: 4632:    string __str;
        -: 4633:    size_t __len = 15;
        -: 4634:    do {
        -: 4635:      __str.resize_and_overwrite(__len,
        -: 4636:				 [__val, &__len] (char* __p, size_t __n) {
        -: 4637:	auto [__end, __err] = std::to_chars(__p, __p + __n, __val);
        -: 4638:	if (__err == errc{}) [[likely]]
        -: 4639:	  return __end - __p;
        -: 4640:	__len *= 2;
        -: 4641:	return __p - __p;;
        -: 4642:      });
        -: 4643:    } while (__str.empty());
        -: 4644:    return __str;
        -: 4645:  }
        -: 4646:
        -: 4647:  [[nodiscard]]
        -: 4648:  inline string
        -: 4649:  to_string(double __val)
        -: 4650:  {
        -: 4651:    string __str;
        -: 4652:    size_t __len = 15;
        -: 4653:    do {
        -: 4654:      __str.resize_and_overwrite(__len,
        -: 4655:				 [__val, &__len] (char* __p, size_t __n) {
        -: 4656:	auto [__end, __err] = std::to_chars(__p, __p + __n, __val);
        -: 4657:	if (__err == errc{}) [[likely]]
        -: 4658:	  return __end - __p;
        -: 4659:	__len *= 2;
        -: 4660:	return __p - __p;;
        -: 4661:      });
        -: 4662:    } while (__str.empty());
        -: 4663:    return __str;
        -: 4664:  }
        -: 4665:
        -: 4666:  [[nodiscard]]
        -: 4667:  inline string
        -: 4668:  to_string(long double __val)
        -: 4669:  {
        -: 4670:    string __str;
        -: 4671:    size_t __len = 15;
        -: 4672:    do {
        -: 4673:      __str.resize_and_overwrite(__len,
        -: 4674:				 [__val, &__len] (char* __p, size_t __n) {
        -: 4675:	auto [__end, __err] = std::to_chars(__p, __p + __n, __val);
        -: 4676:	if (__err == errc{}) [[likely]]
        -: 4677:	  return __end - __p;
        -: 4678:	__len *= 2;
        -: 4679:	return __p - __p;;
        -: 4680:      });
        -: 4681:    } while (__str.empty());
        -: 4682:    return __str;
        -: 4683:  }
        -: 4684:#elif _GLIBCXX_USE_C99_STDIO
        -: 4685:#pragma GCC diagnostic push
        -: 4686:#pragma GCC diagnostic ignored "-Wsuggest-attribute=format"
        -: 4687:  // NB: (v)snprintf vs sprintf.
        -: 4688:
        -: 4689:  _GLIBCXX_NODISCARD
        -: 4690:  inline string
        -: 4691:  to_string(float __val)
        -: 4692:  {
        -: 4693:    const int __n =
        -: 4694:      __gnu_cxx::__numeric_traits<float>::__max_exponent10 + 20;
        -: 4695:    return __gnu_cxx::__to_xstring<string>(&std::vsnprintf, __n,
        -: 4696:					   "%f", __val);
        -: 4697:  }
        -: 4698:
        -: 4699:  _GLIBCXX_NODISCARD
        -: 4700:  inline string
        -: 4701:  to_string(double __val)
        -: 4702:  {
        -: 4703:    const int __n =
        -: 4704:      __gnu_cxx::__numeric_traits<double>::__max_exponent10 + 20;
        -: 4705:    return __gnu_cxx::__to_xstring<string>(&std::vsnprintf, __n,
        -: 4706:					   "%f", __val);
        -: 4707:  }
        -: 4708:
        -: 4709:  _GLIBCXX_NODISCARD
        -: 4710:  inline string
        -: 4711:  to_string(long double __val)
        -: 4712:  {
        -: 4713:    const int __n =
        -: 4714:      __gnu_cxx::__numeric_traits<long double>::__max_exponent10 + 20;
        -: 4715:    return __gnu_cxx::__to_xstring<string>(&std::vsnprintf, __n,
        -: 4716:					   "%Lf", __val);
        -: 4717:  }
        -: 4718:#pragma GCC diagnostic pop
        -: 4719:#endif // _GLIBCXX_USE_C99_STDIO
        -: 4720:
        -: 4721:#if defined(_GLIBCXX_USE_WCHAR_T) && _GLIBCXX_USE_C99_WCHAR
        -: 4722:  inline int
        -: 4723:  stoi(const wstring& __str, size_t* __idx = 0, int __base = 10)
        -: 4724:  { return __gnu_cxx::__stoa<long, int>(&std::wcstol, "stoi", __str.c_str(),
        -: 4725:					__idx, __base); }
        -: 4726:
        -: 4727:  inline long
        -: 4728:  stol(const wstring& __str, size_t* __idx = 0, int __base = 10)
        -: 4729:  { return __gnu_cxx::__stoa(&std::wcstol, "stol", __str.c_str(),
        -: 4730:			     __idx, __base); }
        -: 4731:
        -: 4732:  inline unsigned long
        -: 4733:  stoul(const wstring& __str, size_t* __idx = 0, int __base = 10)
        -: 4734:  { return __gnu_cxx::__stoa(&std::wcstoul, "stoul", __str.c_str(),
        -: 4735:			     __idx, __base); }
        -: 4736:
        -: 4737:  inline long long
        -: 4738:  stoll(const wstring& __str, size_t* __idx = 0, int __base = 10)
        -: 4739:  { return __gnu_cxx::__stoa(&std::wcstoll, "stoll", __str.c_str(),
        -: 4740:			     __idx, __base); }
        -: 4741:
        -: 4742:  inline unsigned long long
        -: 4743:  stoull(const wstring& __str, size_t* __idx = 0, int __base = 10)
        -: 4744:  { return __gnu_cxx::__stoa(&std::wcstoull, "stoull", __str.c_str(),
        -: 4745:			     __idx, __base); }
        -: 4746:
        -: 4747:  // NB: wcstof vs wcstod.
        -: 4748:  inline float
        -: 4749:  stof(const wstring& __str, size_t* __idx = 0)
        -: 4750:  { return __gnu_cxx::__stoa(&std::wcstof, "stof", __str.c_str(), __idx); }
        -: 4751:
        -: 4752:  inline double
        -: 4753:  stod(const wstring& __str, size_t* __idx = 0)
        -: 4754:  { return __gnu_cxx::__stoa(&std::wcstod, "stod", __str.c_str(), __idx); }
        -: 4755:
        -: 4756:  inline long double
        -: 4757:  stold(const wstring& __str, size_t* __idx = 0)
        -: 4758:  { return __gnu_cxx::__stoa(&std::wcstold, "stold", __str.c_str(), __idx); }
        -: 4759:#endif
        -: 4760:
        -: 4761:#ifdef _GLIBCXX_USE_WCHAR_T
        -: 4762:#pragma GCC diagnostic push
        -: 4763:#pragma GCC diagnostic ignored "-Wc++17-extensions"
        -: 4764:  _GLIBCXX20_CONSTEXPR
        -: 4765:  inline void
        -: 4766:  __to_wstring_numeric(const char* __s, int __len, wchar_t* __wout)
        -: 4767:  {
        -: 4768:    // This condition is true if exec-charset and wide-exec-charset share the
        -: 4769:    // same values for the ASCII subset or the EBCDIC invariant character set.
        -: 4770:    if constexpr (wchar_t('0') == L'0' && wchar_t('-') == L'-'
        -: 4771:		    && wchar_t('.') == L'.' && wchar_t('e') == L'e')
        -: 4772:      {
        -: 4773:	for (int __i = 0; __i < __len; ++__i)
        -: 4774:	  __wout[__i] = (wchar_t) __s[__i];
        -: 4775:      }
        -: 4776:    else
        -: 4777:      {
        -: 4778:	wchar_t __wc[256];
        -: 4779:	for (int __i = '0'; __i <= '9'; ++__i)
        -: 4780:	  __wc[__i] = L'0' + __i;
        -: 4781:	__wc['.'] = L'.';
        -: 4782:	__wc['+'] = L'+';
        -: 4783:	__wc['-'] = L'-';
        -: 4784:	__wc['a'] = L'a';
        -: 4785:	__wc['b'] = L'b';
        -: 4786:	__wc['c'] = L'c';
        -: 4787:	__wc['d'] = L'd';
        -: 4788:	__wc['e'] = L'e';
        -: 4789:	__wc['f'] = L'f';
        -: 4790:	__wc['i'] = L'i'; // for "inf"
        -: 4791:	__wc['n'] = L'n'; // for "nan" and "inf"
        -: 4792:	__wc['p'] = L'p'; // for hexfloats "0x1p1"
        -: 4793:	__wc['x'] = L'x';
        -: 4794:	__wc['A'] = L'A';
        -: 4795:	__wc['B'] = L'B';
        -: 4796:	__wc['C'] = L'C';
        -: 4797:	__wc['D'] = L'D';
        -: 4798:	__wc['E'] = L'E';
        -: 4799:	__wc['F'] = L'F';
        -: 4800:	__wc['I'] = L'I';
        -: 4801:	__wc['N'] = L'N';
        -: 4802:	__wc['P'] = L'P';
        -: 4803:	__wc['X'] = L'X';
        -: 4804:
        -: 4805:	for (int __i = 0; __i < __len; ++__i)
        -: 4806:	  __wout[__i] = __wc[(int)__s[__i]];
        -: 4807:      }
        -: 4808:  }
        -: 4809:
        -: 4810:#if __glibcxx_constexpr_string >= 201907L
        -: 4811:  constexpr
        -: 4812:#endif
        -: 4813:  inline wstring
        -: 4814:#ifdef __glibcxx_string_view // >= C++17
        -: 4815:  __to_wstring_numeric(string_view __s)
        -: 4816:#else
        -: 4817:  __to_wstring_numeric(const string& __s)
        -: 4818:#endif
        -: 4819:  {
        -: 4820:    if constexpr (wchar_t('0') == L'0' && wchar_t('-') == L'-'
        -: 4821:		    && wchar_t('.') == L'.' && wchar_t('e') == L'e')
        -: 4822:      return wstring(__s.data(), __s.data() + __s.size());
        -: 4823:    else
        -: 4824:      {
        -: 4825:	wstring __ws;
        -: 4826:	auto __f = __s.data();
        -: 4827:	__ws.__resize_and_overwrite(__s.size(),
        -: 4828:				    [__f] (wchar_t* __to, int __n) {
        -: 4829:				      std::__to_wstring_numeric(__f, __n, __to);
        -: 4830:				      return __n;
        -: 4831:				    });
        -: 4832:	return __ws;
        -: 4833:      }
        -: 4834:  }
        -: 4835:#pragma GCC diagnostic pop
        -: 4836:
        -: 4837:  _GLIBCXX_NODISCARD
        -: 4838:  inline wstring
        -: 4839:  to_wstring(int __val)
        -: 4840:  { return std::__to_wstring_numeric(std::to_string(__val)); }
        -: 4841:
        -: 4842:  _GLIBCXX_NODISCARD
        -: 4843:  inline wstring
        -: 4844:  to_wstring(unsigned __val)
        -: 4845:  { return std::__to_wstring_numeric(std::to_string(__val)); }
        -: 4846:
        -: 4847:  _GLIBCXX_NODISCARD
        -: 4848:  inline wstring
        -: 4849:  to_wstring(long __val)
        -: 4850:  { return std::__to_wstring_numeric(std::to_string(__val)); }
        -: 4851:
        -: 4852:  _GLIBCXX_NODISCARD
        -: 4853:  inline wstring
        -: 4854:  to_wstring(unsigned long __val)
        -: 4855:  { return std::__to_wstring_numeric(std::to_string(__val)); }
        -: 4856:
        -: 4857:  _GLIBCXX_NODISCARD
        -: 4858:  inline wstring
        -: 4859:  to_wstring(long long __val)
        -: 4860:  { return std::__to_wstring_numeric(std::to_string(__val)); }
        -: 4861:
        -: 4862:  _GLIBCXX_NODISCARD
        -: 4863:  inline wstring
        -: 4864:  to_wstring(unsigned long long __val)
        -: 4865:  { return std::__to_wstring_numeric(std::to_string(__val)); }
        -: 4866:
        -: 4867:#if __glibcxx_to_string || _GLIBCXX_USE_C99_STDIO
        -: 4868:  _GLIBCXX_NODISCARD
        -: 4869:  inline wstring
        -: 4870:  to_wstring(float __val)
        -: 4871:  { return std::__to_wstring_numeric(std::to_string(__val)); }
        -: 4872:
        -: 4873:  _GLIBCXX_NODISCARD
        -: 4874:  inline wstring
        -: 4875:  to_wstring(double __val)
        -: 4876:  { return std::__to_wstring_numeric(std::to_string(__val)); }
        -: 4877:
        -: 4878:  _GLIBCXX_NODISCARD
        -: 4879:  inline wstring
        -: 4880:  to_wstring(long double __val)
        -: 4881:  { return std::__to_wstring_numeric(std::to_string(__val)); }
        -: 4882:#endif
        -: 4883:#endif // _GLIBCXX_USE_WCHAR_T
        -: 4884:
        -: 4885:_GLIBCXX_END_NAMESPACE_CXX11
        -: 4886:_GLIBCXX_END_NAMESPACE_VERSION
        -: 4887:} // namespace
        -: 4888:
        -: 4889:#endif /* C++11 */
        -: 4890:
        -: 4891:#if __cplusplus >= 201103L
        -: 4892:
        -: 4893:#include <bits/functional_hash.h>
        -: 4894:
        -: 4895:namespace std _GLIBCXX_VISIBILITY(default)
        -: 4896:{
        -: 4897:_GLIBCXX_BEGIN_NAMESPACE_VERSION
        -: 4898:
        -: 4899:  // _GLIBCXX_RESOLVE_LIB_DEFECTS
        -: 4900:  // 3705. Hashability shouldn't depend on basic_string's allocator
        -: 4901:
        -: 4902:  template<typename _CharT, typename _Alloc,
        -: 4903:	   typename _StrT = basic_string<_CharT, char_traits<_CharT>, _Alloc>>
        -: 4904:    struct __str_hash_base
        -: 4905:    : public __hash_base<size_t, _StrT>
        -: 4906:    {
        -: 4907:      [[__nodiscard__]]
        -: 4908:      size_t
        -: 4909:      operator()(const _StrT& __s) const noexcept
        -: 4910:      { return _Hash_impl::hash(__s.data(), __s.length() * sizeof(_CharT)); }
        -: 4911:    };
        -: 4912:
        -: 4913:#ifndef _GLIBCXX_COMPATIBILITY_CXX0X
        -: 4914:  /// std::hash specialization for string.
        -: 4915:  template<typename _Alloc>
        -: 4916:    struct hash<basic_string<char, char_traits<char>, _Alloc>>
        -: 4917:    : public __str_hash_base<char, _Alloc>
        -: 4918:    { };
        -: 4919:
        -: 4920:  /// std::hash specialization for wstring.
        -: 4921:  template<typename _Alloc>
        -: 4922:    struct hash<basic_string<wchar_t, char_traits<wchar_t>, _Alloc>>
        -: 4923:    : public __str_hash_base<wchar_t, _Alloc>
        -: 4924:    { };
        -: 4925:
        -: 4926:  template<typename _Alloc>
        -: 4927:    struct __is_fast_hash<hash<basic_string<wchar_t, char_traits<wchar_t>,
        -: 4928:					    _Alloc>>>
        -: 4929:    : std::false_type
        -: 4930:    { };
        -: 4931:#endif /* _GLIBCXX_COMPATIBILITY_CXX0X */
        -: 4932:
        -: 4933:#ifdef _GLIBCXX_USE_CHAR8_T
        -: 4934:  /// std::hash specialization for u8string.
        -: 4935:  template<typename _Alloc>
        -: 4936:    struct hash<basic_string<char8_t, char_traits<char8_t>, _Alloc>>
        -: 4937:    : public __str_hash_base<char8_t, _Alloc>
        -: 4938:    { };
        -: 4939:#endif
        -: 4940:
        -: 4941:  /// std::hash specialization for u16string.
        -: 4942:  template<typename _Alloc>
        -: 4943:    struct hash<basic_string<char16_t, char_traits<char16_t>, _Alloc>>
        -: 4944:    : public __str_hash_base<char16_t, _Alloc>
        -: 4945:    { };
        -: 4946:
        -: 4947:  /// std::hash specialization for u32string.
        -: 4948:  template<typename _Alloc>
        -: 4949:    struct hash<basic_string<char32_t, char_traits<char32_t>, _Alloc>>
        -: 4950:    : public __str_hash_base<char32_t, _Alloc>
        -: 4951:    { };
        -: 4952:
        -: 4953:#if ! _GLIBCXX_INLINE_VERSION
        -: 4954:  // PR libstdc++/105907 - __is_fast_hash affects unordered container ABI.
        -: 4955:  template<> struct __is_fast_hash<hash<string>> : std::false_type { };
        -: 4956:  template<> struct __is_fast_hash<hash<wstring>> : std::false_type { };
        -: 4957:  template<> struct __is_fast_hash<hash<u16string>> : std::false_type { };
        -: 4958:  template<> struct __is_fast_hash<hash<u32string>> : std::false_type { };
        -: 4959:#ifdef _GLIBCXX_USE_CHAR8_T
        -: 4960:  template<> struct __is_fast_hash<hash<u8string>> : std::false_type { };
        -: 4961:#endif
        -: 4962:#else
        -: 4963:  // For versioned namespace, assume every std::hash<basic_string<>> is slow.
        -: 4964:  template<typename _CharT, typename _Traits, typename _Alloc>
        -: 4965:    struct __is_fast_hash<hash<basic_string<_CharT, _Traits, _Alloc>>>
        -: 4966:    : std::false_type
        -: 4967:    { };
        -: 4968:#endif
        -: 4969:
        -: 4970:#ifdef __glibcxx_string_udls // C++ >= 14
        -: 4971:  inline namespace literals
        -: 4972:  {
        -: 4973:  inline namespace string_literals
        -: 4974:  {
        -: 4975:#pragma GCC diagnostic push
        -: 4976:#pragma GCC diagnostic ignored "-Wliteral-suffix"
        -: 4977:
        -: 4978:#if __glibcxx_constexpr_string >= 201907L
        -: 4979:# define _GLIBCXX_STRING_CONSTEXPR constexpr
        -: 4980:#else
        -: 4981:# define _GLIBCXX_STRING_CONSTEXPR
        -: 4982:#endif
        -: 4983:
        -: 4984:    _GLIBCXX_DEFAULT_ABI_TAG _GLIBCXX_STRING_CONSTEXPR
        -: 4985:    inline basic_string<char>
        -: 4986:    operator""s(const char* __str, size_t __len)
        -: 4987:    { return basic_string<char>{__str, __len}; }
        -: 4988:
        -: 4989:    _GLIBCXX_DEFAULT_ABI_TAG _GLIBCXX_STRING_CONSTEXPR
        -: 4990:    inline basic_string<wchar_t>
        -: 4991:    operator""s(const wchar_t* __str, size_t __len)
        -: 4992:    { return basic_string<wchar_t>{__str, __len}; }
        -: 4993:
        -: 4994:#ifdef _GLIBCXX_USE_CHAR8_T
        -: 4995:    _GLIBCXX_DEFAULT_ABI_TAG _GLIBCXX_STRING_CONSTEXPR
        -: 4996:    inline basic_string<char8_t>
        -: 4997:    operator""s(const char8_t* __str, size_t __len)
        -: 4998:    { return basic_string<char8_t>{__str, __len}; }
        -: 4999:#endif
        -: 5000:
        -: 5001:    _GLIBCXX_DEFAULT_ABI_TAG _GLIBCXX_STRING_CONSTEXPR
        -: 5002:    inline basic_string<char16_t>
        -: 5003:    operator""s(const char16_t* __str, size_t __len)
        -: 5004:    { return basic_string<char16_t>{__str, __len}; }
        -: 5005:
        -: 5006:    _GLIBCXX_DEFAULT_ABI_TAG _GLIBCXX_STRING_CONSTEXPR
        -: 5007:    inline basic_string<char32_t>
        -: 5008:    operator""s(const char32_t* __str, size_t __len)
        -: 5009:    { return basic_string<char32_t>{__str, __len}; }
        -: 5010:
        -: 5011:#undef _GLIBCXX_STRING_CONSTEXPR
        -: 5012:#pragma GCC diagnostic pop
        -: 5013:  } // inline namespace string_literals
        -: 5014:  } // inline namespace literals
        -: 5015:#endif // __glibcxx_string_udls
        -: 5016:
        -: 5017:#ifdef __glibcxx_variant // >= C++17
        -: 5018:  namespace __detail::__variant
        -: 5019:  {
        -: 5020:    template<typename> struct _Never_valueless_alt; // see <variant>
        -: 5021:
        -: 5022:    // Provide the strong exception-safety guarantee when emplacing a
        -: 5023:    // basic_string into a variant, but only if moving the string cannot throw.
        -: 5024:    template<typename _Tp, typename _Traits, typename _Alloc>
        -: 5025:      struct _Never_valueless_alt<std::basic_string<_Tp, _Traits, _Alloc>>
        -: 5026:      : __and_<
        -: 5027:	is_nothrow_move_constructible<std::basic_string<_Tp, _Traits, _Alloc>>,
        -: 5028:	is_nothrow_move_assignable<std::basic_string<_Tp, _Traits, _Alloc>>
        -: 5029:	>::type
        -: 5030:      { };
        -: 5031:  }  // namespace __detail::__variant
        -: 5032:#endif // C++17
        -: 5033:
        -: 5034:_GLIBCXX_END_NAMESPACE_VERSION
        -: 5035:} // namespace std
        -: 5036:
        -: 5037:#endif // C++11
        -: 5038:
        -: 5039:#endif /* _BASIC_STRING_H */
