        -:    0:Source:/usr/include/c++/15/type_traits
        -:    0:Graph:build-cov/tests/unit/CMakeFiles/sdk_core_tests.dir/__/__/sdks/core/src/sdk.cc.gcno
        -:    0:Data:build-cov/tests/unit/CMakeFiles/sdk_core_tests.dir/__/__/sdks/core/src/sdk.cc.gcda
        -:    0:Runs:1
        -:    1:// C++11 <type_traits> -*- C++ -*-
        -:    2:
        -:    3:// Copyright (C) 2007-2025 Free Software Foundation, Inc.
        -:    4://
        -:    5:// This file is part of the GNU ISO C++ Library.  This library is free
        -:    6:// software; you can redistribute it and/or modify it under the
        -:    7:// terms of the GNU General Public License as published by the
        -:    8:// Free Software Foundation; either version 3, or (at your option)
        -:    9:// any later version.
        -:   10:
        -:   11:// This library is distributed in the hope that it will be useful,
        -:   12:// but WITHOUT ANY WARRANTY; without even the implied warranty of
        -:   13:// MERCHANTABILITY or FITNESS FOR A PARTICULAR PURPOSE.  See the
        -:   14:// GNU General Public License for more details.
        -:   15:
        -:   16:// Under Section 7 of GPL version 3, you are granted additional
        -:   17:// permissions described in the GCC Runtime Library Exception, version
        -:   18:// 3.1, as published by the Free Software Foundation.
        -:   19:
        -:   20:// You should have received a copy of the GNU General Public License and
        -:   21:// a copy of the GCC Runtime Library Exception along with this program;
        -:   22:// see the files COPYING3 and COPYING.RUNTIME respectively.  If not, see
        -:   23:// <http://www.gnu.org/licenses/>.
        -:   24:
        -:   25:/** @file include/type_traits
        -:   26: *  This is a Standard C++ Library header.
        -:   27: */
        -:   28:
        -:   29:#ifndef _GLIBCXX_TYPE_TRAITS
        -:   30:#define _GLIBCXX_TYPE_TRAITS 1
        -:   31:
        -:   32:#ifdef _GLIBCXX_SYSHDR
        -:   33:#pragma GCC system_header
        -:   34:#endif
        -:   35:
        -:   36:#if __cplusplus < 201103L
        -:   37:# include <bits/c++0x_warning.h>
        -:   38:#else
        -:   39:
        -:   40:#include <bits/c++config.h>
        -:   41:
        -:   42:#define __glibcxx_want_bool_constant
        -:   43:#define __glibcxx_want_bounded_array_traits
        -:   44:#define __glibcxx_want_common_reference
        -:   45:#define __glibcxx_want_has_unique_object_representations
        -:   46:#define __glibcxx_want_integral_constant_callable
        -:   47:#define __glibcxx_want_is_aggregate
        -:   48:#define __glibcxx_want_is_constant_evaluated
        -:   49:#define __glibcxx_want_is_final
        -:   50:#define __glibcxx_want_is_invocable
        -:   51:#define __glibcxx_want_is_layout_compatible
        -:   52:#define __glibcxx_want_is_nothrow_convertible
        -:   53:#define __glibcxx_want_is_null_pointer
        -:   54:#define __glibcxx_want_is_pointer_interconvertible
        -:   55:#define __glibcxx_want_is_scoped_enum
        -:   56:#define __glibcxx_want_is_swappable
        -:   57:#define __glibcxx_want_is_virtual_base_of
        -:   58:#define __glibcxx_want_logical_traits
        -:   59:#define __glibcxx_want_reference_from_temporary
        -:   60:#define __glibcxx_want_remove_cvref
        -:   61:#define __glibcxx_want_result_of_sfinae
        -:   62:#define __glibcxx_want_transformation_trait_aliases
        -:   63:#define __glibcxx_want_type_identity
        -:   64:#define __glibcxx_want_type_trait_variable_templates
        -:   65:#define __glibcxx_want_unwrap_ref
        -:   66:#define __glibcxx_want_void_t
        -:   67:#include <bits/version.h>
        -:   68:
        -:   69:extern "C++"
        -:   70:{
        -:   71:namespace std _GLIBCXX_VISIBILITY(default)
        -:   72:{
        -:   73:_GLIBCXX_BEGIN_NAMESPACE_VERSION
        -:   74:
        -:   75:  template<typename _Tp>
        -:   76:    class reference_wrapper;
        -:   77:
        -:   78:  /**
        -:   79:   * @defgroup metaprogramming Metaprogramming
        -:   80:   * @ingroup utilities
        -:   81:   *
        -:   82:   * Template utilities for compile-time introspection and modification,
        -:   83:   * including type classification traits, type property inspection traits
        -:   84:   * and type transformation traits.
        -:   85:   *
        -:   86:   * @since C++11
        -:   87:   *
        -:   88:   * @{
        -:   89:   */
        -:   90:
        -:   91:  /// integral_constant
        -:   92:  template<typename _Tp, _Tp __v>
        -:   93:    struct integral_constant
        -:   94:    {
        -:   95:      static constexpr _Tp value = __v;
        -:   96:      using value_type = _Tp;
        -:   97:      using type = integral_constant<_Tp, __v>;
        -:   98:      constexpr operator value_type() const noexcept { return value; }
        -:   99:
        -:  100:#ifdef __cpp_lib_integral_constant_callable // C++ >= 14
        -:  101:      constexpr value_type operator()() const noexcept { return value; }
        -:  102:#endif
        -:  103:    };
        -:  104:
        -:  105:#if ! __cpp_inline_variables
        -:  106:  template<typename _Tp, _Tp __v>
        -:  107:    constexpr _Tp integral_constant<_Tp, __v>::value;
        -:  108:#endif
        -:  109:
        -:  110:  /// @cond undocumented
        -:  111:  /// bool_constant for C++11
        -:  112:  template<bool __v>
        -:  113:    using __bool_constant = integral_constant<bool, __v>;
        -:  114:  /// @endcond
        -:  115:
        -:  116:  /// The type used as a compile-time boolean with true value.
        -:  117:  using true_type =  __bool_constant<true>;
        -:  118:
        -:  119:  /// The type used as a compile-time boolean with false value.
        -:  120:  using false_type = __bool_constant<false>;
        -:  121:
        -:  122:#ifdef __cpp_lib_bool_constant // C++ >= 17
        -:  123:  /// Alias template for compile-time boolean constant types.
        -:  124:  /// @since C++17
        -:  125:  template<bool __v>
        -:  126:    using bool_constant = __bool_constant<__v>;
        -:  127:#endif
        -:  128:
        -:  129:  // Metaprogramming helper types.
        -:  130:
        -:  131:  // Primary template.
        -:  132:  /// Define a member typedef `type` only if a boolean constant is true.
        -:  133:  template<bool, typename _Tp = void>
        -:  134:    struct enable_if
        -:  135:    { };
        -:  136:
        -:  137:  // Partial specialization for true.
        -:  138:  template<typename _Tp>
        -:  139:    struct enable_if<true, _Tp>
        -:  140:    { using type = _Tp; };
        -:  141:
        -:  142:  // __enable_if_t (std::enable_if_t for C++11)
        -:  143:  template<bool _Cond, typename _Tp = void>
        -:  144:    using __enable_if_t = typename enable_if<_Cond, _Tp>::type;
        -:  145:
        -:  146:  template<bool>
        -:  147:    struct __conditional
        -:  148:    {
        -:  149:      template<typename _Tp, typename>
        -:  150:	using type = _Tp;
        -:  151:    };
        -:  152:
        -:  153:  template<>
        -:  154:    struct __conditional<false>
        -:  155:    {
        -:  156:      template<typename, typename _Up>
        -:  157:	using type = _Up;
        -:  158:    };
        -:  159:
        -:  160:  // More efficient version of std::conditional_t for internal use (and C++11)
        -:  161:  template<bool _Cond, typename _If, typename _Else>
        -:  162:    using __conditional_t
        -:  163:      = typename __conditional<_Cond>::template type<_If, _Else>;
        -:  164:
        -:  165:  /// @cond undocumented
        -:  166:  template <typename _Type>
        -:  167:    struct __type_identity
        -:  168:    { using type = _Type; };
        -:  169:
        -:  170:  template<typename _Tp>
        -:  171:    using __type_identity_t = typename __type_identity<_Tp>::type;
        -:  172:
        -:  173:  namespace __detail
        -:  174:  {
        -:  175:    // A variadic alias template that resolves to its first argument.
        -:  176:    template<typename _Tp, typename...>
        -:  177:      using __first_t = _Tp;
        -:  178:
        -:  179:    // These are deliberately not defined.
        -:  180:    template<typename... _Bn>
        -:  181:      auto __or_fn(int) -> __first_t<false_type,
        -:  182:				     __enable_if_t<!bool(_Bn::value)>...>;
        -:  183:
        -:  184:    template<typename... _Bn>
        -:  185:      auto __or_fn(...) -> true_type;
        -:  186:
        -:  187:    template<typename... _Bn>
        -:  188:      auto __and_fn(int) -> __first_t<true_type,
        -:  189:				      __enable_if_t<bool(_Bn::value)>...>;
        -:  190:
        -:  191:    template<typename... _Bn>
        -:  192:      auto __and_fn(...) -> false_type;
        -:  193:  } // namespace detail
        -:  194:
        -:  195:  // Like C++17 std::dis/conjunction, but usable in C++11 and resolves
        -:  196:  // to either true_type or false_type which allows for a more efficient
        -:  197:  // implementation that avoids recursive class template instantiation.
        -:  198:  template<typename... _Bn>
        -:  199:    struct __or_
        -:  200:    : decltype(__detail::__or_fn<_Bn...>(0))
        -:  201:    { };
        -:  202:
        -:  203:  template<typename... _Bn>
        -:  204:    struct __and_
        -:  205:    : decltype(__detail::__and_fn<_Bn...>(0))
        -:  206:    { };
        -:  207:
        -:  208:  template<typename _Pp>
        -:  209:    struct __not_
        -:  210:    : __bool_constant<!bool(_Pp::value)>
        -:  211:    { };
        -:  212:  /// @endcond
        -:  213:
        -:  214:#ifdef __cpp_lib_logical_traits // C++ >= 17
        -:  215:
        -:  216:  /// @cond undocumented
        -:  217:  template<typename... _Bn>
        -:  218:    inline constexpr bool __or_v = __or_<_Bn...>::value;
        -:  219:  template<typename... _Bn>
        -:  220:    inline constexpr bool __and_v = __and_<_Bn...>::value;
        -:  221:
        -:  222:  namespace __detail
        -:  223:  {
        -:  224:    template<typename /* = void */, typename _B1, typename... _Bn>
        -:  225:      struct __disjunction_impl
        -:  226:      { using type = _B1; };
        -:  227:
        -:  228:    template<typename _B1, typename _B2, typename... _Bn>
        -:  229:      struct __disjunction_impl<__enable_if_t<!bool(_B1::value)>, _B1, _B2, _Bn...>
        -:  230:      { using type = typename __disjunction_impl<void, _B2, _Bn...>::type; };
        -:  231:
        -:  232:    template<typename /* = void */, typename _B1, typename... _Bn>
        -:  233:      struct __conjunction_impl
        -:  234:      { using type = _B1; };
        -:  235:
        -:  236:    template<typename _B1, typename _B2, typename... _Bn>
        -:  237:      struct __conjunction_impl<__enable_if_t<bool(_B1::value)>, _B1, _B2, _Bn...>
        -:  238:      { using type = typename __conjunction_impl<void, _B2, _Bn...>::type; };
        -:  239:  } // namespace __detail
        -:  240:  /// @endcond
        -:  241:
        -:  242:  template<typename... _Bn>
        -:  243:    struct conjunction
        -:  244:    : __detail::__conjunction_impl<void, _Bn...>::type
        -:  245:    { };
        -:  246:
        -:  247:  template<>
        -:  248:    struct conjunction<>
        -:  249:    : true_type
        -:  250:    { };
        -:  251:
        -:  252:  template<typename... _Bn>
        -:  253:    struct disjunction
        -:  254:    : __detail::__disjunction_impl<void, _Bn...>::type
        -:  255:    { };
        -:  256:
        -:  257:  template<>
        -:  258:    struct disjunction<>
        -:  259:    : false_type
        -:  260:    { };
        -:  261:
        -:  262:  template<typename _Pp>
        -:  263:    struct negation
        -:  264:    : __not_<_Pp>::type
        -:  265:    { };
        -:  266:
        -:  267:  /** @ingroup variable_templates
        -:  268:   * @{
        -:  269:   */
        -:  270:  template<typename... _Bn>
        -:  271:    inline constexpr bool conjunction_v = conjunction<_Bn...>::value;
        -:  272:
        -:  273:  template<typename... _Bn>
        -:  274:    inline constexpr bool disjunction_v = disjunction<_Bn...>::value;
        -:  275:
        -:  276:  template<typename _Pp>
        -:  277:    inline constexpr bool negation_v = negation<_Pp>::value;
        -:  278:  /// @}
        -:  279:
        -:  280:#endif // __cpp_lib_logical_traits
        -:  281:
        -:  282:  // Forward declarations
        -:  283:  template<typename>
        -:  284:    struct is_reference;
        -:  285:  template<typename>
        -:  286:    struct is_function;
        -:  287:  template<typename>
        -:  288:    struct is_void;
        -:  289:  template<typename>
        -:  290:    struct remove_cv;
        -:  291:  template<typename>
        -:  292:    struct is_const;
        -:  293:
        -:  294:  /// @cond undocumented
        -:  295:  template<typename>
        -:  296:    struct __is_array_unknown_bounds;
        -:  297:
        -:  298:  // Helper functions that return false_type for incomplete classes,
        -:  299:  // incomplete unions and arrays of known bound from those.
        -:  300:
        -:  301:  template <typename _Tp, size_t = sizeof(_Tp)>
        -:  302:    constexpr true_type __is_complete_or_unbounded(__type_identity<_Tp>)
        -:  303:    { return {}; }
        -:  304:
        -:  305:  template <typename _TypeIdentity,
        -:  306:      typename _NestedType = typename _TypeIdentity::type>
        -:  307:    constexpr typename __or_<
        -:  308:      is_reference<_NestedType>,
        -:  309:      is_function<_NestedType>,
        -:  310:      is_void<_NestedType>,
        -:  311:      __is_array_unknown_bounds<_NestedType>
        -:  312:    >::type __is_complete_or_unbounded(_TypeIdentity)
        -:  313:    { return {}; }
        -:  314:
        -:  315:  // __remove_cv_t (std::remove_cv_t for C++11).
        -:  316:  template<typename _Tp>
        -:  317:    using __remove_cv_t = typename remove_cv<_Tp>::type;
        -:  318:  /// @endcond
        -:  319:
        -:  320:  // Primary type categories.
        -:  321:
        -:  322:  /// is_void
        -:  323:  template<typename _Tp>
        -:  324:    struct is_void
        -:  325:    : public false_type { };
        -:  326:
        -:  327:  template<>
        -:  328:    struct is_void<void>
        -:  329:    : public true_type { };
        -:  330:
        -:  331:  template<>
        -:  332:    struct is_void<const void>
        -:  333:    : public true_type { };
        -:  334:
        -:  335:  template<>
        -:  336:    struct is_void<volatile void>
        -:  337:    : public true_type { };
        -:  338:
        -:  339:  template<>
        -:  340:    struct is_void<const volatile void>
        -:  341:    : public true_type { };
        -:  342:
        -:  343:  /// @cond undocumented
        -:  344:  template<typename>
        -:  345:    struct __is_integral_helper
        -:  346:    : public false_type { };
        -:  347:
        -:  348:  template<>
        -:  349:    struct __is_integral_helper<bool>
        -:  350:    : public true_type { };
        -:  351:
        -:  352:  template<>
        -:  353:    struct __is_integral_helper<char>
        -:  354:    : public true_type { };
        -:  355:
        -:  356:  template<>
        -:  357:    struct __is_integral_helper<signed char>
        -:  358:    : public true_type { };
        -:  359:
        -:  360:  template<>
        -:  361:    struct __is_integral_helper<unsigned char>
        -:  362:    : public true_type { };
        -:  363:
        -:  364:  // We want is_integral<wchar_t> to be true (and make_signed/unsigned to work)
        -:  365:  // even when libc doesn't provide working <wchar.h> and related functions,
        -:  366:  // so don't check _GLIBCXX_USE_WCHAR_T here.
        -:  367:  template<>
        -:  368:    struct __is_integral_helper<wchar_t>
        -:  369:    : public true_type { };
        -:  370:
        -:  371:#ifdef _GLIBCXX_USE_CHAR8_T
        -:  372:  template<>
        -:  373:    struct __is_integral_helper<char8_t>
        -:  374:    : public true_type { };
        -:  375:#endif
        -:  376:
        -:  377:  template<>
        -:  378:    struct __is_integral_helper<char16_t>
        -:  379:    : public true_type { };
        -:  380:
        -:  381:  template<>
        -:  382:    struct __is_integral_helper<char32_t>
        -:  383:    : public true_type { };
        -:  384:
        -:  385:  template<>
        -:  386:    struct __is_integral_helper<short>
        -:  387:    : public true_type { };
        -:  388:
        -:  389:  template<>
        -:  390:    struct __is_integral_helper<unsigned short>
        -:  391:    : public true_type { };
        -:  392:
        -:  393:  template<>
        -:  394:    struct __is_integral_helper<int>
        -:  395:    : public true_type { };
        -:  396:
        -:  397:  template<>
        -:  398:    struct __is_integral_helper<unsigned int>
        -:  399:    : public true_type { };
        -:  400:
        -:  401:  template<>
        -:  402:    struct __is_integral_helper<long>
        -:  403:    : public true_type { };
        -:  404:
        -:  405:  template<>
        -:  406:    struct __is_integral_helper<unsigned long>
        -:  407:    : public true_type { };
        -:  408:
        -:  409:  template<>
        -:  410:    struct __is_integral_helper<long long>
        -:  411:    : public true_type { };
        -:  412:
        -:  413:  template<>
        -:  414:    struct __is_integral_helper<unsigned long long>
        -:  415:    : public true_type { };
        -:  416:
        -:  417:  // Conditionalizing on __STRICT_ANSI__ here will break any port that
        -:  418:  // uses one of these types for size_t.
        -:  419:#if defined(__GLIBCXX_TYPE_INT_N_0)
        -:  420:  __extension__
        -:  421:  template<>
        -:  422:    struct __is_integral_helper<__GLIBCXX_TYPE_INT_N_0>
        -:  423:    : public true_type { };
        -:  424:
        -:  425:  __extension__
        -:  426:  template<>
        -:  427:    struct __is_integral_helper<unsigned __GLIBCXX_TYPE_INT_N_0>
        -:  428:    : public true_type { };
        -:  429:#endif
        -:  430:#if defined(__GLIBCXX_TYPE_INT_N_1)
        -:  431:  __extension__
        -:  432:  template<>
        -:  433:    struct __is_integral_helper<__GLIBCXX_TYPE_INT_N_1>
        -:  434:    : public true_type { };
        -:  435:
        -:  436:  __extension__
        -:  437:  template<>
        -:  438:    struct __is_integral_helper<unsigned __GLIBCXX_TYPE_INT_N_1>
        -:  439:    : public true_type { };
        -:  440:#endif
        -:  441:#if defined(__GLIBCXX_TYPE_INT_N_2)
        -:  442:  __extension__
        -:  443:  template<>
        -:  444:    struct __is_integral_helper<__GLIBCXX_TYPE_INT_N_2>
        -:  445:    : public true_type { };
        -:  446:
        -:  447:  __extension__
        -:  448:  template<>
        -:  449:    struct __is_integral_helper<unsigned __GLIBCXX_TYPE_INT_N_2>
        -:  450:    : public true_type { };
        -:  451:#endif
        -:  452:#if defined(__GLIBCXX_TYPE_INT_N_3)
        -:  453:  __extension__
        -:  454:  template<>
        -:  455:    struct __is_integral_helper<__GLIBCXX_TYPE_INT_N_3>
        -:  456:    : public true_type { };
        -:  457:
        -:  458:  __extension__
        -:  459:  template<>
        -:  460:    struct __is_integral_helper<unsigned __GLIBCXX_TYPE_INT_N_3>
        -:  461:    : public true_type { };
        -:  462:#endif
        -:  463:  /// @endcond
        -:  464:
        -:  465:  /// is_integral
        -:  466:  template<typename _Tp>
        -:  467:    struct is_integral
        -:  468:    : public __is_integral_helper<__remove_cv_t<_Tp>>::type
        -:  469:    { };
        -:  470:
        -:  471:  /// @cond undocumented
        -:  472:  template<typename>
        -:  473:    struct __is_floating_point_helper
        -:  474:    : public false_type { };
        -:  475:
        -:  476:  template<>
        -:  477:    struct __is_floating_point_helper<float>
        -:  478:    : public true_type { };
        -:  479:
        -:  480:  template<>
        -:  481:    struct __is_floating_point_helper<double>
        -:  482:    : public true_type { };
        -:  483:
        -:  484:  template<>
        -:  485:    struct __is_floating_point_helper<long double>
        -:  486:    : public true_type { };
        -:  487:
        -:  488:#ifdef __STDCPP_FLOAT16_T__
        -:  489:  template<>
        -:  490:    struct __is_floating_point_helper<_Float16>
        -:  491:    : public true_type { };
        -:  492:#endif
        -:  493:
        -:  494:#ifdef __STDCPP_FLOAT32_T__
        -:  495:  template<>
        -:  496:    struct __is_floating_point_helper<_Float32>
        -:  497:    : public true_type { };
        -:  498:#endif
        -:  499:
        -:  500:#ifdef __STDCPP_FLOAT64_T__
        -:  501:  template<>
        -:  502:    struct __is_floating_point_helper<_Float64>
        -:  503:    : public true_type { };
        -:  504:#endif
        -:  505:
        -:  506:#ifdef __STDCPP_FLOAT128_T__
        -:  507:  template<>
        -:  508:    struct __is_floating_point_helper<_Float128>
        -:  509:    : public true_type { };
        -:  510:#endif
        -:  511:
        -:  512:#ifdef __STDCPP_BFLOAT16_T__
        -:  513:  template<>
        -:  514:    struct __is_floating_point_helper<__gnu_cxx::__bfloat16_t>
        -:  515:    : public true_type { };
        -:  516:#endif
        -:  517:
        -:  518:#if !defined(__STRICT_ANSI__) && defined(_GLIBCXX_USE_FLOAT128) && !defined(__CUDACC__)
        -:  519:  template<>
        -:  520:    struct __is_floating_point_helper<__float128>
        -:  521:    : public true_type { };
        -:  522:#endif
        -:  523:  /// @endcond
        -:  524:
        -:  525:  /// is_floating_point
        -:  526:  template<typename _Tp>
        -:  527:    struct is_floating_point
        -:  528:    : public __is_floating_point_helper<__remove_cv_t<_Tp>>::type
        -:  529:    { };
        -:  530:
        -:  531:  /// is_array
        -:  532:#if _GLIBCXX_USE_BUILTIN_TRAIT(__is_array)
        -:  533:  template<typename _Tp>
        -:  534:    struct is_array
        -:  535:    : public __bool_constant<__is_array(_Tp)>
        -:  536:    { };
        -:  537:#else
        -:  538:  template<typename>
        -:  539:    struct is_array
        -:  540:    : public false_type { };
        -:  541:
        -:  542:  template<typename _Tp, std::size_t _Size>
        -:  543:    struct is_array<_Tp[_Size]>
        -:  544:    : public true_type { };
        -:  545:
        -:  546:  template<typename _Tp>
        -:  547:    struct is_array<_Tp[]>
        -:  548:    : public true_type { };
        -:  549:#endif
        -:  550:
        -:  551:  /// is_pointer
        -:  552:#if _GLIBCXX_USE_BUILTIN_TRAIT(__is_pointer)
        -:  553:  template<typename _Tp>
        -:  554:    struct is_pointer
        -:  555:    : public __bool_constant<__is_pointer(_Tp)>
        -:  556:    { };
        -:  557:#else
        -:  558:  template<typename _Tp>
        -:  559:    struct is_pointer
        -:  560:    : public false_type { };
        -:  561:
        -:  562:  template<typename _Tp>
        -:  563:    struct is_pointer<_Tp*>
        -:  564:    : public true_type { };
        -:  565:
        -:  566:  template<typename _Tp>
        -:  567:    struct is_pointer<_Tp* const>
        -:  568:    : public true_type { };
        -:  569:
        -:  570:  template<typename _Tp>
        -:  571:    struct is_pointer<_Tp* volatile>
        -:  572:    : public true_type { };
        -:  573:
        -:  574:  template<typename _Tp>
        -:  575:    struct is_pointer<_Tp* const volatile>
        -:  576:    : public true_type { };
        -:  577:#endif
        -:  578:
        -:  579:  /// is_lvalue_reference
        -:  580:  template<typename>
        -:  581:    struct is_lvalue_reference
        -:  582:    : public false_type { };
        -:  583:
        -:  584:  template<typename _Tp>
        -:  585:    struct is_lvalue_reference<_Tp&>
        -:  586:    : public true_type { };
        -:  587:
        -:  588:  /// is_rvalue_reference
        -:  589:  template<typename>
        -:  590:    struct is_rvalue_reference
        -:  591:    : public false_type { };
        -:  592:
        -:  593:  template<typename _Tp>
        -:  594:    struct is_rvalue_reference<_Tp&&>
        -:  595:    : public true_type { };
        -:  596:
        -:  597:  /// is_member_object_pointer
        -:  598:#if _GLIBCXX_USE_BUILTIN_TRAIT(__is_member_object_pointer)
        -:  599:  template<typename _Tp>
        -:  600:    struct is_member_object_pointer
        -:  601:    : public __bool_constant<__is_member_object_pointer(_Tp)>
        -:  602:    { };
        -:  603:#else
        -:  604:  template<typename>
        -:  605:    struct __is_member_object_pointer_helper
        -:  606:    : public false_type { };
        -:  607:
        -:  608:  template<typename _Tp, typename _Cp>
        -:  609:    struct __is_member_object_pointer_helper<_Tp _Cp::*>
        -:  610:    : public __not_<is_function<_Tp>>::type { };
        -:  611:
        -:  612:
        -:  613:  template<typename _Tp>
        -:  614:    struct is_member_object_pointer
        -:  615:    : public __is_member_object_pointer_helper<__remove_cv_t<_Tp>>::type
        -:  616:    { };
        -:  617:#endif
        -:  618:
        -:  619:#if _GLIBCXX_USE_BUILTIN_TRAIT(__is_member_function_pointer)
        -:  620:  /// is_member_function_pointer
        -:  621:  template<typename _Tp>
        -:  622:    struct is_member_function_pointer
        -:  623:    : public __bool_constant<__is_member_function_pointer(_Tp)>
        -:  624:    { };
        -:  625:#else
        -:  626:  template<typename>
        -:  627:    struct __is_member_function_pointer_helper
        -:  628:    : public false_type { };
        -:  629:
        -:  630:  template<typename _Tp, typename _Cp>
        -:  631:    struct __is_member_function_pointer_helper<_Tp _Cp::*>
        -:  632:    : public is_function<_Tp>::type { };
        -:  633:
        -:  634:  /// is_member_function_pointer
        -:  635:  template<typename _Tp>
        -:  636:    struct is_member_function_pointer
        -:  637:    : public __is_member_function_pointer_helper<__remove_cv_t<_Tp>>::type
        -:  638:    { };
        -:  639:#endif
        -:  640:
        -:  641:  /// is_enum
        -:  642:  template<typename _Tp>
        -:  643:    struct is_enum
        -:  644:    : public __bool_constant<__is_enum(_Tp)>
        -:  645:    { };
        -:  646:
        -:  647:  /// is_union
        -:  648:  template<typename _Tp>
        -:  649:    struct is_union
        -:  650:    : public __bool_constant<__is_union(_Tp)>
        -:  651:    { };
        -:  652:
        -:  653:  /// is_class
        -:  654:  template<typename _Tp>
        -:  655:    struct is_class
        -:  656:    : public __bool_constant<__is_class(_Tp)>
        -:  657:    { };
        -:  658:
        -:  659:  /// is_function
        -:  660:#if _GLIBCXX_USE_BUILTIN_TRAIT(__is_function)
        -:  661:  template<typename _Tp>
        -:  662:    struct is_function
        -:  663:    : public __bool_constant<__is_function(_Tp)>
        -:  664:    { };
        -:  665:#else
        -:  666:  template<typename _Tp>
        -:  667:    struct is_function
        -:  668:    : public __bool_constant<!is_const<const _Tp>::value> { };
        -:  669:
        -:  670:  template<typename _Tp>
        -:  671:    struct is_function<_Tp&>
        -:  672:    : public false_type { };
        -:  673:
        -:  674:  template<typename _Tp>
        -:  675:    struct is_function<_Tp&&>
        -:  676:    : public false_type { };
        -:  677:#endif
        -:  678:
        -:  679:#ifdef __cpp_lib_is_null_pointer // C++ >= 11
        -:  680:  /// is_null_pointer (LWG 2247).
        -:  681:  template<typename _Tp>
        -:  682:    struct is_null_pointer
        -:  683:    : public false_type { };
        -:  684:
        -:  685:  template<>
        -:  686:    struct is_null_pointer<std::nullptr_t>
        -:  687:    : public true_type { };
        -:  688:
        -:  689:  template<>
        -:  690:    struct is_null_pointer<const std::nullptr_t>
        -:  691:    : public true_type { };
        -:  692:
        -:  693:  template<>
        -:  694:    struct is_null_pointer<volatile std::nullptr_t>
        -:  695:    : public true_type { };
        -:  696:
        -:  697:  template<>
        -:  698:    struct is_null_pointer<const volatile std::nullptr_t>
        -:  699:    : public true_type { };
        -:  700:
        -:  701:  /// __is_nullptr_t (deprecated extension).
        -:  702:  /// @deprecated Non-standard. Use `is_null_pointer` instead.
        -:  703:  template<typename _Tp>
        -:  704:    struct __is_nullptr_t
        -:  705:    : public is_null_pointer<_Tp>
        -:  706:    { } _GLIBCXX_DEPRECATED_SUGGEST("std::is_null_pointer");
        -:  707:#endif // __cpp_lib_is_null_pointer
        -:  708:
        -:  709:  // Composite type categories.
        -:  710:
        -:  711:  /// is_reference
        -:  712:#if _GLIBCXX_USE_BUILTIN_TRAIT(__is_reference)
        -:  713:  template<typename _Tp>
        -:  714:    struct is_reference
        -:  715:    : public __bool_constant<__is_reference(_Tp)>
        -:  716:    { };
        -:  717:#else
        -:  718:  template<typename _Tp>
        -:  719:    struct is_reference
        -:  720:    : public false_type
        -:  721:    { };
        -:  722:
        -:  723:  template<typename _Tp>
        -:  724:    struct is_reference<_Tp&>
        -:  725:    : public true_type
        -:  726:    { };
        -:  727:
        -:  728:  template<typename _Tp>
        -:  729:    struct is_reference<_Tp&&>
        -:  730:    : public true_type
        -:  731:    { };
        -:  732:#endif
        -:  733:
        -:  734:  /// is_arithmetic
        -:  735:  template<typename _Tp>
        -:  736:    struct is_arithmetic
        -:  737:    : public __or_<is_integral<_Tp>, is_floating_point<_Tp>>::type
        -:  738:    { };
        -:  739:
        -:  740:  /// is_fundamental
        -:  741:  template<typename _Tp>
        -:  742:    struct is_fundamental
        -:  743:    : public __or_<is_arithmetic<_Tp>, is_void<_Tp>,
        -:  744:		   is_null_pointer<_Tp>>::type
        -:  745:    { };
        -:  746:
        -:  747:  /// is_object
        -:  748:#if _GLIBCXX_USE_BUILTIN_TRAIT(__is_object)
        -:  749:  template<typename _Tp>
        -:  750:    struct is_object
        -:  751:    : public __bool_constant<__is_object(_Tp)>
        -:  752:    { };
        -:  753:#else
        -:  754:  template<typename _Tp>
        -:  755:    struct is_object
        -:  756:    : public __not_<__or_<is_function<_Tp>, is_reference<_Tp>,
        -:  757:                          is_void<_Tp>>>::type
        -:  758:    { };
        -:  759:#endif
        -:  760:
        -:  761:  template<typename>
        -:  762:    struct is_member_pointer;
        -:  763:
        -:  764:  /// is_scalar
        -:  765:  template<typename _Tp>
        -:  766:    struct is_scalar
        -:  767:    : public __or_<is_arithmetic<_Tp>, is_enum<_Tp>, is_pointer<_Tp>,
        -:  768:                   is_member_pointer<_Tp>, is_null_pointer<_Tp>>::type
        -:  769:    { };
        -:  770:
        -:  771:  /// is_compound
        -:  772:  template<typename _Tp>
        -:  773:    struct is_compound
        -:  774:    : public __bool_constant<!is_fundamental<_Tp>::value> { };
        -:  775:
        -:  776:  /// is_member_pointer
        -:  777:#if _GLIBCXX_USE_BUILTIN_TRAIT(__is_member_pointer)
        -:  778:  template<typename _Tp>
        -:  779:    struct is_member_pointer
        -:  780:    : public __bool_constant<__is_member_pointer(_Tp)>
        -:  781:    { };
        -:  782:#else
        -:  783:  /// @cond undocumented
        -:  784:  template<typename _Tp>
        -:  785:    struct __is_member_pointer_helper
        -:  786:    : public false_type { };
        -:  787:
        -:  788:  template<typename _Tp, typename _Cp>
        -:  789:    struct __is_member_pointer_helper<_Tp _Cp::*>
        -:  790:    : public true_type { };
        -:  791:  /// @endcond
        -:  792:
        -:  793:  template<typename _Tp>
        -:  794:    struct is_member_pointer
        -:  795:    : public __is_member_pointer_helper<__remove_cv_t<_Tp>>::type
        -:  796:    { };
        -:  797:#endif
        -:  798:
        -:  799:  template<typename, typename>
        -:  800:    struct is_same;
        -:  801:
        -:  802:  /// @cond undocumented
        -:  803:  template<typename _Tp, typename... _Types>
        -:  804:    using __is_one_of = __or_<is_same<_Tp, _Types>...>;
        -:  805:
        -:  806:  // Check if a type is one of the signed integer types.
        -:  807:  __extension__
        -:  808:  template<typename _Tp>
        -:  809:    using __is_signed_integer = __is_one_of<__remove_cv_t<_Tp>,
        -:  810:	  signed char, signed short, signed int, signed long,
        -:  811:	  signed long long
        -:  812:#if defined(__GLIBCXX_TYPE_INT_N_0)
        -:  813:	  , signed __GLIBCXX_TYPE_INT_N_0
        -:  814:#endif
        -:  815:#if defined(__GLIBCXX_TYPE_INT_N_1)
        -:  816:	  , signed __GLIBCXX_TYPE_INT_N_1
        -:  817:#endif
        -:  818:#if defined(__GLIBCXX_TYPE_INT_N_2)
        -:  819:	  , signed __GLIBCXX_TYPE_INT_N_2
        -:  820:#endif
        -:  821:#if defined(__GLIBCXX_TYPE_INT_N_3)
        -:  822:	  , signed __GLIBCXX_TYPE_INT_N_3
        -:  823:#endif
        -:  824:	  >;
        -:  825:
        -:  826:  // Check if a type is one of the unsigned integer types.
        -:  827:  __extension__
        -:  828:  template<typename _Tp>
        -:  829:    using __is_unsigned_integer = __is_one_of<__remove_cv_t<_Tp>,
        -:  830:	  unsigned char, unsigned short, unsigned int, unsigned long,
        -:  831:	  unsigned long long
        -:  832:#if defined(__GLIBCXX_TYPE_INT_N_0)
        -:  833:	  , unsigned __GLIBCXX_TYPE_INT_N_0
        -:  834:#endif
        -:  835:#if defined(__GLIBCXX_TYPE_INT_N_1)
        -:  836:	  , unsigned __GLIBCXX_TYPE_INT_N_1
        -:  837:#endif
        -:  838:#if defined(__GLIBCXX_TYPE_INT_N_2)
        -:  839:	  , unsigned __GLIBCXX_TYPE_INT_N_2
        -:  840:#endif
        -:  841:#if defined(__GLIBCXX_TYPE_INT_N_3)
        -:  842:	  , unsigned __GLIBCXX_TYPE_INT_N_3
        -:  843:#endif
        -:  844:	  >;
        -:  845:
        -:  846:  // Check if a type is one of the signed or unsigned integer types.
        -:  847:  template<typename _Tp>
        -:  848:    using __is_standard_integer
        -:  849:      = __or_<__is_signed_integer<_Tp>, __is_unsigned_integer<_Tp>>;
        -:  850:
        -:  851:  // __void_t (std::void_t for C++11)
        -:  852:  template<typename...> using __void_t = void;
        -:  853:  /// @endcond
        -:  854:
        -:  855:  // Type properties.
        -:  856:
        -:  857:  /// is_const
        -:  858:#if _GLIBCXX_USE_BUILTIN_TRAIT(__is_const)
        -:  859:  template<typename _Tp>
        -:  860:    struct is_const
        -:  861:    : public __bool_constant<__is_const(_Tp)>
        -:  862:    { };
        -:  863:#else
        -:  864:  template<typename>
        -:  865:    struct is_const
        -:  866:    : public false_type { };
        -:  867:
        -:  868:  template<typename _Tp>
        -:  869:    struct is_const<_Tp const>
        -:  870:    : public true_type { };
        -:  871:#endif
        -:  872:
        -:  873:  /// is_volatile
        -:  874:#if _GLIBCXX_USE_BUILTIN_TRAIT(__is_volatile)
        -:  875:  template<typename _Tp>
        -:  876:    struct is_volatile
        -:  877:    : public __bool_constant<__is_volatile(_Tp)>
        -:  878:    { };
        -:  879:#else
        -:  880:  template<typename>
        -:  881:    struct is_volatile
        -:  882:    : public false_type { };
        -:  883:
        -:  884:  template<typename _Tp>
        -:  885:    struct is_volatile<_Tp volatile>
        -:  886:    : public true_type { };
        -:  887:#endif
        -:  888:
        -:  889:  /** is_trivial
        -:  890:   * @deprecated Deprecated in C++26.
        -:  891:   * Use a combination of one or more more specialized type traits instead,
        -:  892:   * such as `is_trivially_default_constructible`,
        -:  893:   * `is_trivially_copy_constructible`, `is_trivially_copy_assignable`,
        -:  894:   * etc., depending on the exact check(s) needed.
        -:  895:   */
        -:  896:  template<typename _Tp>
        -:  897:    struct
        -:  898:    _GLIBCXX26_DEPRECATED_SUGGEST("is_trivially_default_constructible && is_trivially_copyable")
        -:  899:    is_trivial
        -:  900:    : public __bool_constant<__is_trivial(_Tp)>
        -:  901:    {
        -:  902:      static_assert(std::__is_complete_or_unbounded(__type_identity<_Tp>{}),
        -:  903:	"template argument must be a complete class or an unbounded array");
        -:  904:    };
        -:  905:
        -:  906:  /// is_trivially_copyable
        -:  907:  template<typename _Tp>
        -:  908:    struct is_trivially_copyable
        -:  909:    : public __bool_constant<__is_trivially_copyable(_Tp)>
        -:  910:    {
        -:  911:      static_assert(std::__is_complete_or_unbounded(__type_identity<_Tp>{}),
        -:  912:	"template argument must be a complete class or an unbounded array");
        -:  913:    };
        -:  914:
        -:  915:  /// is_standard_layout
        -:  916:  template<typename _Tp>
        -:  917:    struct is_standard_layout
        -:  918:    : public __bool_constant<__is_standard_layout(_Tp)>
        -:  919:    {
        -:  920:      static_assert(std::__is_complete_or_unbounded(__type_identity<_Tp>{}),
        -:  921:	"template argument must be a complete class or an unbounded array");
        -:  922:    };
        -:  923:
        -:  924:  /** is_pod
        -:  925:   * @deprecated Deprecated in C++20.
        -:  926:   * Use `is_standard_layout && is_trivial` instead.
        -:  927:   */
        -:  928:  // Could use is_standard_layout && is_trivial instead of the builtin.
        -:  929:  template<typename _Tp>
        -:  930:    struct
        -:  931:    _GLIBCXX20_DEPRECATED_SUGGEST("is_standard_layout && is_trivial")
        -:  932:    is_pod
        -:  933:    : public __bool_constant<__is_pod(_Tp)>
        -:  934:    {
        -:  935:      static_assert(std::__is_complete_or_unbounded(__type_identity<_Tp>{}),
        -:  936:	"template argument must be a complete class or an unbounded array");
        -:  937:    };
        -:  938:
        -:  939:  /** is_literal_type
        -:  940:   * @deprecated Deprecated in C++17, removed in C++20.
        -:  941:   * The idea of a literal type isn't useful.
        -:  942:   */
        -:  943:  template<typename _Tp>
        -:  944:    struct
        -:  945:    _GLIBCXX17_DEPRECATED
        -:  946:    is_literal_type
        -:  947:    : public __bool_constant<__is_literal_type(_Tp)>
        -:  948:    {
        -:  949:      static_assert(std::__is_complete_or_unbounded(__type_identity<_Tp>{}),
        -:  950:	"template argument must be a complete class or an unbounded array");
        -:  951:    };
        -:  952:
        -:  953:  /// is_empty
        -:  954:  template<typename _Tp>
        -:  955:    struct is_empty
        -:  956:    : public __bool_constant<__is_empty(_Tp)>
        -:  957:    { };
        -:  958:
        -:  959:  /// is_polymorphic
        -:  960:  template<typename _Tp>
        -:  961:    struct is_polymorphic
        -:  962:    : public __bool_constant<__is_polymorphic(_Tp)>
        -:  963:    { };
        -:  964:
        -:  965:#ifdef __cpp_lib_is_final // C++ >= 14
        -:  966:  /// is_final
        -:  967:  /// @since C++14
        -:  968:  template<typename _Tp>
        -:  969:    struct is_final
        -:  970:    : public __bool_constant<__is_final(_Tp)>
        -:  971:    { };
        -:  972:#endif
        -:  973:
        -:  974:  /// is_abstract
        -:  975:  template<typename _Tp>
        -:  976:    struct is_abstract
        -:  977:    : public __bool_constant<__is_abstract(_Tp)>
        -:  978:    { };
        -:  979:
        -:  980:  /// @cond undocumented
        -:  981:  template<typename _Tp,
        -:  982:	   bool = is_arithmetic<_Tp>::value>
        -:  983:    struct __is_signed_helper
        -:  984:    : public false_type { };
        -:  985:
        -:  986:  template<typename _Tp>
        -:  987:    struct __is_signed_helper<_Tp, true>
        -:  988:    : public __bool_constant<_Tp(-1) < _Tp(0)>
        -:  989:    { };
        -:  990:  /// @endcond
        -:  991:
        -:  992:  /// is_signed
        -:  993:  template<typename _Tp>
        -:  994:    struct is_signed
        -:  995:    : public __is_signed_helper<_Tp>::type
        -:  996:    { };
        -:  997:
        -:  998:  /// is_unsigned
        -:  999:  template<typename _Tp>
        -: 1000:    struct is_unsigned
        -: 1001:    : public __and_<is_arithmetic<_Tp>, __not_<is_signed<_Tp>>>::type
        -: 1002:    { };
        -: 1003:
        -: 1004:  /// @cond undocumented
        -: 1005:  template<typename _Tp, typename _Up = _Tp&&>
        -: 1006:    _Up
        -: 1007:    __declval(int);
        -: 1008:
        -: 1009:  template<typename _Tp>
        -: 1010:    _Tp
        -: 1011:    __declval(long);
        -: 1012:  /// @endcond
        -: 1013:
        -: 1014:  template<typename _Tp>
        -: 1015:    auto declval() noexcept -> decltype(__declval<_Tp>(0));
        -: 1016:
        -: 1017:  template<typename>
        -: 1018:    struct remove_all_extents;
        -: 1019:
        -: 1020:  /// @cond undocumented
        -: 1021:  template<typename _Tp>
        -: 1022:    struct __is_array_known_bounds
        -: 1023:    : public false_type
        -: 1024:    { };
        -: 1025:
        -: 1026:  template<typename _Tp, size_t _Size>
        -: 1027:    struct __is_array_known_bounds<_Tp[_Size]>
        -: 1028:    : public true_type
        -: 1029:    { };
        -: 1030:
        -: 1031:  template<typename _Tp>
        -: 1032:    struct __is_array_unknown_bounds
        -: 1033:    : public false_type
        -: 1034:    { };
        -: 1035:
        -: 1036:  template<typename _Tp>
        -: 1037:    struct __is_array_unknown_bounds<_Tp[]>
        -: 1038:    : public true_type
        -: 1039:    { };
        -: 1040:
        -: 1041:  // Destructible and constructible type properties.
        -: 1042:
        -: 1043:  // In N3290 is_destructible does not say anything about function
        -: 1044:  // types and abstract types, see LWG 2049. This implementation
        -: 1045:  // describes function types as non-destructible and all complete
        -: 1046:  // object types as destructible, iff the explicit destructor
        -: 1047:  // call expression is wellformed.
        -: 1048:  struct __do_is_destructible_impl
        -: 1049:  {
        -: 1050:    template<typename _Tp, typename = decltype(declval<_Tp&>().~_Tp())>
        -: 1051:      static true_type __test(int);
        -: 1052:
        -: 1053:    template<typename>
        -: 1054:      static false_type __test(...);
        -: 1055:  };
        -: 1056:
        -: 1057:  template<typename _Tp>
        -: 1058:    struct __is_destructible_impl
        -: 1059:    : public __do_is_destructible_impl
        -: 1060:    {
        -: 1061:      using type = decltype(__test<_Tp>(0));
        -: 1062:    };
        -: 1063:
        -: 1064:  template<typename _Tp,
        -: 1065:           bool = __or_<is_void<_Tp>,
        -: 1066:                        __is_array_unknown_bounds<_Tp>,
        -: 1067:                        is_function<_Tp>>::value,
        -: 1068:           bool = __or_<is_reference<_Tp>, is_scalar<_Tp>>::value>
        -: 1069:    struct __is_destructible_safe;
        -: 1070:
        -: 1071:  template<typename _Tp>
        -: 1072:    struct __is_destructible_safe<_Tp, false, false>
        -: 1073:    : public __is_destructible_impl<typename
        -: 1074:               remove_all_extents<_Tp>::type>::type
        -: 1075:    { };
        -: 1076:
        -: 1077:  template<typename _Tp>
        -: 1078:    struct __is_destructible_safe<_Tp, true, false>
        -: 1079:    : public false_type { };
        -: 1080:
        -: 1081:  template<typename _Tp>
        -: 1082:    struct __is_destructible_safe<_Tp, false, true>
        -: 1083:    : public true_type { };
        -: 1084:  /// @endcond
        -: 1085:
        -: 1086:  /// is_destructible
        -: 1087:  template<typename _Tp>
        -: 1088:    struct is_destructible
        -: 1089:    : public __is_destructible_safe<_Tp>::type
        -: 1090:    {
        -: 1091:      static_assert(std::__is_complete_or_unbounded(__type_identity<_Tp>{}),
        -: 1092:	"template argument must be a complete class or an unbounded array");
        -: 1093:    };
        -: 1094:
        -: 1095:  /// @cond undocumented
        -: 1096:
        -: 1097:  // is_nothrow_destructible requires that is_destructible is
        -: 1098:  // satisfied as well.  We realize that by mimicing the
        -: 1099:  // implementation of is_destructible but refer to noexcept(expr)
        -: 1100:  // instead of decltype(expr).
        -: 1101:  struct __do_is_nt_destructible_impl
        -: 1102:  {
        -: 1103:    template<typename _Tp>
        -: 1104:      static __bool_constant<noexcept(declval<_Tp&>().~_Tp())>
        -: 1105:      __test(int);
        -: 1106:
        -: 1107:    template<typename>
        -: 1108:      static false_type __test(...);
        -: 1109:  };
        -: 1110:
        -: 1111:  template<typename _Tp>
        -: 1112:    struct __is_nt_destructible_impl
        -: 1113:    : public __do_is_nt_destructible_impl
        -: 1114:    {
        -: 1115:      using type = decltype(__test<_Tp>(0));
        -: 1116:    };
        -: 1117:
        -: 1118:  template<typename _Tp,
        -: 1119:           bool = __or_<is_void<_Tp>,
        -: 1120:                        __is_array_unknown_bounds<_Tp>,
        -: 1121:                        is_function<_Tp>>::value,
        -: 1122:           bool = __or_<is_reference<_Tp>, is_scalar<_Tp>>::value>
        -: 1123:    struct __is_nt_destructible_safe;
        -: 1124:
        -: 1125:  template<typename _Tp>
        -: 1126:    struct __is_nt_destructible_safe<_Tp, false, false>
        -: 1127:    : public __is_nt_destructible_impl<typename
        -: 1128:               remove_all_extents<_Tp>::type>::type
        -: 1129:    { };
        -: 1130:
        -: 1131:  template<typename _Tp>
        -: 1132:    struct __is_nt_destructible_safe<_Tp, true, false>
        -: 1133:    : public false_type { };
        -: 1134:
        -: 1135:  template<typename _Tp>
        -: 1136:    struct __is_nt_destructible_safe<_Tp, false, true>
        -: 1137:    : public true_type { };
        -: 1138:  /// @endcond
        -: 1139:
        -: 1140:  /// is_nothrow_destructible
        -: 1141:  template<typename _Tp>
        -: 1142:    struct is_nothrow_destructible
        -: 1143:    : public __is_nt_destructible_safe<_Tp>::type
        -: 1144:    {
        -: 1145:      static_assert(std::__is_complete_or_unbounded(__type_identity<_Tp>{}),
        -: 1146:	"template argument must be a complete class or an unbounded array");
        -: 1147:    };
        -: 1148:
        -: 1149:  /// @cond undocumented
        -: 1150:  template<typename _Tp, typename... _Args>
        -: 1151:    using __is_constructible_impl
        -: 1152:      = __bool_constant<__is_constructible(_Tp, _Args...)>;
        -: 1153:  /// @endcond
        -: 1154:
        -: 1155:  /// is_constructible
        -: 1156:  template<typename _Tp, typename... _Args>
        -: 1157:    struct is_constructible
        -: 1158:      : public __is_constructible_impl<_Tp, _Args...>
        -: 1159:    {
        -: 1160:      static_assert(std::__is_complete_or_unbounded(__type_identity<_Tp>{}),
        -: 1161:	"template argument must be a complete class or an unbounded array");
        -: 1162:    };
        -: 1163:
        -: 1164:  /// is_default_constructible
        -: 1165:  template<typename _Tp>
        -: 1166:    struct is_default_constructible
        -: 1167:    : public __is_constructible_impl<_Tp>
        -: 1168:    {
        -: 1169:      static_assert(std::__is_complete_or_unbounded(__type_identity<_Tp>{}),
        -: 1170:	"template argument must be a complete class or an unbounded array");
        -: 1171:    };
        -: 1172:
        -: 1173:  /// @cond undocumented
        -: 1174:#if _GLIBCXX_USE_BUILTIN_TRAIT(__add_lvalue_reference)
        -: 1175:  template<typename _Tp>
        -: 1176:    using __add_lval_ref_t = __add_lvalue_reference(_Tp);
        -: 1177:#else
        -: 1178:  template<typename _Tp, typename = void>
        -: 1179:    struct __add_lvalue_reference_helper
        -: 1180:    { using type = _Tp; };
        -: 1181:
        -: 1182:  template<typename _Tp>
        -: 1183:    struct __add_lvalue_reference_helper<_Tp, __void_t<_Tp&>>
        -: 1184:    { using type = _Tp&; };
        -: 1185:
        -: 1186:  template<typename _Tp>
        -: 1187:    using __add_lval_ref_t = typename __add_lvalue_reference_helper<_Tp>::type;
        -: 1188:#endif
        -: 1189:  /// @endcond
        -: 1190:
        -: 1191:  /// is_copy_constructible
        -: 1192:  template<typename _Tp>
        -: 1193:    struct is_copy_constructible
        -: 1194:    : public __is_constructible_impl<_Tp, __add_lval_ref_t<const _Tp>>
        -: 1195:    {
        -: 1196:      static_assert(std::__is_complete_or_unbounded(__type_identity<_Tp>{}),
        -: 1197:	"template argument must be a complete class or an unbounded array");
        -: 1198:    };
        -: 1199:
        -: 1200:  /// @cond undocumented
        -: 1201:#if _GLIBCXX_USE_BUILTIN_TRAIT(__add_rvalue_reference)
        -: 1202:  template<typename _Tp>
        -: 1203:    using __add_rval_ref_t = __add_rvalue_reference(_Tp);
        -: 1204:#else
        -: 1205:  template<typename _Tp, typename = void>
        -: 1206:    struct __add_rvalue_reference_helper
        -: 1207:    { using type = _Tp; };
        -: 1208:
        -: 1209:  template<typename _Tp>
        -: 1210:    struct __add_rvalue_reference_helper<_Tp, __void_t<_Tp&&>>
        -: 1211:    { using type = _Tp&&; };
        -: 1212:
        -: 1213:  template<typename _Tp>
        -: 1214:    using __add_rval_ref_t = typename __add_rvalue_reference_helper<_Tp>::type;
        -: 1215:#endif
        -: 1216:  /// @endcond
        -: 1217:
        -: 1218:  /// is_move_constructible
        -: 1219:  template<typename _Tp>
        -: 1220:    struct is_move_constructible
        -: 1221:    : public __is_constructible_impl<_Tp, __add_rval_ref_t<_Tp>>
        -: 1222:    {
        -: 1223:      static_assert(std::__is_complete_or_unbounded(__type_identity<_Tp>{}),
        -: 1224:	"template argument must be a complete class or an unbounded array");
        -: 1225:    };
        -: 1226:
        -: 1227:  /// @cond undocumented
        -: 1228:  template<typename _Tp, typename... _Args>
        -: 1229:    using __is_nothrow_constructible_impl
        -: 1230:      = __bool_constant<__is_nothrow_constructible(_Tp, _Args...)>;
        -: 1231:  /// @endcond
        -: 1232:
        -: 1233:  /// is_nothrow_constructible
        -: 1234:  template<typename _Tp, typename... _Args>
        -: 1235:    struct is_nothrow_constructible
        -: 1236:    : public __is_nothrow_constructible_impl<_Tp, _Args...>
        -: 1237:    {
        -: 1238:      static_assert(std::__is_complete_or_unbounded(__type_identity<_Tp>{}),
        -: 1239:	"template argument must be a complete class or an unbounded array");
        -: 1240:    };
        -: 1241:
        -: 1242:  /// is_nothrow_default_constructible
        -: 1243:  template<typename _Tp>
        -: 1244:    struct is_nothrow_default_constructible
        -: 1245:    : public __is_nothrow_constructible_impl<_Tp>
        -: 1246:    {
        -: 1247:      static_assert(std::__is_complete_or_unbounded(__type_identity<_Tp>{}),
        -: 1248:	"template argument must be a complete class or an unbounded array");
        -: 1249:    };
        -: 1250:
        -: 1251:  /// is_nothrow_copy_constructible
        -: 1252:  template<typename _Tp>
        -: 1253:    struct is_nothrow_copy_constructible
        -: 1254:    : public __is_nothrow_constructible_impl<_Tp, __add_lval_ref_t<const _Tp>>
        -: 1255:    {
        -: 1256:      static_assert(std::__is_complete_or_unbounded(__type_identity<_Tp>{}),
        -: 1257:	"template argument must be a complete class or an unbounded array");
        -: 1258:    };
        -: 1259:
        -: 1260:  /// is_nothrow_move_constructible
        -: 1261:  template<typename _Tp>
        -: 1262:    struct is_nothrow_move_constructible
        -: 1263:    : public __is_nothrow_constructible_impl<_Tp, __add_rval_ref_t<_Tp>>
        -: 1264:    {
        -: 1265:      static_assert(std::__is_complete_or_unbounded(__type_identity<_Tp>{}),
        -: 1266:	"template argument must be a complete class or an unbounded array");
        -: 1267:    };
        -: 1268:
        -: 1269:  /// @cond undocumented
        -: 1270:  template<typename _Tp, typename _Up>
        -: 1271:    using __is_assignable_impl = __bool_constant<__is_assignable(_Tp, _Up)>;
        -: 1272:  /// @endcond
        -: 1273:
        -: 1274:  /// is_assignable
        -: 1275:  template<typename _Tp, typename _Up>
        -: 1276:    struct is_assignable
        -: 1277:    : public __is_assignable_impl<_Tp, _Up>
        -: 1278:    {
        -: 1279:      static_assert(std::__is_complete_or_unbounded(__type_identity<_Tp>{}),
        -: 1280:	"template argument must be a complete class or an unbounded array");
        -: 1281:    };
        -: 1282:
        -: 1283:  /// is_copy_assignable
        -: 1284:  template<typename _Tp>
        -: 1285:    struct is_copy_assignable
        -: 1286:    : public __is_assignable_impl<__add_lval_ref_t<_Tp>,
        -: 1287:				  __add_lval_ref_t<const _Tp>>
        -: 1288:    {
        -: 1289:      static_assert(std::__is_complete_or_unbounded(__type_identity<_Tp>{}),
        -: 1290:	"template argument must be a complete class or an unbounded array");
        -: 1291:    };
        -: 1292:
        -: 1293:  /// is_move_assignable
        -: 1294:  template<typename _Tp>
        -: 1295:    struct is_move_assignable
        -: 1296:    : public __is_assignable_impl<__add_lval_ref_t<_Tp>, __add_rval_ref_t<_Tp>>
        -: 1297:    {
        -: 1298:      static_assert(std::__is_complete_or_unbounded(__type_identity<_Tp>{}),
        -: 1299:	"template argument must be a complete class or an unbounded array");
        -: 1300:    };
        -: 1301:
        -: 1302:  /// @cond undocumented
        -: 1303:  template<typename _Tp, typename _Up>
        -: 1304:    using __is_nothrow_assignable_impl
        -: 1305:      = __bool_constant<__is_nothrow_assignable(_Tp, _Up)>;
        -: 1306:  /// @endcond
        -: 1307:
        -: 1308:  /// is_nothrow_assignable
        -: 1309:  template<typename _Tp, typename _Up>
        -: 1310:    struct is_nothrow_assignable
        -: 1311:    : public __is_nothrow_assignable_impl<_Tp, _Up>
        -: 1312:    {
        -: 1313:      static_assert(std::__is_complete_or_unbounded(__type_identity<_Tp>{}),
        -: 1314:	"template argument must be a complete class or an unbounded array");
        -: 1315:    };
        -: 1316:
        -: 1317:  /// is_nothrow_copy_assignable
        -: 1318:  template<typename _Tp>
        -: 1319:    struct is_nothrow_copy_assignable
        -: 1320:    : public __is_nothrow_assignable_impl<__add_lval_ref_t<_Tp>,
        -: 1321:					  __add_lval_ref_t<const _Tp>>
        -: 1322:    {
        -: 1323:      static_assert(std::__is_complete_or_unbounded(__type_identity<_Tp>{}),
        -: 1324:	"template argument must be a complete class or an unbounded array");
        -: 1325:    };
        -: 1326:
        -: 1327:  /// is_nothrow_move_assignable
        -: 1328:  template<typename _Tp>
        -: 1329:    struct is_nothrow_move_assignable
        -: 1330:    : public __is_nothrow_assignable_impl<__add_lval_ref_t<_Tp>,
        -: 1331:					  __add_rval_ref_t<_Tp>>
        -: 1332:    {
        -: 1333:      static_assert(std::__is_complete_or_unbounded(__type_identity<_Tp>{}),
        -: 1334:	"template argument must be a complete class or an unbounded array");
        -: 1335:    };
        -: 1336:
        -: 1337:  /// @cond undocumented
        -: 1338:  template<typename _Tp, typename... _Args>
        -: 1339:    using __is_trivially_constructible_impl
        -: 1340:      = __bool_constant<__is_trivially_constructible(_Tp, _Args...)>;
        -: 1341:  /// @endcond
        -: 1342:
        -: 1343:  /// is_trivially_constructible
        -: 1344:  template<typename _Tp, typename... _Args>
        -: 1345:    struct is_trivially_constructible
        -: 1346:    : public __is_trivially_constructible_impl<_Tp, _Args...>
        -: 1347:    {
        -: 1348:      static_assert(std::__is_complete_or_unbounded(__type_identity<_Tp>{}),
        -: 1349:	"template argument must be a complete class or an unbounded array");
        -: 1350:    };
        -: 1351:
        -: 1352:  /// is_trivially_default_constructible
        -: 1353:  template<typename _Tp>
        -: 1354:    struct is_trivially_default_constructible
        -: 1355:    : public __is_trivially_constructible_impl<_Tp>
        -: 1356:    {
        -: 1357:      static_assert(std::__is_complete_or_unbounded(__type_identity<_Tp>{}),
        -: 1358:	"template argument must be a complete class or an unbounded array");
        -: 1359:    };
        -: 1360:
        -: 1361:#if __cpp_variable_templates && __cpp_concepts
        -: 1362:  template<typename _Tp>
        -: 1363:    constexpr bool __is_implicitly_default_constructible_v
        -: 1364:      = requires (void(&__f)(_Tp)) { __f({}); };
        -: 1365:
        -: 1366:  template<typename _Tp>
        -: 1367:    struct __is_implicitly_default_constructible
        -: 1368:    : __bool_constant<__is_implicitly_default_constructible_v<_Tp>>
        -: 1369:    { };
        -: 1370:#else
        -: 1371:  struct __do_is_implicitly_default_constructible_impl
        -: 1372:  {
        -: 1373:    template <typename _Tp>
        -: 1374:    static void __helper(const _Tp&);
        -: 1375:
        -: 1376:    template <typename _Tp>
        -: 1377:    static true_type __test(const _Tp&,
        -: 1378:                            decltype(__helper<const _Tp&>({}))* = 0);
        -: 1379:
        -: 1380:    static false_type __test(...);
        -: 1381:  };
        -: 1382:
        -: 1383:  template<typename _Tp>
        -: 1384:    struct __is_implicitly_default_constructible_impl
        -: 1385:    : public __do_is_implicitly_default_constructible_impl
        -: 1386:    {
        -: 1387:      using type = decltype(__test(declval<_Tp>()));
        -: 1388:    };
        -: 1389:
        -: 1390:  template<typename _Tp>
        -: 1391:    struct __is_implicitly_default_constructible_safe
        -: 1392:    : public __is_implicitly_default_constructible_impl<_Tp>::type
        -: 1393:    { };
        -: 1394:
        -: 1395:  template <typename _Tp>
        -: 1396:    struct __is_implicitly_default_constructible
        -: 1397:    : public __and_<__is_constructible_impl<_Tp>,
        -: 1398:		    __is_implicitly_default_constructible_safe<_Tp>>::type
        -: 1399:    { };
        -: 1400:#endif
        -: 1401:
        -: 1402:  /// is_trivially_copy_constructible
        -: 1403:  template<typename _Tp>
        -: 1404:    struct is_trivially_copy_constructible
        -: 1405:    : public __is_trivially_constructible_impl<_Tp, __add_lval_ref_t<const _Tp>>
        -: 1406:    {
        -: 1407:      static_assert(std::__is_complete_or_unbounded(__type_identity<_Tp>{}),
        -: 1408:	"template argument must be a complete class or an unbounded array");
        -: 1409:    };
        -: 1410:
        -: 1411:  /// is_trivially_move_constructible
        -: 1412:  template<typename _Tp>
        -: 1413:    struct is_trivially_move_constructible
        -: 1414:    : public __is_trivially_constructible_impl<_Tp, __add_rval_ref_t<_Tp>>
        -: 1415:    {
        -: 1416:      static_assert(std::__is_complete_or_unbounded(__type_identity<_Tp>{}),
        -: 1417:	"template argument must be a complete class or an unbounded array");
        -: 1418:    };
        -: 1419:
        -: 1420:  /// @cond undocumented
        -: 1421:  template<typename _Tp, typename _Up>
        -: 1422:    using __is_trivially_assignable_impl
        -: 1423:      = __bool_constant<__is_trivially_assignable(_Tp, _Up)>;
        -: 1424:  /// @endcond
        -: 1425:
        -: 1426:  /// is_trivially_assignable
        -: 1427:  template<typename _Tp, typename _Up>
        -: 1428:    struct is_trivially_assignable
        -: 1429:    : public __is_trivially_assignable_impl<_Tp, _Up>
        -: 1430:    {
        -: 1431:      static_assert(std::__is_complete_or_unbounded(__type_identity<_Tp>{}),
        -: 1432:	"template argument must be a complete class or an unbounded array");
        -: 1433:    };
        -: 1434:
        -: 1435:  /// is_trivially_copy_assignable
        -: 1436:  template<typename _Tp>
        -: 1437:    struct is_trivially_copy_assignable
        -: 1438:    : public __is_trivially_assignable_impl<__add_lval_ref_t<_Tp>,
        -: 1439:					    __add_lval_ref_t<const _Tp>>
        -: 1440:    {
        -: 1441:      static_assert(std::__is_complete_or_unbounded(__type_identity<_Tp>{}),
        -: 1442:	"template argument must be a complete class or an unbounded array");
        -: 1443:    };
        -: 1444:
        -: 1445:  /// is_trivially_move_assignable
        -: 1446:  template<typename _Tp>
        -: 1447:    struct is_trivially_move_assignable
        -: 1448:    : public __is_trivially_assignable_impl<__add_lval_ref_t<_Tp>,
        -: 1449:					    __add_rval_ref_t<_Tp>>
        -: 1450:    {
        -: 1451:      static_assert(std::__is_complete_or_unbounded(__type_identity<_Tp>{}),
        -: 1452:	"template argument must be a complete class or an unbounded array");
        -: 1453:    };
        -: 1454:
        -: 1455:  /// is_trivially_destructible
        -: 1456:  template<typename _Tp>
        -: 1457:    struct is_trivially_destructible
        -: 1458:    : public __and_<__is_destructible_safe<_Tp>,
        -: 1459:		    __bool_constant<__has_trivial_destructor(_Tp)>>::type
        -: 1460:    {
        -: 1461:      static_assert(std::__is_complete_or_unbounded(__type_identity<_Tp>{}),
        -: 1462:	"template argument must be a complete class or an unbounded array");
        -: 1463:    };
        -: 1464:
        -: 1465:
        -: 1466:  /// has_virtual_destructor
        -: 1467:  template<typename _Tp>
        -: 1468:    struct has_virtual_destructor
        -: 1469:    : public __bool_constant<__has_virtual_destructor(_Tp)>
        -: 1470:    {
        -: 1471:      static_assert(std::__is_complete_or_unbounded(__type_identity<_Tp>{}),
        -: 1472:	"template argument must be a complete class or an unbounded array");
        -: 1473:    };
        -: 1474:
        -: 1475:
        -: 1476:  // type property queries.
        -: 1477:
        -: 1478:  /// alignment_of
        -: 1479:  template<typename _Tp>
        -: 1480:    struct alignment_of
        -: 1481:    : public integral_constant<std::size_t, alignof(_Tp)>
        -: 1482:    {
        -: 1483:      static_assert(std::__is_complete_or_unbounded(__type_identity<_Tp>{}),
        -: 1484:	"template argument must be a complete class or an unbounded array");
        -: 1485:    };
        -: 1486:
        -: 1487:  /// rank
        -: 1488:#if _GLIBCXX_USE_BUILTIN_TRAIT(__array_rank) \
        -: 1489:  && (!defined(__clang__) || __clang_major__ >= 20) // PR118559
        -: 1490:  template<typename _Tp>
        -: 1491:    struct rank
        -: 1492:    : public integral_constant<std::size_t, __array_rank(_Tp)> { };
        -: 1493:#else
        -: 1494:  template<typename>
        -: 1495:    struct rank
        -: 1496:    : public integral_constant<std::size_t, 0> { };
        -: 1497:
        -: 1498:  template<typename _Tp, std::size_t _Size>
        -: 1499:    struct rank<_Tp[_Size]>
        -: 1500:    : public integral_constant<std::size_t, 1 + rank<_Tp>::value> { };
        -: 1501:
        -: 1502:  template<typename _Tp>
        -: 1503:    struct rank<_Tp[]>
        -: 1504:    : public integral_constant<std::size_t, 1 + rank<_Tp>::value> { };
        -: 1505:#endif
        -: 1506:
        -: 1507:  /// extent
        -: 1508:  template<typename, unsigned _Uint = 0>
        -: 1509:    struct extent
        -: 1510:    : public integral_constant<size_t, 0> { };
        -: 1511:
        -: 1512:  template<typename _Tp, size_t _Size>
        -: 1513:    struct extent<_Tp[_Size], 0>
        -: 1514:    : public integral_constant<size_t, _Size> { };
        -: 1515:
        -: 1516:  template<typename _Tp, unsigned _Uint, size_t _Size>
        -: 1517:    struct extent<_Tp[_Size], _Uint>
        -: 1518:    : public extent<_Tp, _Uint - 1>::type { };
        -: 1519:
        -: 1520:  template<typename _Tp>
        -: 1521:    struct extent<_Tp[], 0>
        -: 1522:    : public integral_constant<size_t, 0> { };
        -: 1523:
        -: 1524:  template<typename _Tp, unsigned _Uint>
        -: 1525:    struct extent<_Tp[], _Uint>
        -: 1526:    : public extent<_Tp, _Uint - 1>::type { };
        -: 1527:
        -: 1528:
        -: 1529:  // Type relations.
        -: 1530:
        -: 1531:  /// is_same
        -: 1532:#if _GLIBCXX_USE_BUILTIN_TRAIT(__is_same)
        -: 1533:  template<typename _Tp, typename _Up>
        -: 1534:    struct is_same
        -: 1535:    : public __bool_constant<__is_same(_Tp, _Up)>
        -: 1536:    { };
        -: 1537:#else
        -: 1538:  template<typename _Tp, typename _Up>
        -: 1539:    struct is_same
        -: 1540:    : public false_type
        -: 1541:    { };
        -: 1542:
        -: 1543:  template<typename _Tp>
        -: 1544:    struct is_same<_Tp, _Tp>
        -: 1545:    : public true_type
        -: 1546:    { };
        -: 1547:#endif
        -: 1548:
        -: 1549:  /// is_base_of
        -: 1550:  template<typename _Base, typename _Derived>
        -: 1551:    struct is_base_of
        -: 1552:    : public __bool_constant<__is_base_of(_Base, _Derived)>
        -: 1553:    { };
        -: 1554:
        -: 1555:#ifdef __cpp_lib_is_virtual_base_of // C++ >= 26
        -: 1556:  /// is_virtual_base_of
        -: 1557:  /// @since C++26
        -: 1558:  template<typename _Base, typename _Derived>
        -: 1559:    struct is_virtual_base_of
        -: 1560:    : public bool_constant<__builtin_is_virtual_base_of(_Base, _Derived)>
        -: 1561:    { };
        -: 1562:#endif
        -: 1563:
        -: 1564:#if _GLIBCXX_USE_BUILTIN_TRAIT(__is_convertible)
        -: 1565:  template<typename _From, typename _To>
        -: 1566:    struct is_convertible
        -: 1567:    : public __bool_constant<__is_convertible(_From, _To)>
        -: 1568:    { };
        -: 1569:#else
        -: 1570:  template<typename _From, typename _To,
        -: 1571:           bool = __or_<is_void<_From>, is_function<_To>,
        -: 1572:                        is_array<_To>>::value>
        -: 1573:    struct __is_convertible_helper
        -: 1574:    {
        -: 1575:      using type = typename is_void<_To>::type;
        -: 1576:    };
        -: 1577:
        -: 1578:#pragma GCC diagnostic push
        -: 1579:#pragma GCC diagnostic ignored "-Wctor-dtor-privacy"
        -: 1580:  template<typename _From, typename _To>
        -: 1581:    class __is_convertible_helper<_From, _To, false>
        -: 1582:    {
        -: 1583:      template<typename _To1>
        -: 1584:	static void __test_aux(_To1) noexcept;
        -: 1585:
        -: 1586:      template<typename _From1, typename _To1,
        -: 1587:	       typename = decltype(__test_aux<_To1>(std::declval<_From1>()))>
        -: 1588:	static true_type
        -: 1589:	__test(int);
        -: 1590:
        -: 1591:      template<typename, typename>
        -: 1592:	static false_type
        -: 1593:	__test(...);
        -: 1594:
        -: 1595:    public:
        -: 1596:      using type = decltype(__test<_From, _To>(0));
        -: 1597:    };
        -: 1598:#pragma GCC diagnostic pop
        -: 1599:
        -: 1600:  /// is_convertible
        -: 1601:  template<typename _From, typename _To>
        -: 1602:    struct is_convertible
        -: 1603:    : public __is_convertible_helper<_From, _To>::type
        -: 1604:    { };
        -: 1605:#endif
        -: 1606:
        -: 1607:  // helper trait for unique_ptr<T[]>, shared_ptr<T[]>, and span<T, N>
        -: 1608:  template<typename _ToElementType, typename _FromElementType>
        -: 1609:    using __is_array_convertible
        -: 1610:      = is_convertible<_FromElementType(*)[], _ToElementType(*)[]>;
        -: 1611:
        -: 1612:#ifdef __cpp_lib_is_nothrow_convertible // C++ >= 20
        -: 1613:
        -: 1614:#if _GLIBCXX_USE_BUILTIN_TRAIT(__is_nothrow_convertible)
        -: 1615:  /// is_nothrow_convertible_v
        -: 1616:  template<typename _From, typename _To>
        -: 1617:    inline constexpr bool is_nothrow_convertible_v
        -: 1618:      = __is_nothrow_convertible(_From, _To);
        -: 1619:
        -: 1620:  /// is_nothrow_convertible
        -: 1621:  template<typename _From, typename _To>
        -: 1622:    struct is_nothrow_convertible
        -: 1623:    : public bool_constant<is_nothrow_convertible_v<_From, _To>>
        -: 1624:    { };
        -: 1625:#else
        -: 1626:  template<typename _From, typename _To,
        -: 1627:           bool = __or_<is_void<_From>, is_function<_To>,
        -: 1628:                        is_array<_To>>::value>
        -: 1629:    struct __is_nt_convertible_helper
        -: 1630:    : is_void<_To>
        -: 1631:    { };
        -: 1632:
        -: 1633:#pragma GCC diagnostic push
        -: 1634:#pragma GCC diagnostic ignored "-Wctor-dtor-privacy"
        -: 1635:  template<typename _From, typename _To>
        -: 1636:    class __is_nt_convertible_helper<_From, _To, false>
        -: 1637:    {
        -: 1638:      template<typename _To1>
        -: 1639:	static void __test_aux(_To1) noexcept;
        -: 1640:
        -: 1641:      template<typename _From1, typename _To1>
        -: 1642:	static
        -: 1643:	__bool_constant<noexcept(__test_aux<_To1>(std::declval<_From1>()))>
        -: 1644:	__test(int);
        -: 1645:
        -: 1646:      template<typename, typename>
        -: 1647:	static false_type
        -: 1648:	__test(...);
        -: 1649:
        -: 1650:    public:
        -: 1651:      using type = decltype(__test<_From, _To>(0));
        -: 1652:    };
        -: 1653:#pragma GCC diagnostic pop
        -: 1654:
        -: 1655:  /// is_nothrow_convertible
        -: 1656:  template<typename _From, typename _To>
        -: 1657:    struct is_nothrow_convertible
        -: 1658:    : public __is_nt_convertible_helper<_From, _To>::type
        -: 1659:    { };
        -: 1660:
        -: 1661:  /// is_nothrow_convertible_v
        -: 1662:  template<typename _From, typename _To>
        -: 1663:    inline constexpr bool is_nothrow_convertible_v
        -: 1664:      = is_nothrow_convertible<_From, _To>::value;
        -: 1665:#endif
        -: 1666:#endif // __cpp_lib_is_nothrow_convertible
        -: 1667:
        -: 1668:#pragma GCC diagnostic push
        -: 1669:#pragma GCC diagnostic ignored "-Wc++14-extensions" // for variable templates
        -: 1670:  template<typename _Tp, typename... _Args>
        -: 1671:    struct __is_nothrow_new_constructible_impl
        -: 1672:    : __bool_constant<
        -: 1673:	noexcept(::new(std::declval<void*>()) _Tp(std::declval<_Args>()...))
        -: 1674:      >
        -: 1675:    { };
        -: 1676:
        -: 1677:  template<typename _Tp, typename... _Args>
        -: 1678:    _GLIBCXX17_INLINE constexpr bool __is_nothrow_new_constructible
        -: 1679:      = __and_<is_constructible<_Tp, _Args...>,
        -: 1680:	       __is_nothrow_new_constructible_impl<_Tp, _Args...>>::value;
        -: 1681:#pragma GCC diagnostic pop
        -: 1682:
        -: 1683:  // Const-volatile modifications.
        -: 1684:
        -: 1685:  /// remove_const
        -: 1686:  template<typename _Tp>
        -: 1687:    struct remove_const
        -: 1688:    { using type = _Tp; };
        -: 1689:
        -: 1690:  template<typename _Tp>
        -: 1691:    struct remove_const<_Tp const>
        -: 1692:    { using type = _Tp; };
        -: 1693:
        -: 1694:  /// remove_volatile
        -: 1695:  template<typename _Tp>
        -: 1696:    struct remove_volatile
        -: 1697:    { using type = _Tp; };
        -: 1698:
        -: 1699:  template<typename _Tp>
        -: 1700:    struct remove_volatile<_Tp volatile>
        -: 1701:    { using type = _Tp; };
        -: 1702:
        -: 1703:  /// remove_cv
        -: 1704:#if _GLIBCXX_USE_BUILTIN_TRAIT(__remove_cv)
        -: 1705:  template<typename _Tp>
        -: 1706:    struct remove_cv
        -: 1707:    { using type = __remove_cv(_Tp); };
        -: 1708:#else
        -: 1709:  template<typename _Tp>
        -: 1710:    struct remove_cv
        -: 1711:    { using type = _Tp; };
        -: 1712:
        -: 1713:  template<typename _Tp>
        -: 1714:    struct remove_cv<const _Tp>
        -: 1715:    { using type = _Tp; };
        -: 1716:
        -: 1717:  template<typename _Tp>
        -: 1718:    struct remove_cv<volatile _Tp>
        -: 1719:    { using type = _Tp; };
        -: 1720:
        -: 1721:  template<typename _Tp>
        -: 1722:    struct remove_cv<const volatile _Tp>
        -: 1723:    { using type = _Tp; };
        -: 1724:#endif
        -: 1725:
        -: 1726:  /// add_const
        -: 1727:  template<typename _Tp>
        -: 1728:    struct add_const
        -: 1729:    { using type = _Tp const; };
        -: 1730:
        -: 1731:  /// add_volatile
        -: 1732:  template<typename _Tp>
        -: 1733:    struct add_volatile
        -: 1734:    { using type = _Tp volatile; };
        -: 1735:
        -: 1736:  /// add_cv
        -: 1737:  template<typename _Tp>
        -: 1738:    struct add_cv
        -: 1739:    { using type = _Tp const volatile; };
        -: 1740:
        -: 1741:#ifdef __cpp_lib_transformation_trait_aliases // C++ >= 14
        -: 1742:  /// Alias template for remove_const
        -: 1743:  template<typename _Tp>
        -: 1744:    using remove_const_t = typename remove_const<_Tp>::type;
        -: 1745:
        -: 1746:  /// Alias template for remove_volatile
        -: 1747:  template<typename _Tp>
        -: 1748:    using remove_volatile_t = typename remove_volatile<_Tp>::type;
        -: 1749:
        -: 1750:  /// Alias template for remove_cv
        -: 1751:  template<typename _Tp>
        -: 1752:    using remove_cv_t = typename remove_cv<_Tp>::type;
        -: 1753:
        -: 1754:  /// Alias template for add_const
        -: 1755:  template<typename _Tp>
        -: 1756:    using add_const_t = typename add_const<_Tp>::type;
        -: 1757:
        -: 1758:  /// Alias template for add_volatile
        -: 1759:  template<typename _Tp>
        -: 1760:    using add_volatile_t = typename add_volatile<_Tp>::type;
        -: 1761:
        -: 1762:  /// Alias template for add_cv
        -: 1763:  template<typename _Tp>
        -: 1764:    using add_cv_t = typename add_cv<_Tp>::type;
        -: 1765:#endif
        -: 1766:
        -: 1767:  // Reference transformations.
        -: 1768:
        -: 1769:  /// remove_reference
        -: 1770:#if _GLIBCXX_USE_BUILTIN_TRAIT(__remove_reference)
        -: 1771:  template<typename _Tp>
        -: 1772:    struct remove_reference
        -: 1773:    { using type = __remove_reference(_Tp); };
        -: 1774:#else
        -: 1775:  template<typename _Tp>
        -: 1776:    struct remove_reference
        -: 1777:    { using type = _Tp; };
        -: 1778:
        -: 1779:  template<typename _Tp>
        -: 1780:    struct remove_reference<_Tp&>
        -: 1781:    { using type = _Tp; };
        -: 1782:
        -: 1783:  template<typename _Tp>
        -: 1784:    struct remove_reference<_Tp&&>
        -: 1785:    { using type = _Tp; };
        -: 1786:#endif
        -: 1787:
        -: 1788:  /// add_lvalue_reference
        -: 1789:  template<typename _Tp>
        -: 1790:    struct add_lvalue_reference
        -: 1791:    { using type = __add_lval_ref_t<_Tp>; };
        -: 1792:
        -: 1793:  /// add_rvalue_reference
        -: 1794:  template<typename _Tp>
        -: 1795:    struct add_rvalue_reference
        -: 1796:    { using type = __add_rval_ref_t<_Tp>; };
        -: 1797:
        -: 1798:#if __cplusplus > 201103L
        -: 1799:  /// Alias template for remove_reference
        -: 1800:  template<typename _Tp>
        -: 1801:    using remove_reference_t = typename remove_reference<_Tp>::type;
        -: 1802:
        -: 1803:  /// Alias template for add_lvalue_reference
        -: 1804:  template<typename _Tp>
        -: 1805:    using add_lvalue_reference_t = typename add_lvalue_reference<_Tp>::type;
        -: 1806:
        -: 1807:  /// Alias template for add_rvalue_reference
        -: 1808:  template<typename _Tp>
        -: 1809:    using add_rvalue_reference_t = typename add_rvalue_reference<_Tp>::type;
        -: 1810:#endif
        -: 1811:
        -: 1812:  // Sign modifications.
        -: 1813:
        -: 1814:  /// @cond undocumented
        -: 1815:
        -: 1816:  // Utility for constructing identically cv-qualified types.
        -: 1817:  template<typename _Unqualified, bool _IsConst, bool _IsVol>
        -: 1818:    struct __cv_selector;
        -: 1819:
        -: 1820:  template<typename _Unqualified>
[...]
        -: 3785:  /// @}
        -: 3786:#endif // __cpp_lib_remove_cvref
        -: 3787:
        -: 3788:#ifdef __cpp_lib_type_identity // C++ >= 20
        -: 3789:  /** * Identity metafunction.
        -: 3790:   * @since C++20
        -: 3791:   * @{
        -: 3792:   */
        -: 3793:  template<typename _Tp>
        -: 3794:    struct type_identity { using type = _Tp; };
        -: 3795:
        -: 3796:  template<typename _Tp>
        -: 3797:    using type_identity_t = typename type_identity<_Tp>::type;
        -: 3798:  /// @}
        -: 3799:#endif
        -: 3800:
        -: 3801:#ifdef __cpp_lib_unwrap_ref // C++ >= 20
        -: 3802:  /** Unwrap a reference_wrapper
        -: 3803:   * @since C++20
        -: 3804:   * @{
        -: 3805:   */
        -: 3806:  template<typename _Tp>
        -: 3807:    struct unwrap_reference { using type = _Tp; };
        -: 3808:
        -: 3809:  template<typename _Tp>
        -: 3810:    struct unwrap_reference<reference_wrapper<_Tp>> { using type = _Tp&; };
        -: 3811:
        -: 3812:  template<typename _Tp>
        -: 3813:    using unwrap_reference_t = typename unwrap_reference<_Tp>::type;
        -: 3814:  /// @}
        -: 3815:
        -: 3816:  /** Decay type and if it's a reference_wrapper, unwrap it
        -: 3817:   * @since C++20
        -: 3818:   * @{
        -: 3819:   */
        -: 3820:  template<typename _Tp>
        -: 3821:    struct unwrap_ref_decay { using type = unwrap_reference_t<decay_t<_Tp>>; };
        -: 3822:
        -: 3823:  template<typename _Tp>
        -: 3824:    using unwrap_ref_decay_t = typename unwrap_ref_decay<_Tp>::type;
        -: 3825:  /// @}
        -: 3826:#endif // __cpp_lib_unwrap_ref
        -: 3827:
        -: 3828:#ifdef __cpp_lib_bounded_array_traits // C++ >= 20
        -: 3829:  /// True for a type that is an array of known bound.
        -: 3830:  /// @ingroup variable_templates
        -: 3831:  /// @since C++20
        -: 3832:# if _GLIBCXX_USE_BUILTIN_TRAIT(__is_bounded_array)
        -: 3833:  template<typename _Tp>
        -: 3834:    inline constexpr bool is_bounded_array_v = __is_bounded_array(_Tp);
        -: 3835:# else
        -: 3836:  template<typename _Tp>
        -: 3837:    inline constexpr bool is_bounded_array_v = false;
        -: 3838:
        -: 3839:  template<typename _Tp, size_t _Size>
        -: 3840:    inline constexpr bool is_bounded_array_v<_Tp[_Size]> = true;
        -: 3841:# endif
        -: 3842:
        -: 3843:  /// True for a type that is an array of unknown bound.
        -: 3844:  /// @ingroup variable_templates
        -: 3845:  /// @since C++20
        -: 3846:# if _GLIBCXX_USE_BUILTIN_TRAIT(__is_unbounded_array)
        -: 3847:  template<typename _Tp>
        -: 3848:    inline constexpr bool is_unbounded_array_v = __is_unbounded_array(_Tp);
        -: 3849:# else
        -: 3850:  template<typename _Tp>
        -: 3851:    inline constexpr bool is_unbounded_array_v = false;
        -: 3852:
        -: 3853:  template<typename _Tp>
        -: 3854:    inline constexpr bool is_unbounded_array_v<_Tp[]> = true;
        -: 3855:# endif
        -: 3856:
        -: 3857:  /// True for a type that is an array of known bound.
        -: 3858:  /// @since C++20
        -: 3859:  template<typename _Tp>
        -: 3860:    struct is_bounded_array
        -: 3861:    : public bool_constant<is_bounded_array_v<_Tp>>
        -: 3862:    { };
        -: 3863:
        -: 3864:  /// True for a type that is an array of unknown bound.
        -: 3865:  /// @since C++20
        -: 3866:  template<typename _Tp>
        -: 3867:    struct is_unbounded_array
        -: 3868:    : public bool_constant<is_unbounded_array_v<_Tp>>
        -: 3869:    { };
        -: 3870:#endif // __cpp_lib_bounded_array_traits
        -: 3871:
        -: 3872:#if __has_builtin(__is_layout_compatible) && __cplusplus >= 202002L
        -: 3873:
        -: 3874:  /// @since C++20
        -: 3875:  template<typename _Tp, typename _Up>
        -: 3876:    struct is_layout_compatible
        -: 3877:    : bool_constant<__is_layout_compatible(_Tp, _Up)>
        -: 3878:    { };
        -: 3879:
        -: 3880:  /// @ingroup variable_templates
        -: 3881:  /// @since C++20
        -: 3882:  template<typename _Tp, typename _Up>
        -: 3883:    constexpr bool is_layout_compatible_v
        -: 3884:      = __is_layout_compatible(_Tp, _Up);
        -: 3885:
        -: 3886:#if __has_builtin(__builtin_is_corresponding_member)
        -: 3887:# ifndef __cpp_lib_is_layout_compatible
        -: 3888:#  error "libstdc++ bug: is_corresponding_member and is_layout_compatible are provided but their FTM is not set"
        -: 3889:# endif
        -: 3890:
        -: 3891:  /// @since C++20
        -: 3892:  template<typename _S1, typename _S2, typename _M1, typename _M2>
        -: 3893:    constexpr bool
        -: 3894:    is_corresponding_member(_M1 _S1::*__m1, _M2 _S2::*__m2) noexcept
        -: 3895:    { return __builtin_is_corresponding_member(__m1, __m2); }
        -: 3896:#endif
        -: 3897:#endif
        -: 3898:
        -: 3899:#if __has_builtin(__is_pointer_interconvertible_base_of) \
        -: 3900:  && __cplusplus >= 202002L
        -: 3901:  /// True if `_Derived` is standard-layout and has a base class of type `_Base`
        -: 3902:  /// @since C++20
        -: 3903:  template<typename _Base, typename _Derived>
        -: 3904:    struct is_pointer_interconvertible_base_of
        -: 3905:    : bool_constant<__is_pointer_interconvertible_base_of(_Base, _Derived)>
        -: 3906:    { };
        -: 3907:
        -: 3908:  /// @ingroup variable_templates
        -: 3909:  /// @since C++20
        -: 3910:  template<typename _Base, typename _Derived>
        -: 3911:    constexpr bool is_pointer_interconvertible_base_of_v
        -: 3912:      = __is_pointer_interconvertible_base_of(_Base, _Derived);
        -: 3913:
        -: 3914:#if __has_builtin(__builtin_is_pointer_interconvertible_with_class)
        -: 3915:# ifndef __cpp_lib_is_pointer_interconvertible
        -: 3916:#  error "libstdc++ bug: is_pointer_interconvertible available but FTM is not set"
        -: 3917:# endif
        -: 3918:
        -: 3919:  /// True if `__mp` points to the first member of a standard-layout type
        -: 3920:  /// @returns true if `s.*__mp` is pointer-interconvertible with `s`
        -: 3921:  /// @since C++20
        -: 3922:  template<typename _Tp, typename _Mem>
        -: 3923:    constexpr bool
        -: 3924:    is_pointer_interconvertible_with_class(_Mem _Tp::*__mp) noexcept
        -: 3925:    { return __builtin_is_pointer_interconvertible_with_class(__mp); }
        -: 3926:#endif
        -: 3927:#endif
        -: 3928:
        -: 3929:#ifdef __cpp_lib_is_scoped_enum // C++ >= 23
        -: 3930:  /// True if the type is a scoped enumeration type.
        -: 3931:  /// @since C++23
        -: 3932:
        -: 3933:# if _GLIBCXX_USE_BUILTIN_TRAIT(__is_scoped_enum)
        -: 3934:  template<typename _Tp>
        -: 3935:    struct is_scoped_enum
        -: 3936:    : bool_constant<__is_scoped_enum(_Tp)>
        -: 3937:    { };
        -: 3938:# else
        -: 3939:  template<typename _Tp>
        -: 3940:    struct is_scoped_enum
        -: 3941:    : false_type
        -: 3942:    { };
        -: 3943:
        -: 3944:  template<typename _Tp>
        -: 3945:    requires __is_enum(_Tp)
        -: 3946:    && requires(remove_cv_t<_Tp> __t) { __t = __t; } // fails if incomplete
        -: 3947:    struct is_scoped_enum<_Tp>
        -: 3948:    : bool_constant<!requires(_Tp __t, void(*__f)(int)) { __f(__t); }>
        -: 3949:    { };
        -: 3950:# endif
        -: 3951:
        -: 3952:  /// @ingroup variable_templates
        -: 3953:  /// @since C++23
        -: 3954:# if _GLIBCXX_USE_BUILTIN_TRAIT(__is_scoped_enum)
        -: 3955:  template<typename _Tp>
        -: 3956:    inline constexpr bool is_scoped_enum_v = __is_scoped_enum(_Tp);
        -: 3957:# else
        -: 3958:  template<typename _Tp>
        -: 3959:    inline constexpr bool is_scoped_enum_v = is_scoped_enum<_Tp>::value;
        -: 3960:# endif
        -: 3961:#endif
        -: 3962:
        -: 3963:#ifdef __cpp_lib_reference_from_temporary // C++ >= 23 && ref_{converts,constructs}_from_temp
        -: 3964:  /// True if _Tp is a reference type, a _Up value can be bound to _Tp in
        -: 3965:  /// direct-initialization, and a temporary object would be bound to
        -: 3966:  /// the reference, false otherwise.
        -: 3967:  /// @since C++23
        -: 3968:  template<typename _Tp, typename _Up>
        -: 3969:    struct reference_constructs_from_temporary
        -: 3970:    : public bool_constant<__reference_constructs_from_temporary(_Tp, _Up)>
        -: 3971:    {
        -: 3972:      static_assert(std::__is_complete_or_unbounded(__type_identity<_Tp>{})
        -: 3973:		    && std::__is_complete_or_unbounded(__type_identity<_Up>{}),
        -: 3974:	"template argument must be a complete class or an unbounded array");
        -: 3975:    };
        -: 3976:
        -: 3977:  /// True if _Tp is a reference type, a _Up value can be bound to _Tp in
        -: 3978:  /// copy-initialization, and a temporary object would be bound to
        -: 3979:  /// the reference, false otherwise.
        -: 3980:  /// @since C++23
        -: 3981:  template<typename _Tp, typename _Up>
        -: 3982:    struct reference_converts_from_temporary
        -: 3983:    : public bool_constant<__reference_converts_from_temporary(_Tp, _Up)>
        -: 3984:    {
        -: 3985:      static_assert(std::__is_complete_or_unbounded(__type_identity<_Tp>{})
        -: 3986:		    && std::__is_complete_or_unbounded(__type_identity<_Up>{}),
        -: 3987:	"template argument must be a complete class or an unbounded array");
        -: 3988:    };
        -: 3989:
        -: 3990:  /// @ingroup variable_templates
        -: 3991:  /// @since C++23
        -: 3992:  template<typename _Tp, typename _Up>
        -: 3993:    inline constexpr bool reference_constructs_from_temporary_v
        -: 3994:      = reference_constructs_from_temporary<_Tp, _Up>::value;
        -: 3995:
        -: 3996:  /// @ingroup variable_templates
        -: 3997:  /// @since C++23
        -: 3998:  template<typename _Tp, typename _Up>
        -: 3999:    inline constexpr bool reference_converts_from_temporary_v
        -: 4000:      = reference_converts_from_temporary<_Tp, _Up>::value;
        -: 4001:#endif // __cpp_lib_reference_from_temporary
        -: 4002:
        -: 4003:#ifdef __cpp_lib_is_constant_evaluated // C++ >= 20 && HAVE_IS_CONST_EVAL
        -: 4004:  /// Returns true only when called during constant evaluation.
        -: 4005:  /// @since C++20
        -: 4006:  constexpr inline bool
    #####: 4007:  is_constant_evaluated() noexcept
        -: 4008:  {
        -: 4009:#if __cpp_if_consteval >= 202106L
    #####: 4010:    if consteval { return true; } else { return false; }
        -: 4011:#else
        -: 4012:    return __builtin_is_constant_evaluated();
        -: 4013:#endif
        -: 4014:  }
        -: 4015:#endif
        -: 4016:
        -: 4017:#if __cplusplus >= 202002L
        -: 4018:  /// @cond undocumented
        -: 4019:  template<typename _From, typename _To>
        -: 4020:    using __copy_cv = typename __match_cv_qualifiers<_From, _To>::__type;
        -: 4021:
        -: 4022:  template<typename _Xp, typename _Yp>
        -: 4023:    using __cond_res
        -: 4024:      = decltype(false ? declval<_Xp(&)()>()() : declval<_Yp(&)()>()());
        -: 4025:
        -: 4026:  template<typename _Ap, typename _Bp, typename = void>
        -: 4027:    struct __common_ref_impl
        -: 4028:    { };
        -: 4029:
        -: 4030:  // [meta.trans.other], COMMON-REF(A, B)
        -: 4031:  template<typename _Ap, typename _Bp>
        -: 4032:    using __common_ref = typename __common_ref_impl<_Ap, _Bp>::type;
        -: 4033:
        -: 4034:  // COND-RES(COPYCV(X, Y) &, COPYCV(Y, X) &)
        -: 4035:  template<typename _Xp, typename _Yp>
        -: 4036:    using __condres_cvref
        -: 4037:      = __cond_res<__copy_cv<_Xp, _Yp>&, __copy_cv<_Yp, _Xp>&>;
        -: 4038:
        -: 4039:  // If A and B are both lvalue reference types, ...
        -: 4040:  template<typename _Xp, typename _Yp>
        -: 4041:    struct __common_ref_impl<_Xp&, _Yp&, __void_t<__condres_cvref<_Xp, _Yp>>>
        -: 4042:    : enable_if<is_reference_v<__condres_cvref<_Xp, _Yp>>,
        -: 4043:		__condres_cvref<_Xp, _Yp>>
        -: 4044:    { };
        -: 4045:
        -: 4046:  // let C be remove_reference_t<COMMON-REF(X&, Y&)>&&
        -: 4047:  template<typename _Xp, typename _Yp>
        -: 4048:    using __common_ref_C = remove_reference_t<__common_ref<_Xp&, _Yp&>>&&;
        -: 4049:
        -: 4050:  // If A and B are both rvalue reference types, ...
        -: 4051:  template<typename _Xp, typename _Yp>
        -: 4052:    struct __common_ref_impl<_Xp&&, _Yp&&,
        -: 4053:      _Require<is_convertible<_Xp&&, __common_ref_C<_Xp, _Yp>>,
        -: 4054:	       is_convertible<_Yp&&, __common_ref_C<_Xp, _Yp>>>>
        -: 4055:    { using type = __common_ref_C<_Xp, _Yp>; };
        -: 4056:
        -: 4057:  // let D be COMMON-REF(const X&, Y&)
        -: 4058:  template<typename _Xp, typename _Yp>
        -: 4059:    using __common_ref_D = __common_ref<const _Xp&, _Yp&>;
        -: 4060:
        -: 4061:  // If A is an rvalue reference and B is an lvalue reference, ...
        -: 4062:  template<typename _Xp, typename _Yp>
        -: 4063:    struct __common_ref_impl<_Xp&&, _Yp&,
        -: 4064:      _Require<is_convertible<_Xp&&, __common_ref_D<_Xp, _Yp>>>>
        -: 4065:    { using type = __common_ref_D<_Xp, _Yp>; };
        -: 4066:
        -: 4067:  // If A is an lvalue reference and B is an rvalue reference, ...
        -: 4068:  template<typename _Xp, typename _Yp>
        -: 4069:    struct __common_ref_impl<_Xp&, _Yp&&>
        -: 4070:    : __common_ref_impl<_Yp&&, _Xp&>
        -: 4071:    { };
        -: 4072:  /// @endcond
        -: 4073:
        -: 4074:  template<typename _Tp, typename _Up,
        -: 4075:	   template<typename> class _TQual, template<typename> class _UQual>
        -: 4076:    struct basic_common_reference
        -: 4077:    { };
        -: 4078:
        -: 4079:  /// @cond undocumented
        -: 4080:  template<typename _Tp>
        -: 4081:    struct __xref
        -: 4082:    { template<typename _Up> using __type = __copy_cv<_Tp, _Up>; };
        -: 4083:
        -: 4084:  template<typename _Tp>
        -: 4085:    struct __xref<_Tp&>
        -: 4086:    { template<typename _Up> using __type = __copy_cv<_Tp, _Up>&; };
        -: 4087:
        -: 4088:  template<typename _Tp>
        -: 4089:    struct __xref<_Tp&&>
        -: 4090:    { template<typename _Up> using __type = __copy_cv<_Tp, _Up>&&; };
        -: 4091:
        -: 4092:  template<typename _Tp1, typename _Tp2>
        -: 4093:    using __basic_common_ref
        -: 4094:      = typename basic_common_reference<remove_cvref_t<_Tp1>,
        -: 4095:					remove_cvref_t<_Tp2>,
        -: 4096:					__xref<_Tp1>::template __type,
        -: 4097:					__xref<_Tp2>::template __type>::type;
        -: 4098:  /// @endcond
        -: 4099:
        -: 4100:  template<typename... _Tp>
        -: 4101:    struct common_reference;
        -: 4102:
        -: 4103:  template<typename... _Tp>
        -: 4104:    using common_reference_t = typename common_reference<_Tp...>::type;
        -: 4105:
        -: 4106:  // If sizeof...(T) is zero, there shall be no member type.
        -: 4107:  template<>
        -: 4108:    struct common_reference<>
        -: 4109:    { };
        -: 4110:
        -: 4111:  // If sizeof...(T) is one ...
        -: 4112:  template<typename _Tp0>
        -: 4113:    struct common_reference<_Tp0>
        -: 4114:    { using type = _Tp0; };
        -: 4115:
        -: 4116:  /// @cond undocumented
        -: 4117:  template<typename _Tp1, typename _Tp2, int _Bullet = 1>
        -: 4118:    struct __common_reference_impl
        -: 4119:    : __common_reference_impl<_Tp1, _Tp2, _Bullet + 1>
        -: 4120:    { };
        -: 4121:
        -: 4122:  // If sizeof...(T) is two ...
        -: 4123:  template<typename _Tp1, typename _Tp2>
        -: 4124:    struct common_reference<_Tp1, _Tp2>
        -: 4125:    : __common_reference_impl<_Tp1, _Tp2>
        -: 4126:    { };
        -: 4127:
        -: 4128:  // If T1 and T2 are reference types and COMMON-REF(T1, T2) is well-formed, ...
        -: 4129:  template<typename _Tp1, typename _Tp2>
        -: 4130:    requires is_reference_v<_Tp1> && is_reference_v<_Tp2>
        -: 4131:      && requires { typename __common_ref<_Tp1, _Tp2>; }
        -: 4132:#if __cpp_lib_common_reference // C++ >= 20
        -: 4133:      && is_convertible_v<add_pointer_t<_Tp1>,
        -: 4134:			  add_pointer_t<__common_ref<_Tp1, _Tp2>>>
        -: 4135:      && is_convertible_v<add_pointer_t<_Tp2>,
        -: 4136:			  add_pointer_t<__common_ref<_Tp1, _Tp2>>>
        -: 4137:#endif
        -: 4138:    struct __common_reference_impl<_Tp1, _Tp2, 1>
        -: 4139:    { using type = __common_ref<_Tp1, _Tp2>; };
        -: 4140:
        -: 4141:  // Otherwise, if basic_common_reference<...>::type is well-formed, ...
        -: 4142:  template<typename _Tp1, typename _Tp2>
        -: 4143:    requires requires { typename __basic_common_ref<_Tp1, _Tp2>; }
        -: 4144:    struct __common_reference_impl<_Tp1, _Tp2, 2>
        -: 4145:    { using type = __basic_common_ref<_Tp1, _Tp2>; };
        -: 4146:
        -: 4147:  // Otherwise, if COND-RES(T1, T2) is well-formed, ...
        -: 4148:  template<typename _Tp1, typename _Tp2>
        -: 4149:    requires requires { typename __cond_res<_Tp1, _Tp2>; }
        -: 4150:    struct __common_reference_impl<_Tp1, _Tp2, 3>
        -: 4151:    { using type = __cond_res<_Tp1, _Tp2>; };
        -: 4152:
        -: 4153:  // Otherwise, if common_type_t<T1, T2> is well-formed, ...
        -: 4154:  template<typename _Tp1, typename _Tp2>
        -: 4155:    requires requires { typename common_type_t<_Tp1, _Tp2>; }
        -: 4156:    struct __common_reference_impl<_Tp1, _Tp2, 4>
        -: 4157:    { using type = common_type_t<_Tp1, _Tp2>; };
        -: 4158:
        -: 4159:  // Otherwise, there shall be no member type.
        -: 4160:  template<typename _Tp1, typename _Tp2>
        -: 4161:    struct __common_reference_impl<_Tp1, _Tp2, 5>
        -: 4162:    { };
        -: 4163:
        -: 4164:  // Otherwise, if sizeof...(T) is greater than two, ...
        -: 4165:  template<typename _Tp1, typename _Tp2, typename... _Rest>
        -: 4166:    struct common_reference<_Tp1, _Tp2, _Rest...>
        -: 4167:    : __common_type_fold<common_reference<_Tp1, _Tp2>,
        -: 4168:			 __common_type_pack<_Rest...>>
        -: 4169:    { };
        -: 4170:
        -: 4171:  // Reuse __common_type_fold for common_reference<T1, T2, Rest...>
        -: 4172:  template<typename _Tp1, typename _Tp2, typename... _Rest>
        -: 4173:    struct __common_type_fold<common_reference<_Tp1, _Tp2>,
        -: 4174:			      __common_type_pack<_Rest...>,
        -: 4175:			      void_t<common_reference_t<_Tp1, _Tp2>>>
        -: 4176:    : public common_reference<common_reference_t<_Tp1, _Tp2>, _Rest...>
        -: 4177:    { };
        -: 4178:  /// @endcond
        -: 4179:
        -: 4180:#endif // C++20
        -: 4181:
        -: 4182:  /// @} group metaprogramming
        -: 4183:
        -: 4184:_GLIBCXX_END_NAMESPACE_VERSION
        -: 4185:} // namespace std
        -: 4186:} // extern "C++"
        -: 4187:
        -: 4188:#endif  // C++11
        -: 4189:
        -: 4190:#endif  // _GLIBCXX_TYPE_TRAITS
